
Sat Aug 29 2015 00:36:20 GMT-0400 (EDT)

Operating System
  Name                        = Mac OS X
  Version                     = 10.10.5
  Architecture                = 64bit
  # CPUs                      = 8
  Memory                      = 8589934592

Node.js
  Node.js Version             = 0.10.13
  npm Version                 = 1.3.2

Titanium CLI
  CLI Version                 = 4.0.1

Titanium SDK
  SDK Version                 = 4.1.0.GA
  SDK Path                    = /Users/aboynton/Library/Application Support/Titanium/mobilesdk/osx/4.1.0.GA
  Target Platform             = android

Command
  /usr/local/bin/node /Users/aboynton/.appcelerator/install/4.1.2/package/node_modules/appc-cli-titanium/node_modules/titanium/bin/titanium build --platform android --log-level trace --sdk 4.1.0.GA --project-dir /Users/aboynton/Desktop/AVF1508/Week3Project --target emulator --android-sdk /Users/aboynton/Library/Android/sdk --device-id Samsung Galaxy S5 - 4.4.4 --skip-js-minify --liveview --deploy-type development --no-colors --no-progress-bars --no-prompt --prompt-type socket-bundle --prompt-port 50108 --plugin-paths /Users/aboynton/.appcelerator/install/4.1.2/package/node_modules --config-file /var/folders/ng/wpzg_lm131z1tf4pkhdtnyyw0000gn/T/build-1440822975146.json --no-banner

[DEBUG]  Detecting modules in /Users/aboynton/Library/Application Support/Titanium/modules
[DEBUG]  Detected android module: com.appcelerator.apm 1.1.1 @ /Users/aboynton/Library/Application Support/Titanium/modules/android/com.appcelerator.apm/1.1.1
[DEBUG]  Detected android module: facebook 3.0.2 @ /Users/aboynton/Library/Application Support/Titanium/modules/android/facebook/3.0.2
[DEBUG]  Detected android module: facebook 3.0.3 @ /Users/aboynton/Library/Application Support/Titanium/modules/android/facebook/3.0.3
[DEBUG]  Detected android module: facebook 4.0.5 @ /Users/aboynton/Library/Application Support/Titanium/modules/android/facebook/4.0.5
[DEBUG]  Detected android module: ti.cloudpush 3.3.0 @ /Users/aboynton/Library/Application Support/Titanium/modules/android/ti.cloudpush/3.3.0
[DEBUG]  Detected android module: ti.cloudpush 3.3.4 @ /Users/aboynton/Library/Application Support/Titanium/modules/android/ti.cloudpush/3.3.4
[DEBUG]  Detected android module: ti.cloudpush 3.3.7 @ /Users/aboynton/Library/Application Support/Titanium/modules/android/ti.cloudpush/3.3.7
[DEBUG]  Detected android module: ti.cloudpush 3.3.8 @ /Users/aboynton/Library/Application Support/Titanium/modules/android/ti.cloudpush/3.3.8
[DEBUG]  Detected android module: ti.map 2.1.4 @ /Users/aboynton/Library/Application Support/Titanium/modules/android/ti.map/2.1.4
[DEBUG]  Detected android module: ti.map 2.2.2 @ /Users/aboynton/Library/Application Support/Titanium/modules/android/ti.map/2.2.2
[DEBUG]  Detected android module: ti.map 2.2.3 @ /Users/aboynton/Library/Application Support/Titanium/modules/android/ti.map/2.2.3
[DEBUG]  Detected android module: ti.map 2.3.1 @ /Users/aboynton/Library/Application Support/Titanium/modules/android/ti.map/2.3.1
[DEBUG]  Detected commonjs module: ti.cloud 3.2.5 @ /Users/aboynton/Library/Application Support/Titanium/modules/commonjs/ti.cloud/3.2.5
[DEBUG]  Detected commonjs module: ti.cloud 3.2.7 @ /Users/aboynton/Library/Application Support/Titanium/modules/commonjs/ti.cloud/3.2.7
[DEBUG]  Detected commonjs module: ti.cloud 3.2.9 @ /Users/aboynton/Library/Application Support/Titanium/modules/commonjs/ti.cloud/3.2.9
[DEBUG]  Detected iphone module: com.appcelerator.apm 1.1.1 @ /Users/aboynton/Library/Application Support/Titanium/modules/iphone/com.appcelerator.apm/1.1.1
[DEBUG]  Detected iphone module: com.appcelerator.urlSession 1.0.1 @ /Users/aboynton/Library/Application Support/Titanium/modules/iphone/com.appcelerator.urlSession/1.0.1
[DEBUG]  Detected iphone module: com.appcelerator.urlSession 1.1.0 @ /Users/aboynton/Library/Application Support/Titanium/modules/iphone/com.appcelerator.urlSession/1.1.0
[DEBUG]  Detected iphone module: com.appcelerator.urlSession 1.1.1 @ /Users/aboynton/Library/Application Support/Titanium/modules/iphone/com.appcelerator.urlSession/1.1.1
[DEBUG]  Detected iphone module: facebook 3.1.1 @ /Users/aboynton/Library/Application Support/Titanium/modules/iphone/facebook/3.1.1
[DEBUG]  Detected iphone module: facebook 3.2.0 @ /Users/aboynton/Library/Application Support/Titanium/modules/iphone/facebook/3.2.0
[DEBUG]  Detected iphone module: facebook 4.0.5 @ /Users/aboynton/Library/Application Support/Titanium/modules/iphone/facebook/4.0.5
[DEBUG]  Detected iphone module: ti.coremotion 1.0.1 @ /Users/aboynton/Library/Application Support/Titanium/modules/iphone/ti.coremotion/1.0.1
[DEBUG]  Detected iphone module: ti.coremotion 1.1.0 @ /Users/aboynton/Library/Application Support/Titanium/modules/iphone/ti.coremotion/1.1.0
[DEBUG]  Detected iphone module: ti.map 2.0.4 @ /Users/aboynton/Library/Application Support/Titanium/modules/iphone/ti.map/2.0.4
[DEBUG]  Detected iphone module: ti.map 2.2.0 @ /Users/aboynton/Library/Application Support/Titanium/modules/iphone/ti.map/2.2.0
[DEBUG]  Detected iphone module: ti.map 2.3.1 @ /Users/aboynton/Library/Application Support/Titanium/modules/iphone/ti.map/2.3.1
[DEBUG]  Detected iphone module: ti.touchid 1.0 @ /Users/aboynton/Library/Application Support/Titanium/modules/iphone/ti.touchid/1.0
[DEBUG]  Detected iphone module: ti.touchid 1.1.0 @ /Users/aboynton/Library/Application Support/Titanium/modules/iphone/ti.touchid/1.1.0
[DEBUG]  Looking for Titanium module id=ti.cloud version=latest platform=commonjs deploy-type=development
[INFO]   Found Titanium module id=ti.cloud version=3.2.9 platform=commonjs deploy-type=development path=/Users/aboynton/Library/Application Support/Titanium/modules/commonjs/ti.cloud/3.2.9
[DEBUG]  No project level plugins to load
[DEBUG]  Titanium SDK Android directory: /Users/aboynton/Library/Application Support/Titanium/mobilesdk/osx/4.1.0.GA/android
[INFO]   Deploy type: development
[INFO]   Building for target: emulator
[INFO]   Building for emulator: Samsung Galaxy S5 - 4.4.4
[INFO]   Targeting Android SDK: 22
[INFO]   Building for the following architectures: armeabi, armeabi-v7a, x86
[INFO]   Signing with keystore: /Users/aboynton/Library/Application Support/Titanium/mobilesdk/osx/4.1.0.GA/android/dev_keystore (tidev)
[DEBUG]  App ID: edu.fullsail.Week3Project
[DEBUG]  Classname: Week3project
[INFO]   Debugging disabled
[INFO]   Profiler disabled
[INFO]   Forcing rebuild: /Users/aboynton/Desktop/AVF1508/Week3Project/build/android/build-manifest.json does not exist
[INFO]   Launching emulator: Samsung Galaxy S5 - 4.4.4
[TRACE]  Starting emulator: Samsung Galaxy S5 - 4.4.4
[TRACE]  Checking if emulator Samsung Galaxy S5 - 4.4.4 is running...
[TRACE]  Detecting if Samsung Galaxy S5 - 4.4.4 exists...
[TRACE]  Found 3 emulators
[TRACE]  Emulator exists, detecting all running emulators and connected devices...
[TRACE]  Detected 0 running emulators and connected devices
[TRACE]  Emulator not running, detecting running emulators
[TRACE]  Found 3 emulators
[TRACE]  Starting the emulator...
[INFO]   Running: /Applications/Genymotion.app/Contents/MacOS/player --vm-name "Samsung Galaxy S5 - 4.4.4"
[TRACE]  Emulator is starting, monitoring boot state...
[TRACE]  Checking the boot state for the next 240000 ms
[TRACE]  Waiting for emulator to register with ADB
[TRACE]  Emulator process started
[TRACE]  offline build file /var/folders/ng/wpzg_lm131z1tf4pkhdtnyyw0000gn/T/build-5b9f63954d73e6eb172f5fd427edc5997558b1c1.json
[TRACE]  No devices found, continuing to wait
[TRACE]  online 1
[TRACE]  sending request {"json":{"username":"aboynton@fullsail.edu","session":"16210c06877b5e8aa84de39f627c86bc9277da99 wuzAKgaln73OkJserZQSaohtRNbpuypP9CYiEjSwR4uzmKLl7ad8kctKiMaJa6nMyhsRRy2U00m3YoGfW0G29l2YJHvub1mBO0uYgt3MnRziiXgwBbYxSxx/2n6+20DvIS98oYN/EFBujPz/cRTr1Dc5PqgGym3oCqoyAHeI+5nhTYvnR/d9kaS+HG9GQsMPJ/E9MwP8GAUeViqjRSia9L0sTsl3CrRnZfe4SKfxq+Dr9P2z3+kwuBDcV8jeXUctPzb8y3GWuCLGlCzs+XfNSQaUWz9CeSBtrwiyzryGSiG3/EZDKS5FpxF91ExZFGW41k0BHM3jV4WWD+EBk0UoOIPLp2kmhv/DarQ/EXSO2KOf8Sb56f6pn0SA7QJzSwhqM1PoTeE+T+mDQS7r0oCgbWZM7FijKFU8bT103dY0GPlkvBAopUi12YlFGcq/YQIdmJWPuIoWWyI+awbSCdpOgiXhQAPzb82ktO+sho4MA2Mk30wSE3luDB3idZZsClLakjTS5SrxqQaKj7Ipx9DIZpQ42ePbmy4FJ9iXosETZjOZG/KiBJ2/YB+ZjZ4u7oCFHbeJ7UUVTXnnx80ZAnyPaLXzDPUszvwnqMp1TePPyEnNBvJIS0viIFFbYOLM9lQOSYb/Msly7smCnbpbANriuexlBJCz+OqTk6b7UDulMltmPdxhTKA3M7iwsF4SfKyKO3pNeWpB+ncc6N86ZcxPRdCq3yLvMrUQgb25YKzDJMdI3luKRi1xgzjgXUR6JETQXSjq7Ix6oHoyqU36Ox9I/q69SgnJbOsytFcFDBXVtV8=","ipaddress":"192.168.1.7","fingerprint":"389dda3157753a35e1ffefdb30c447bfee725f30","fingerprint_description":"Mac OSX Serial Number: C02MW2Q4FD58","guid":"a81ed37c-8671-4bde-9444-00160327f4d2","appid":"edu.fullsail.Week3Project","name":"Week3Project","org_id":100039098,"deploytype":"development","tiappxml":"<?xml version=\"1.0\" encoding=\"UTF-8\"?>\n<ti:app \n  xmlns:ti=\"http://ti.appcelerator.org\">\n  <id>edu.fullsail.Week3Project</id>\n  <name>Week3Project</name>\n  <version>1.0</version>\n  <publisher>aboynton</publisher>\n  <url>http://www.mysite.com</url>\n  <description>undefined</description>\n  <copyright>2015 by aboynton</copyright>\n  <icon>appicon.png</icon>\n  <fullscreen>false</fullscreen>\n  <navbar-hidden>true</navbar-hidden>\n  <analytics>true</analytics>\n  <guid>a81ed37c-8671-4bde-9444-00160327f4d2</guid>\n  <property name=\"ti.ui.defaultunit\" type=\"string\">dp</property>\n  <ios>\n    <plist>\n      <dict>\n        <key>NSLocationAlwaysUsageDescription</key>\n        <string>This Utility application needs your Location to gather data.</string>\n        <key>UISupportedInterfaceOrientations~iphone</key>\n        <array>\n          <string>UIInterfaceOrientationPortrait</string>\n        </array>\n        <key>UISupportedInterfaceOrientations~ipad</key>\n        <array>\n          <string>UIInterfaceOrientationPortrait</string>\n          <string>UIInterfaceOrientationPortraitUpsideDown</string>\n          <string>UIInterfaceOrientationLandscapeLeft</string>\n          <string>UIInterfaceOrientationLandscapeRight</string>\n        </array>\n        <key>UIRequiresPersistentWiFi</key>\n        <false/>\n        <key>UIPrerenderedIcon</key>\n        <false/>\n        <key>UIStatusBarHidden</key>\n        <false/>\n        <key>UIStatusBarStyle</key>\n        <string>UIStatusBarStyleDefault</string>\n      </dict>\n    </plist>\n  </ios>\n  <android \n    xmlns:android=\"http://schemas.android.com/apk/res/android\"/>\n    <mobileweb>\n      <precache/>\n      <splash>\n        <enabled>true</enabled>\n        <inline-css-images>true</inline-css-images>\n      </splash>\n      <theme>default</theme>\n    </mobileweb>\n    <modules>\n      <module platform=\"commonjs\">ti.cloud</module>\n    </modules>\n    <deployment-targets>\n      <target device=\"android\">true</target>\n      <target device=\"ipad\">true</target>\n      <target device=\"iphone\">true</target>\n      <target device=\"mobileweb\">false</target>\n      <target device=\"windows\">false</target>\n    </deployment-targets>\n    <sdk-version>4.1.0.GA</sdk-version>\n    <property name=\"appc-app-id\" type=\"string\">55dbd63ae4fa64fe4feb86ee</property>\n    <property name=\"acs-authbase-url-development\" type=\"string\">***</property>\n    <property name=\"acs-base-url-development\" type=\"string\">***</property>\n    <property name=\"acs-oauth-secret-development\" type=\"string\">***</property>\n    <property name=\"acs-oauth-key-development\" type=\"string\">***</property>\n    <property name=\"acs-api-key-development\" type=\"string\">***</property>\n    <property name=\"acs-username-development\" type=\"string\">***</property>\n    <property name=\"acs-password-development\" type=\"string\">***</property>\n    <property name=\"acs-authbase-url-production\" type=\"string\">***</property>\n    <property name=\"acs-base-url-production\" type=\"string\">***</property>\n    <property name=\"acs-oauth-secret-production\" type=\"string\">***</property>\n    <property name=\"acs-oauth-key-production\" type=\"string\">***</property>\n    <property name=\"acs-api-key-production\" type=\"string\">***</property>\n    <property name=\"acs-username-production\" type=\"string\">***</property>\n    <property name=\"acs-password-production\" type=\"string\">***</property>\n    <property name=\"appc-org-id\" type=\"string\">100039098</property>\n    <property name=\"appc-creator-user-id\" type=\"string\">23d731c8-74c2-4310-a37f-38923187abd1</property>\n  </ti:app>","modules":[{"id":"ti.cloud","platform":["commonjs"],"deployType":["development"],"modulePath":"/Users/aboynton/Library/Application Support/Titanium/modules/commonjs/ti.cloud/3.2.9","version":"3.2.9","manifest":{"version":"3.2.9","description":"Appcelerator Cloud Services","author":"Dawson Toth, Jeff English, Jon Alter, Paul Lv, Michael Goff, and Pedro Enrique","license":"Appcelerator Commercial License","copyright":"Copyright (c) 2011-2014 by Appcelerator,  Inc.","name":"ti.cloud","moduleid":"ti.cloud","guid":"1056b5d2-2bb5-4339-b930-297637aeec4e","platform":"commonjs","minsdk":"2.1.0"},"native":false,"libFile":"/Users/aboynton/Library/Application Support/Titanium/modules/commonjs/ti.cloud/3.2.9/ti.cloud.js"}]},"gzip":true,"followAllRedirects":true,"url":"https://security.appcelerator.com/build-verify"}
[TRACE]  result from /build-verify=> {"key":"eQN1qbC5nm9qVAO6x1OKtg==","pepper":"iLvqHb2eEBC/GWxggqLllQ==","hmacKey":"CH5I98Rf0aWRtvY8ua3wIw==","o":100039098,"u":"23d731c8-74c2-4310-a37f-38923187abd1","p":"free","i":"55e136c6d12d0b0be3914ff3","success":true}, err=null
[INFO]   JavaScript files need to be encrypted
[DEBUG]  Ignoring /Users/aboynton/Desktop/AVF1508/Week3Project/Resources/.DS_Store
[DEBUG]  Symlinking /Users/aboynton/Desktop/AVF1508/Week3Project/Resources/KS_nav_ui.png => /Users/aboynton/Desktop/AVF1508/Week3Project/build/android/bin/assets/Resources/KS_nav_ui.png
[DEBUG]  Symlinking /Users/aboynton/Desktop/AVF1508/Week3Project/Resources/KS_nav_views.png => /Users/aboynton/Desktop/AVF1508/Week3Project/build/android/bin/assets/Resources/KS_nav_views.png
[DEBUG]  Ignoring /Users/aboynton/Desktop/AVF1508/Week3Project/Resources/android
[DEBUG]  Ignoring /Users/aboynton/Desktop/AVF1508/Week3Project/Resources/images/.DS_Store
[DEBUG]  Symlinking /Users/aboynton/Desktop/AVF1508/Week3Project/Resources/images/BMW_fix.jpg => /Users/aboynton/Desktop/AVF1508/Week3Project/build/android/bin/assets/Resources/images/BMW_fix.jpg
[DEBUG]  Symlinking /Users/aboynton/Desktop/AVF1508/Week3Project/Resources/images/Engine.png => /Users/aboynton/Desktop/AVF1508/Week3Project/build/android/bin/assets/Resources/images/Engine.png
[DEBUG]  Symlinking /Users/aboynton/Desktop/AVF1508/Week3Project/Resources/images/Infiniti.jpg => /Users/aboynton/Desktop/AVF1508/Week3Project/build/android/bin/assets/Resources/images/Infiniti.jpg
[DEBUG]  Symlinking /Users/aboynton/Desktop/AVF1508/Week3Project/Resources/images/Infiniti_1.JPG => /Users/aboynton/Desktop/AVF1508/Week3Project/build/android/bin/assets/Resources/images/Infiniti_1.JPG
[DEBUG]  Symlinking /Users/aboynton/Desktop/AVF1508/Week3Project/Resources/images/Infiniti_engine.jpg => /Users/aboynton/Desktop/AVF1508/Week3Project/build/android/bin/assets/Resources/images/Infiniti_engine.jpg
[DEBUG]  Symlinking /Users/aboynton/Desktop/AVF1508/Week3Project/Resources/images/car.9.png => /Users/aboynton/Desktop/AVF1508/Week3Project/build/android/bin/assets/Resources/images/car.9.png
[DEBUG]  Symlinking /Users/aboynton/Desktop/AVF1508/Week3Project/Resources/images/repair_icon.jpeg => /Users/aboynton/Desktop/AVF1508/Week3Project/build/android/bin/assets/Resources/images/repair_icon.jpeg
[DEBUG]  Symlinking /Users/aboynton/Desktop/AVF1508/Week3Project/Resources/images/shop1.jpg => /Users/aboynton/Desktop/AVF1508/Week3Project/build/android/bin/assets/Resources/images/shop1.jpg
[DEBUG]  Symlinking /Users/aboynton/Desktop/AVF1508/Week3Project/Resources/images/skidmarks.jpg => /Users/aboynton/Desktop/AVF1508/Week3Project/build/android/bin/assets/Resources/images/skidmarks.jpg
[DEBUG]  Symlinking /Users/aboynton/Desktop/AVF1508/Week3Project/Resources/images/skids.jpeg => /Users/aboynton/Desktop/AVF1508/Week3Project/build/android/bin/assets/Resources/images/skids.jpeg
[DEBUG]  Symlinking /Users/aboynton/Desktop/AVF1508/Week3Project/Resources/images/tire-tracks.png => /Users/aboynton/Desktop/AVF1508/Week3Project/build/android/bin/assets/Resources/images/tire-tracks.png
[DEBUG]  Ignoring /Users/aboynton/Desktop/AVF1508/Week3Project/Resources/iphone
[DEBUG]  Symlinking /Users/aboynton/Desktop/AVF1508/Week3Project/Resources/sounds/Engine_revving.wav => /Users/aboynton/Desktop/AVF1508/Week3Project/build/android/bin/assets/Resources/sounds/Engine_revving.wav
[DEBUG]  Symlinking /Users/aboynton/Desktop/AVF1508/Week3Project/Resources/android/appicon.png => /Users/aboynton/Desktop/AVF1508/Week3Project/build/android/bin/assets/Resources/appicon.png
[DEBUG]  Symlinking /Users/aboynton/Desktop/AVF1508/Week3Project/Resources/android/default.png => /Users/aboynton/Desktop/AVF1508/Week3Project/build/android/res/drawable/background.png
[DEBUG]  Symlinking /Users/aboynton/Desktop/AVF1508/Week3Project/Resources/android/images/res-long-land-hdpi/default.png => /Users/aboynton/Desktop/AVF1508/Week3Project/build/android/res/drawable-long-land-hdpi/background.png
[DEBUG]  Symlinking /Users/aboynton/Desktop/AVF1508/Week3Project/Resources/android/images/res-long-land-ldpi/default.png => /Users/aboynton/Desktop/AVF1508/Week3Project/build/android/res/drawable-long-land-ldpi/background.png
[DEBUG]  Symlinking /Users/aboynton/Desktop/AVF1508/Week3Project/Resources/android/images/res-long-port-hdpi/default.png => /Users/aboynton/Desktop/AVF1508/Week3Project/build/android/res/drawable-long-port-hdpi/background.png
[DEBUG]  Symlinking /Users/aboynton/Desktop/AVF1508/Week3Project/Resources/android/images/res-long-port-ldpi/default.png => /Users/aboynton/Desktop/AVF1508/Week3Project/build/android/res/drawable-long-port-ldpi/background.png
[DEBUG]  Symlinking /Users/aboynton/Desktop/AVF1508/Week3Project/Resources/android/images/res-notlong-land-hdpi/default.png => /Users/aboynton/Desktop/AVF1508/Week3Project/build/android/res/drawable-notlong-land-hdpi/background.png
[DEBUG]  Symlinking /Users/aboynton/Desktop/AVF1508/Week3Project/Resources/android/images/res-notlong-land-ldpi/default.png => /Users/aboynton/Desktop/AVF1508/Week3Project/build/android/res/drawable-notlong-land-ldpi/background.png
[DEBUG]  Symlinking /Users/aboynton/Desktop/AVF1508/Week3Project/Resources/android/images/res-notlong-land-mdpi/default.png => /Users/aboynton/Desktop/AVF1508/Week3Project/build/android/res/drawable-notlong-land-mdpi/background.png
[DEBUG]  Symlinking /Users/aboynton/Desktop/AVF1508/Week3Project/Resources/android/images/res-notlong-port-hdpi/default.png => /Users/aboynton/Desktop/AVF1508/Week3Project/build/android/res/drawable-notlong-port-hdpi/background.png
[DEBUG]  Symlinking /Users/aboynton/Desktop/AVF1508/Week3Project/Resources/android/images/res-notlong-port-ldpi/default.png => /Users/aboynton/Desktop/AVF1508/Week3Project/build/android/res/drawable-notlong-port-ldpi/background.png
[DEBUG]  Symlinking /Users/aboynton/Desktop/AVF1508/Week3Project/Resources/android/images/res-notlong-port-mdpi/default.png => /Users/aboynton/Desktop/AVF1508/Week3Project/build/android/res/drawable-notlong-port-mdpi/background.png
[DEBUG]  Symlinking /Users/aboynton/Desktop/AVF1508/Week3Project/build/android/bin/assets/Resources/appicon.png => /Users/aboynton/Desktop/AVF1508/Week3Project/build/android/res/drawable/appicon.png
[INFO]   Processing JavaScript files
[DEBUG]  Symlinking /Users/aboynton/Desktop/AVF1508/Week3Project/Resources/api.js => /Users/aboynton/Desktop/AVF1508/Week3Project/build/android/assets/api.js
[DEBUG]  Symlinking /var/folders/ng/wpzg_lm131z1tf4pkhdtnyyw0000gn/T/liveview.js => /Users/aboynton/Desktop/AVF1508/Week3Project/build/android/assets/app.js
[DEBUG]  Symlinking /Users/aboynton/Desktop/AVF1508/Week3Project/Resources/arrowDB.js => /Users/aboynton/Desktop/AVF1508/Week3Project/build/android/assets/arrowDB.js
[DEBUG]  Symlinking /Users/aboynton/Desktop/AVF1508/Week3Project/Resources/data.js => /Users/aboynton/Desktop/AVF1508/Week3Project/build/android/assets/data.js
[DEBUG]  Symlinking /Users/aboynton/Desktop/AVF1508/Week3Project/Resources/geo.js => /Users/aboynton/Desktop/AVF1508/Week3Project/build/android/assets/geo.js
[DEBUG]  Symlinking /Users/aboynton/Desktop/AVF1508/Week3Project/Resources/ui.js => /Users/aboynton/Desktop/AVF1508/Week3Project/build/android/assets/ui.js
[DEBUG]  Symlinking /Users/aboynton/Library/Application Support/Titanium/modules/commonjs/ti.cloud/3.2.9/ti.cloud.js => /Users/aboynton/Desktop/AVF1508/Week3Project/build/android/assets/ti.cloud.js
[INFO]   Encrypting JavaScript files: /Users/aboynton/Library/Application Support/Titanium/mobilesdk/osx/4.1.0.GA/android/titanium_prep.macos "edu.fullsail.Week3Project" "/Users/aboynton/Desktop/AVF1508/Week3Project/build/android/assets" "api.js" "app.js" "arrowDB.js" "data.js" "geo.js" "ui.js" "ti.cloud.js" "_app_props_.json"
[DEBUG]  Adding library /Users/aboynton/Library/Application Support/Titanium/mobilesdk/osx/4.1.0.GA/android/kroll-v8.jar
[DEBUG]  Adding library /Users/aboynton/Library/Application Support/Titanium/mobilesdk/osx/4.1.0.GA/android/modules/titanium-analytics.jar
[DEBUG]  Adding dependency library /Users/aboynton/Library/Application Support/Titanium/mobilesdk/osx/4.1.0.GA/android/aps-analytics.jar
[DEBUG]  Adding library /Users/aboynton/Library/Application Support/Titanium/mobilesdk/osx/4.1.0.GA/android/modules/titanium-android.jar
[DEBUG]  Adding dependency library /Users/aboynton/Library/Application Support/Titanium/mobilesdk/osx/4.1.0.GA/android/jaxen-1.1.1.jar
[DEBUG]  Adding dependency library /Users/aboynton/Library/Application Support/Titanium/mobilesdk/osx/4.1.0.GA/android/ti-commons-codec-1.3.jar
[DEBUG]  Adding dependency library /Users/aboynton/Library/Application Support/Titanium/mobilesdk/osx/4.1.0.GA/android/kroll-common.jar
[DEBUG]  Adding dependency library /Users/aboynton/Library/Application Support/Titanium/mobilesdk/osx/4.1.0.GA/android/titanium.jar
[DEBUG]  Adding library /Users/aboynton/Library/Application Support/Titanium/mobilesdk/osx/4.1.0.GA/android/modules/titanium-app.jar
[DEBUG]  Adding library /Users/aboynton/Library/Application Support/Titanium/mobilesdk/osx/4.1.0.GA/android/modules/titanium-ui.jar
[DEBUG]  Adding dependency library /Users/aboynton/Library/Application Support/Titanium/mobilesdk/osx/4.1.0.GA/android/nineoldandroids-appc-2.4.0.jar
[DEBUG]  Adding library /Users/aboynton/Library/Application Support/Titanium/mobilesdk/osx/4.1.0.GA/android/modules/titanium-filesystem.jar
[DEBUG]  Adding library /Users/aboynton/Library/Application Support/Titanium/mobilesdk/osx/4.1.0.GA/android/modules/titanium-media.jar
[DEBUG]  Adding library /Users/aboynton/Library/Application Support/Titanium/mobilesdk/osx/4.1.0.GA/android/modules/titanium-appcompat.jar
[DEBUG]  Adding dependency library /Users/aboynton/Library/Application Support/Titanium/mobilesdk/osx/4.1.0.GA/android/android-support-v4.jar
[DEBUG]  Adding dependency library /Users/aboynton/Library/Application Support/Titanium/mobilesdk/osx/4.1.0.GA/android/android-support-v7-appcompat.jar
[DEBUG]  Adding library /Users/aboynton/Library/Application Support/Titanium/mobilesdk/osx/4.1.0.GA/android/modules/titanium-locale.jar
[DEBUG]  Adding library /Users/aboynton/Library/Application Support/Titanium/mobilesdk/osx/4.1.0.GA/android/modules/titanium-network.jar
[DEBUG]  Adding dependency library /Users/aboynton/Library/Application Support/Titanium/mobilesdk/osx/4.1.0.GA/android/thirdparty.jar
[DEBUG]  Adding library /Users/aboynton/Library/Application Support/Titanium/mobilesdk/osx/4.1.0.GA/android/modules/titanium-xml.jar
[DEBUG]  Adding library /Users/aboynton/Library/Application Support/Titanium/mobilesdk/osx/4.1.0.GA/android/modules/titanium-utils.jar
[DEBUG]  Adding library /Users/aboynton/Library/Application Support/Titanium/mobilesdk/osx/4.1.0.GA/android/modules/titanium-geolocation.jar
[DEBUG]  Adding library /Users/aboynton/Library/Application Support/Titanium/mobilesdk/osx/4.1.0.GA/android/modules/titanium-accelerometer.jar
[DEBUG]  Adding library /Users/aboynton/Library/Application Support/Titanium/mobilesdk/osx/4.1.0.GA/android/modules/titanium-contacts.jar
[DEBUG]  Adding library /Users/aboynton/Library/Application Support/Titanium/mobilesdk/osx/4.1.0.GA/android/modules/titanium-map.jar
[DEBUG]  Adding library /Users/aboynton/Library/Application Support/Titanium/mobilesdk/osx/4.1.0.GA/android/modules/titanium-calendar.jar
[DEBUG]  Adding library /Users/aboynton/Library/Application Support/Titanium/mobilesdk/osx/4.1.0.GA/android/modules/titanium-gesture.jar
[DEBUG]  Adding library /Users/aboynton/Library/Application Support/Titanium/mobilesdk/osx/4.1.0.GA/android/modules/titanium-platform.jar
[DEBUG]  Adding library /Users/aboynton/Library/Application Support/Titanium/mobilesdk/osx/4.1.0.GA/android/modules/titanium-database.jar
[DEBUG]  Unknown namespace stream, skipping
[DEBUG]  Unknown namespace api, skipping
[DEBUG]  Unknown namespace app.deploytype, skipping
[DEBUG]  Unknown namespace ui.ios, skipping
[INFO]   Writing /Users/aboynton/Desktop/AVF1508/Week3Project/build/android/bin/assets/app.json
[INFO]   Extracting module resources: /Users/aboynton/Library/Application Support/Titanium/mobilesdk/osx/4.1.0.GA/android/modules/titanium-analytics.res.zip
[DEBUG]  Copying /var/folders/ng/wpzg_lm131z1tf4pkhdtnyyw0000gn/T/115729-2580-s5ibgr/res/values/strings.xml => /Users/aboynton/Desktop/AVF1508/Week3Project/build/android/res/values/strings.xml
[INFO]   Extracting module resources: /Users/aboynton/Library/Application Support/Titanium/mobilesdk/osx/4.1.0.GA/android/modules/titanium-android.res.zip
[DEBUG]  Merging /var/folders/ng/wpzg_lm131z1tf4pkhdtnyyw0000gn/T/115729-2580-15bmnjl/res/values/strings.xml => /Users/aboynton/Desktop/AVF1508/Week3Project/build/android/res/values/strings.xml
[INFO]   Extracting module resources: /Users/aboynton/Library/Application Support/Titanium/mobilesdk/osx/4.1.0.GA/android/modules/titanium-app.res.zip
[DEBUG]  Merging /var/folders/ng/wpzg_lm131z1tf4pkhdtnyyw0000gn/T/115729-2580-1dqkkye/res/values/strings.xml => /Users/aboynton/Desktop/AVF1508/Week3Project/build/android/res/values/strings.xml
[INFO]   Extracting module resources: /Users/aboynton/Library/Application Support/Titanium/mobilesdk/osx/4.1.0.GA/android/modules/titanium-filesystem.res.zip
[DEBUG]  Merging /var/folders/ng/wpzg_lm131z1tf4pkhdtnyyw0000gn/T/115729-2580-1ixzyj5/res/values/strings.xml => /Users/aboynton/Desktop/AVF1508/Week3Project/build/android/res/values/strings.xml
[INFO]   Extracting module resources: /Users/aboynton/Library/Application Support/Titanium/mobilesdk/osx/4.1.0.GA/android/modules/titanium-media.res.zip
[DEBUG]  Merging /var/folders/ng/wpzg_lm131z1tf4pkhdtnyyw0000gn/T/115729-2580-vksitm/res/values/strings.xml => /Users/aboynton/Desktop/AVF1508/Week3Project/build/android/res/values/strings.xml
[INFO]   Extracting module resources: /Users/aboynton/Library/Application Support/Titanium/mobilesdk/osx/4.1.0.GA/android/modules/titanium-locale.res.zip
[DEBUG]  Merging /var/folders/ng/wpzg_lm131z1tf4pkhdtnyyw0000gn/T/115729-2580-1uu82iu/res/values/strings.xml => /Users/aboynton/Desktop/AVF1508/Week3Project/build/android/res/values/strings.xml
[INFO]   Extracting module resources: /Users/aboynton/Library/Application Support/Titanium/mobilesdk/osx/4.1.0.GA/android/modules/titanium-network.res.zip
[DEBUG]  Merging /var/folders/ng/wpzg_lm131z1tf4pkhdtnyyw0000gn/T/115729-2580-11zh6wv/res/values/strings.xml => /Users/aboynton/Desktop/AVF1508/Week3Project/build/android/res/values/strings.xml
[INFO]   Extracting module resources: /Users/aboynton/Library/Application Support/Titanium/mobilesdk/osx/4.1.0.GA/android/modules/titanium-xml.res.zip
[DEBUG]  Merging /var/folders/ng/wpzg_lm131z1tf4pkhdtnyyw0000gn/T/115729-2580-a8ykxo/res/values/strings.xml => /Users/aboynton/Desktop/AVF1508/Week3Project/build/android/res/values/strings.xml
[INFO]   Extracting module resources: /Users/aboynton/Library/Application Support/Titanium/mobilesdk/osx/4.1.0.GA/android/modules/titanium-utils.res.zip
[DEBUG]  Merging /var/folders/ng/wpzg_lm131z1tf4pkhdtnyyw0000gn/T/115729-2580-phvnjg/res/values/strings.xml => /Users/aboynton/Desktop/AVF1508/Week3Project/build/android/res/values/strings.xml
[INFO]   Extracting module resources: /Users/aboynton/Library/Application Support/Titanium/mobilesdk/osx/4.1.0.GA/android/modules/titanium-geolocation.res.zip
[DEBUG]  Merging /var/folders/ng/wpzg_lm131z1tf4pkhdtnyyw0000gn/T/115729-2580-p6re1p/res/values/strings.xml => /Users/aboynton/Desktop/AVF1508/Week3Project/build/android/res/values/strings.xml
[INFO]   Extracting module resources: /Users/aboynton/Library/Application Support/Titanium/mobilesdk/osx/4.1.0.GA/android/modules/titanium-accelerometer.res.zip
[DEBUG]  Merging /var/folders/ng/wpzg_lm131z1tf4pkhdtnyyw0000gn/T/115729-2580-g8c1h5/res/values/strings.xml => /Users/aboynton/Desktop/AVF1508/Week3Project/build/android/res/values/strings.xml
[INFO]   Extracting module resources: /Users/aboynton/Library/Application Support/Titanium/mobilesdk/osx/4.1.0.GA/android/modules/titanium-contacts.res.zip
[DEBUG]  Merging /var/folders/ng/wpzg_lm131z1tf4pkhdtnyyw0000gn/T/115729-2580-1k1ny1k/res/values/strings.xml => /Users/aboynton/Desktop/AVF1508/Week3Project/build/android/res/values/strings.xml
[INFO]   Extracting module resources: /Users/aboynton/Library/Application Support/Titanium/mobilesdk/osx/4.1.0.GA/android/modules/titanium-map.res.zip
[DEBUG]  Merging /var/folders/ng/wpzg_lm131z1tf4pkhdtnyyw0000gn/T/115729-2580-1bfl65a/res/values/strings.xml => /Users/aboynton/Desktop/AVF1508/Week3Project/build/android/res/values/strings.xml
[INFO]   Extracting module resources: /Users/aboynton/Library/Application Support/Titanium/mobilesdk/osx/4.1.0.GA/android/modules/titanium-calendar.res.zip
[DEBUG]  Merging /var/folders/ng/wpzg_lm131z1tf4pkhdtnyyw0000gn/T/115729-2580-12c5i3b/res/values/strings.xml => /Users/aboynton/Desktop/AVF1508/Week3Project/build/android/res/values/strings.xml
[INFO]   Extracting module resources: /Users/aboynton/Library/Application Support/Titanium/mobilesdk/osx/4.1.0.GA/android/modules/titanium-gesture.res.zip
[DEBUG]  Merging /var/folders/ng/wpzg_lm131z1tf4pkhdtnyyw0000gn/T/115729-2580-1mmcc47/res/values/strings.xml => /Users/aboynton/Desktop/AVF1508/Week3Project/build/android/res/values/strings.xml
[INFO]   Extracting module resources: /Users/aboynton/Library/Application Support/Titanium/mobilesdk/osx/4.1.0.GA/android/modules/titanium-platform.res.zip
[DEBUG]  Merging /var/folders/ng/wpzg_lm131z1tf4pkhdtnyyw0000gn/T/115729-2580-m02ktw/res/values/strings.xml => /Users/aboynton/Desktop/AVF1508/Week3Project/build/android/res/values/strings.xml
[INFO]   Extracting module resources: /Users/aboynton/Library/Application Support/Titanium/mobilesdk/osx/4.1.0.GA/android/modules/titanium-database.res.zip
[DEBUG]  Merging /var/folders/ng/wpzg_lm131z1tf4pkhdtnyyw0000gn/T/115729-2580-sxe1jt/res/values/strings.xml => /Users/aboynton/Desktop/AVF1508/Week3Project/build/android/res/values/strings.xml
[DEBUG]  Copying template /Users/aboynton/Library/Application Support/Titanium/mobilesdk/osx/4.1.0.GA/android/templates/build/AppInfo.java => /Users/aboynton/Desktop/AVF1508/Week3Project/build/android/gen/edu/fullsail/Week3Project/Week3projectAppInfo.java
[DEBUG]  Copying template /Users/aboynton/Library/Application Support/Titanium/mobilesdk/osx/4.1.0.GA/android/templates/build/App.java => /Users/aboynton/Desktop/AVF1508/Week3Project/build/android/gen/edu/fullsail/Week3Project/Week3projectApplication.java
[DEBUG]  Copying template /Users/aboynton/Library/Application Support/Titanium/mobilesdk/osx/4.1.0.GA/android/templates/build/Activity.java => /Users/aboynton/Desktop/AVF1508/Week3Project/build/android/gen/edu/fullsail/Week3Project/Week3projectActivity.java
[DEBUG]  Copying template /Users/aboynton/Library/Application Support/Titanium/mobilesdk/osx/4.1.0.GA/android/templates/build/project => /Users/aboynton/Desktop/AVF1508/Week3Project/build/android/.project
[DEBUG]  Copying template /Users/aboynton/Library/Application Support/Titanium/mobilesdk/osx/4.1.0.GA/android/templates/build/default.properties => /Users/aboynton/Desktop/AVF1508/Week3Project/build/android/default.properties
[DEBUG]  Copying /Users/aboynton/Library/Application Support/Titanium/mobilesdk/osx/4.1.0.GA/android/templates/build/gitignore => /Users/aboynton/Desktop/AVF1508/Week3Project/build/android/.gitignore
[DEBUG]  Copying /Users/aboynton/Library/Application Support/Titanium/mobilesdk/osx/4.1.0.GA/android/templates/build/classpath => /Users/aboynton/Desktop/AVF1508/Week3Project/build/android/.classpath
[INFO]   No aidl files to compile, continuing
[INFO]   Generating i18n files
[DEBUG]  Merging en strings => /Users/aboynton/Desktop/AVF1508/Week3Project/build/android/res/values/strings.xml
[INFO]   Generating /Users/aboynton/Desktop/AVF1508/Week3Project/build/android/res/values/theme.xml
[INFO]   Packaging application: /Users/aboynton/Library/Android/sdk/build-tools/21.1.2/aapt "package" "-f" "-m" "-J" "/Users/aboynton/Desktop/AVF1508/Week3Project/build/android/gen" "-M" "/Users/aboynton/Desktop/AVF1508/Week3Project/build/android/AndroidManifest.xml" "-A" "/Users/aboynton/Desktop/AVF1508/Week3Project/build/android/bin/assets" "-S" "/Users/aboynton/Desktop/AVF1508/Week3Project/build/android/res" "-I" "/Users/aboynton/Library/Android/sdk/platforms/android-22/android.jar" "-F" "/Users/aboynton/Desktop/AVF1508/Week3Project/build/android/bin/app.ap_" "--auto-add-overlay" "--extra-packages" "ti.modules.titanium.ui:android.support.v7.appcompat" "-S" "/var/folders/ng/wpzg_lm131z1tf4pkhdtnyyw0000gn/T/115729-2580-uyma0p/res" "-S" "/var/folders/ng/wpzg_lm131z1tf4pkhdtnyyw0000gn/T/115729-2580-n9i6v2/res"
[INFO]   Building Java source files: /Library/Java/JavaVirtualMachines/jdk1.7.0_80.jdk/Contents/Home/bin/javac "-J-Xmx256M" "-encoding" "utf8" "-bootclasspath" "/Users/aboynton/Library/Android/sdk/platforms/android-22/android.jar:/Users/aboynton/Library/Application Support/Titanium/mobilesdk/osx/4.1.0.GA/android/kroll-v8.jar:/Users/aboynton/Library/Application Support/Titanium/mobilesdk/osx/4.1.0.GA/android/modules/titanium-analytics.jar:/Users/aboynton/Library/Application Support/Titanium/mobilesdk/osx/4.1.0.GA/android/aps-analytics.jar:/Users/aboynton/Library/Application Support/Titanium/mobilesdk/osx/4.1.0.GA/android/modules/titanium-android.jar:/Users/aboynton/Library/Application Support/Titanium/mobilesdk/osx/4.1.0.GA/android/jaxen-1.1.1.jar:/Users/aboynton/Library/Application Support/Titanium/mobilesdk/osx/4.1.0.GA/android/ti-commons-codec-1.3.jar:/Users/aboynton/Library/Application Support/Titanium/mobilesdk/osx/4.1.0.GA/android/kroll-common.jar:/Users/aboynton/Library/Application Support/Titanium/mobilesdk/osx/4.1.0.GA/android/titanium.jar:/Users/aboynton/Library/Application Support/Titanium/mobilesdk/osx/4.1.0.GA/android/modules/titanium-app.jar:/Users/aboynton/Library/Application Support/Titanium/mobilesdk/osx/4.1.0.GA/android/modules/titanium-ui.jar:/Users/aboynton/Library/Application Support/Titanium/mobilesdk/osx/4.1.0.GA/android/nineoldandroids-appc-2.4.0.jar:/Users/aboynton/Library/Application Support/Titanium/mobilesdk/osx/4.1.0.GA/android/modules/titanium-filesystem.jar:/Users/aboynton/Library/Application Support/Titanium/mobilesdk/osx/4.1.0.GA/android/modules/titanium-media.jar:/Users/aboynton/Library/Application Support/Titanium/mobilesdk/osx/4.1.0.GA/android/modules/titanium-appcompat.jar:/Users/aboynton/Library/Application Support/Titanium/mobilesdk/osx/4.1.0.GA/android/android-support-v4.jar:/Users/aboynton/Library/Application Support/Titanium/mobilesdk/osx/4.1.0.GA/android/android-support-v7-appcompat.jar:/Users/aboynton/Library/Application Support/Titanium/mobilesdk/osx/4.1.0.GA/android/modules/titanium-locale.jar:/Users/aboynton/Library/Application Support/Titanium/mobilesdk/osx/4.1.0.GA/android/modules/titanium-network.jar:/Users/aboynton/Library/Application Support/Titanium/mobilesdk/osx/4.1.0.GA/android/thirdparty.jar:/Users/aboynton/Library/Application Support/Titanium/mobilesdk/osx/4.1.0.GA/android/modules/titanium-xml.jar:/Users/aboynton/Library/Application Support/Titanium/mobilesdk/osx/4.1.0.GA/android/modules/titanium-utils.jar:/Users/aboynton/Library/Application Support/Titanium/mobilesdk/osx/4.1.0.GA/android/modules/titanium-geolocation.jar:/Users/aboynton/Library/Application Support/Titanium/mobilesdk/osx/4.1.0.GA/android/modules/titanium-accelerometer.jar:/Users/aboynton/Library/Application Support/Titanium/mobilesdk/osx/4.1.0.GA/android/modules/titanium-contacts.jar:/Users/aboynton/Library/Application Support/Titanium/mobilesdk/osx/4.1.0.GA/android/modules/titanium-map.jar:/Users/aboynton/Library/Application Support/Titanium/mobilesdk/osx/4.1.0.GA/android/modules/titanium-calendar.jar:/Users/aboynton/Library/Application Support/Titanium/mobilesdk/osx/4.1.0.GA/android/modules/titanium-gesture.jar:/Users/aboynton/Library/Application Support/Titanium/mobilesdk/osx/4.1.0.GA/android/modules/titanium-platform.jar:/Users/aboynton/Library/Application Support/Titanium/mobilesdk/osx/4.1.0.GA/android/modules/titanium-database.jar:/Users/aboynton/Library/Application Support/Titanium/mobilesdk/osx/4.1.0.GA/android/lib/titanium-verify.jar:R.class:ApplicationStylesheet.class:AssetCryptImpl.class:Week3projectActivity.class:Week3projectAppInfo.class:Week3projectApplication.class" "-d" "/Users/aboynton/Desktop/AVF1508/Week3Project/build/android/bin/classes" "-proc:none" "-target" "1.6" "-source" "1.6" "@/Users/aboynton/Desktop/AVF1508/Week3Project/build/android/java-sources.txt"
[INFO]   Running dexer: /Library/Java/JavaVirtualMachines/jdk1.7.0_80.jdk/Contents/Home/bin/java "-Xmx1024M" "-XX:-UseGCOverheadLimit" "-Djava.ext.dirs=/Users/aboynton/Library/Android/sdk/platform-tools" "-jar" "/Users/aboynton/Library/Android/sdk/build-tools/21.1.2/lib/dx.jar" "--dex" "--output=/Users/aboynton/Desktop/AVF1508/Week3Project/build/android/bin/classes.dex" "/Users/aboynton/Desktop/AVF1508/Week3Project/build/android/bin/classes" "/Users/aboynton/Library/Application Support/Titanium/mobilesdk/osx/4.1.0.GA/android/lib/titanium-verify.jar" "/Users/aboynton/Library/Application Support/Titanium/mobilesdk/osx/4.1.0.GA/android/kroll-v8.jar" "/Users/aboynton/Library/Application Support/Titanium/mobilesdk/osx/4.1.0.GA/android/modules/titanium-analytics.jar" "/Users/aboynton/Library/Application Support/Titanium/mobilesdk/osx/4.1.0.GA/android/aps-analytics.jar" "/Users/aboynton/Library/Application Support/Titanium/mobilesdk/osx/4.1.0.GA/android/modules/titanium-android.jar" "/Users/aboynton/Library/Application Support/Titanium/mobilesdk/osx/4.1.0.GA/android/jaxen-1.1.1.jar" "/Users/aboynton/Library/Application Support/Titanium/mobilesdk/osx/4.1.0.GA/android/ti-commons-codec-1.3.jar" "/Users/aboynton/Library/Application Support/Titanium/mobilesdk/osx/4.1.0.GA/android/kroll-common.jar" "/Users/aboynton/Library/Application Support/Titanium/mobilesdk/osx/4.1.0.GA/android/titanium.jar" "/Users/aboynton/Library/Application Support/Titanium/mobilesdk/osx/4.1.0.GA/android/modules/titanium-app.jar" "/Users/aboynton/Library/Application Support/Titanium/mobilesdk/osx/4.1.0.GA/android/modules/titanium-ui.jar" "/Users/aboynton/Library/Application Support/Titanium/mobilesdk/osx/4.1.0.GA/android/nineoldandroids-appc-2.4.0.jar" "/Users/aboynton/Library/Application Support/Titanium/mobilesdk/osx/4.1.0.GA/android/modules/titanium-filesystem.jar" "/Users/aboynton/Library/Application Support/Titanium/mobilesdk/osx/4.1.0.GA/android/modules/titanium-media.jar" "/Users/aboynton/Library/Application Support/Titanium/mobilesdk/osx/4.1.0.GA/android/modules/titanium-appcompat.jar" "/Users/aboynton/Library/Application Support/Titanium/mobilesdk/osx/4.1.0.GA/android/android-support-v4.jar" "/Users/aboynton/Library/Application Support/Titanium/mobilesdk/osx/4.1.0.GA/android/android-support-v7-appcompat.jar" "/Users/aboynton/Library/Application Support/Titanium/mobilesdk/osx/4.1.0.GA/android/modules/titanium-locale.jar" "/Users/aboynton/Library/Application Support/Titanium/mobilesdk/osx/4.1.0.GA/android/modules/titanium-network.jar" "/Users/aboynton/Library/Application Support/Titanium/mobilesdk/osx/4.1.0.GA/android/thirdparty.jar" "/Users/aboynton/Library/Application Support/Titanium/mobilesdk/osx/4.1.0.GA/android/modules/titanium-xml.jar" "/Users/aboynton/Library/Application Support/Titanium/mobilesdk/osx/4.1.0.GA/android/modules/titanium-utils.jar" "/Users/aboynton/Library/Application Support/Titanium/mobilesdk/osx/4.1.0.GA/android/modules/titanium-geolocation.jar" "/Users/aboynton/Library/Application Support/Titanium/mobilesdk/osx/4.1.0.GA/android/modules/titanium-accelerometer.jar" "/Users/aboynton/Library/Application Support/Titanium/mobilesdk/osx/4.1.0.GA/android/modules/titanium-contacts.jar" "/Users/aboynton/Library/Application Support/Titanium/mobilesdk/osx/4.1.0.GA/android/modules/titanium-map.jar" "/Users/aboynton/Library/Application Support/Titanium/mobilesdk/osx/4.1.0.GA/android/modules/titanium-calendar.jar" "/Users/aboynton/Library/Application Support/Titanium/mobilesdk/osx/4.1.0.GA/android/modules/titanium-gesture.jar" "/Users/aboynton/Library/Application Support/Titanium/mobilesdk/osx/4.1.0.GA/android/modules/titanium-platform.jar" "/Users/aboynton/Library/Application Support/Titanium/mobilesdk/osx/4.1.0.GA/android/modules/titanium-database.jar"
[TRACE]  Found 1 devices, checking if any of them are the emulator...
[TRACE]  Emulator is running!
[TRACE]  Checking if boot animation has finished...
[TRACE]  Emulator is not booted yet; checking again in 2000 ms
[TRACE]  Emulator is not booted yet; checking again in 2000 ms
[INFO]   Creating unsigned apk
[DEBUG]  Processing /Users/aboynton/Desktop/AVF1508/Week3Project/build/android/bin/app.ap_
[DEBUG]  Deflating AndroidManifest.xml
[DEBUG]  Adding assets/Resources/KS_nav_ui.png
[DEBUG]  Adding assets/Resources/KS_nav_views.png
[DEBUG]  Adding assets/Resources/appicon.png
[DEBUG]  Adding assets/Resources/images/BMW_fix.jpg
[DEBUG]  Adding assets/Resources/images/Engine.png
[DEBUG]  Adding assets/Resources/images/Infiniti.jpg
[DEBUG]  Deflating assets/Resources/images/Infiniti_1.JPG
[DEBUG]  Adding assets/Resources/images/Infiniti_engine.jpg
[DEBUG]  Adding assets/Resources/images/car.9.png
[DEBUG]  Adding assets/Resources/images/repair_icon.jpeg
[DEBUG]  Adding assets/Resources/images/shop1.jpg
[DEBUG]  Adding assets/Resources/images/skidmarks.jpg
[DEBUG]  Adding assets/Resources/images/skids.jpeg
[DEBUG]  Adding assets/Resources/images/tire-tracks.png
[DEBUG]  Adding assets/Resources/sounds/Engine_revving.wav
[DEBUG]  Deflating assets/app.json
[DEBUG]  Deflating assets/index.json
[DEBUG]  Deflating res/anim/abc_fade_in.xml
[DEBUG]  Deflating res/anim/abc_fade_out.xml
[DEBUG]  Deflating res/anim/abc_grow_fade_in_from_bottom.xml
[DEBUG]  Deflating res/anim/abc_popup_enter.xml
[DEBUG]  Deflating res/anim/abc_popup_exit.xml
[DEBUG]  Deflating res/anim/abc_shrink_fade_out_from_bottom.xml
[DEBUG]  Deflating res/anim/abc_slide_in_bottom.xml
[DEBUG]  Deflating res/anim/abc_slide_in_top.xml
[DEBUG]  Deflating res/anim/abc_slide_out_bottom.xml
[DEBUG]  Deflating res/anim/abc_slide_out_top.xml
[DEBUG]  Deflating res/color-v11/abc_background_cache_hint_selector_material_dark.xml
[DEBUG]  Deflating res/color-v11/abc_background_cache_hint_selector_material_light.xml
[DEBUG]  Deflating res/color/abc_background_cache_hint_selector_material_dark.xml
[DEBUG]  Deflating res/color/abc_background_cache_hint_selector_material_light.xml
[DEBUG]  Deflating res/color/abc_primary_text_disable_only_material_dark.xml
[DEBUG]  Deflating res/color/abc_primary_text_disable_only_material_light.xml
[DEBUG]  Deflating res/color/abc_primary_text_material_dark.xml
[DEBUG]  Deflating res/color/abc_primary_text_material_light.xml
[DEBUG]  Deflating res/color/abc_search_url_text.xml
[DEBUG]  Deflating res/color/abc_secondary_text_material_dark.xml
[DEBUG]  Deflating res/color/abc_secondary_text_material_light.xml
[DEBUG]  Deflating res/color/switch_thumb_material_dark.xml
[DEBUG]  Deflating res/color/switch_thumb_material_light.xml
[DEBUG]  Adding res/drawable-hdpi-v4/abc_ab_share_pack_mtrl_alpha.9.png
[DEBUG]  Adding res/drawable-hdpi-v4/abc_btn_check_to_on_mtrl_000.png
[DEBUG]  Adding res/drawable-hdpi-v4/abc_btn_check_to_on_mtrl_015.png
[DEBUG]  Adding res/drawable-hdpi-v4/abc_btn_radio_to_on_mtrl_000.png
[DEBUG]  Adding res/drawable-hdpi-v4/abc_btn_radio_to_on_mtrl_015.png
[DEBUG]  Adding res/drawable-hdpi-v4/abc_btn_rating_star_off_mtrl_alpha.png
[DEBUG]  Adding res/drawable-hdpi-v4/abc_btn_rating_star_on_mtrl_alpha.png
[DEBUG]  Adding res/drawable-hdpi-v4/abc_btn_switch_to_on_mtrl_00001.9.png
[DEBUG]  Adding res/drawable-hdpi-v4/abc_btn_switch_to_on_mtrl_00012.9.png
[DEBUG]  Adding res/drawable-hdpi-v4/abc_cab_background_top_mtrl_alpha.9.png
[DEBUG]  Adding res/drawable-hdpi-v4/abc_ic_ab_back_mtrl_am_alpha.png
[DEBUG]  Adding res/drawable-hdpi-v4/abc_ic_clear_mtrl_alpha.png
[DEBUG]  Adding res/drawable-hdpi-v4/abc_ic_commit_search_api_mtrl_alpha.png
[DEBUG]  Adding res/drawable-hdpi-v4/abc_ic_go_search_api_mtrl_alpha.png
[DEBUG]  Adding res/drawable-hdpi-v4/abc_ic_menu_copy_mtrl_am_alpha.png
[DEBUG]  Adding res/drawable-hdpi-v4/abc_ic_menu_cut_mtrl_alpha.png
[DEBUG]  Adding res/drawable-hdpi-v4/abc_ic_menu_moreoverflow_mtrl_alpha.png
[DEBUG]  Adding res/drawable-hdpi-v4/abc_ic_menu_paste_mtrl_am_alpha.png
[DEBUG]  Adding res/drawable-hdpi-v4/abc_ic_menu_selectall_mtrl_alpha.png
[DEBUG]  Adding res/drawable-hdpi-v4/abc_ic_menu_share_mtrl_alpha.png
[DEBUG]  Adding res/drawable-hdpi-v4/abc_ic_search_api_mtrl_alpha.png
[DEBUG]  Adding res/drawable-hdpi-v4/abc_ic_voice_search_api_mtrl_alpha.png
[DEBUG]  Adding res/drawable-hdpi-v4/abc_list_divider_mtrl_alpha.9.png
[DEBUG]  Adding res/drawable-hdpi-v4/abc_list_focused_holo.9.png
[DEBUG]  Adding res/drawable-hdpi-v4/abc_list_longpressed_holo.9.png
[DEBUG]  Adding res/drawable-hdpi-v4/abc_list_pressed_holo_dark.9.png
[DEBUG]  Adding res/drawable-hdpi-v4/abc_list_pressed_holo_light.9.png
[DEBUG]  Adding res/drawable-hdpi-v4/abc_list_selector_disabled_holo_dark.9.png
[DEBUG]  Adding res/drawable-hdpi-v4/abc_list_selector_disabled_holo_light.9.png
[DEBUG]  Adding res/drawable-hdpi-v4/abc_menu_hardkey_panel_mtrl_mult.9.png
[DEBUG]  Adding res/drawable-hdpi-v4/abc_popup_background_mtrl_mult.9.png
[DEBUG]  Adding res/drawable-hdpi-v4/abc_spinner_mtrl_am_alpha.9.png
[DEBUG]  Adding res/drawable-hdpi-v4/abc_switch_track_mtrl_alpha.9.png
[DEBUG]  Adding res/drawable-hdpi-v4/abc_tab_indicator_mtrl_alpha.9.png
[DEBUG]  Adding res/drawable-hdpi-v4/abc_text_cursor_mtrl_alpha.9.png
[DEBUG]  Adding res/drawable-hdpi-v4/abc_textfield_activated_mtrl_alpha.9.png
[DEBUG]  Adding res/drawable-hdpi-v4/abc_textfield_default_mtrl_alpha.9.png
[DEBUG]  Adding res/drawable-hdpi-v4/abc_textfield_search_activated_mtrl_alpha.9.png
[DEBUG]  Adding res/drawable-hdpi-v4/abc_textfield_search_default_mtrl_alpha.9.png
[DEBUG]  Adding res/drawable-ldrtl-hdpi-v4/abc_ic_ab_back_mtrl_am_alpha.png
[DEBUG]  Adding res/drawable-ldrtl-hdpi-v4/abc_ic_menu_copy_mtrl_am_alpha.png
[DEBUG]  Adding res/drawable-ldrtl-hdpi-v4/abc_ic_menu_cut_mtrl_alpha.png
[DEBUG]  Adding res/drawable-ldrtl-hdpi-v4/abc_spinner_mtrl_am_alpha.9.png
[DEBUG]  Adding res/drawable-ldrtl-mdpi-v4/abc_ic_ab_back_mtrl_am_alpha.png
[DEBUG]  Adding res/drawable-ldrtl-mdpi-v4/abc_ic_menu_copy_mtrl_am_alpha.png
[DEBUG]  Adding res/drawable-ldrtl-mdpi-v4/abc_ic_menu_cut_mtrl_alpha.png
[DEBUG]  Adding res/drawable-ldrtl-mdpi-v4/abc_spinner_mtrl_am_alpha.9.png
[DEBUG]  Adding res/drawable-ldrtl-xhdpi-v4/abc_ic_ab_back_mtrl_am_alpha.png
[DEBUG]  Adding res/drawable-ldrtl-xhdpi-v4/abc_ic_menu_copy_mtrl_am_alpha.png
[DEBUG]  Adding res/drawable-ldrtl-xhdpi-v4/abc_ic_menu_cut_mtrl_alpha.png
[DEBUG]  Adding res/drawable-ldrtl-xhdpi-v4/abc_spinner_mtrl_am_alpha.9.png
[DEBUG]  Adding res/drawable-ldrtl-xxhdpi-v4/abc_ic_ab_back_mtrl_am_alpha.png
[DEBUG]  Adding res/drawable-ldrtl-xxhdpi-v4/abc_ic_menu_copy_mtrl_am_alpha.png
[DEBUG]  Adding res/drawable-ldrtl-xxhdpi-v4/abc_ic_menu_cut_mtrl_alpha.png
[DEBUG]  Adding res/drawable-ldrtl-xxhdpi-v4/abc_spinner_mtrl_am_alpha.9.png
[DEBUG]  Adding res/drawable-ldrtl-xxxhdpi-v4/abc_ic_ab_back_mtrl_am_alpha.png
[DEBUG]  Adding res/drawable-ldrtl-xxxhdpi-v4/abc_ic_menu_copy_mtrl_am_alpha.png
[DEBUG]  Adding res/drawable-ldrtl-xxxhdpi-v4/abc_ic_menu_cut_mtrl_alpha.png
[DEBUG]  Adding res/drawable-ldrtl-xxxhdpi-v4/abc_spinner_mtrl_am_alpha.9.png
[DEBUG]  Adding res/drawable-long-land-hdpi-v4/background.png
[DEBUG]  Adding res/drawable-long-land-ldpi-v4/background.png
[DEBUG]  Adding res/drawable-long-port-hdpi-v4/background.png
[DEBUG]  Adding res/drawable-long-port-ldpi-v4/background.png
[DEBUG]  Adding res/drawable-mdpi-v4/abc_ab_share_pack_mtrl_alpha.9.png
[DEBUG]  Adding res/drawable-mdpi-v4/abc_btn_check_to_on_mtrl_000.png
[DEBUG]  Adding res/drawable-mdpi-v4/abc_btn_check_to_on_mtrl_015.png
[DEBUG]  Adding res/drawable-mdpi-v4/abc_btn_radio_to_on_mtrl_000.png
[DEBUG]  Adding res/drawable-mdpi-v4/abc_btn_radio_to_on_mtrl_015.png
[DEBUG]  Adding res/drawable-mdpi-v4/abc_btn_rating_star_off_mtrl_alpha.png
[DEBUG]  Adding res/drawable-mdpi-v4/abc_btn_rating_star_on_mtrl_alpha.png
[DEBUG]  Adding res/drawable-mdpi-v4/abc_btn_switch_to_on_mtrl_00001.9.png
[DEBUG]  Adding res/drawable-mdpi-v4/abc_btn_switch_to_on_mtrl_00012.9.png
[DEBUG]  Adding res/drawable-mdpi-v4/abc_cab_background_top_mtrl_alpha.9.png
[DEBUG]  Adding res/drawable-mdpi-v4/abc_ic_ab_back_mtrl_am_alpha.png
[DEBUG]  Adding res/drawable-mdpi-v4/abc_ic_clear_mtrl_alpha.png
[DEBUG]  Adding res/drawable-mdpi-v4/abc_ic_commit_search_api_mtrl_alpha.png
[DEBUG]  Adding res/drawable-mdpi-v4/abc_ic_go_search_api_mtrl_alpha.png
[DEBUG]  Adding res/drawable-mdpi-v4/abc_ic_menu_copy_mtrl_am_alpha.png
[DEBUG]  Adding res/drawable-mdpi-v4/abc_ic_menu_cut_mtrl_alpha.png
[DEBUG]  Adding res/drawable-mdpi-v4/abc_ic_menu_moreoverflow_mtrl_alpha.png
[DEBUG]  Adding res/drawable-mdpi-v4/abc_ic_menu_paste_mtrl_am_alpha.png
[DEBUG]  Adding res/drawable-mdpi-v4/abc_ic_menu_selectall_mtrl_alpha.png
[DEBUG]  Adding res/drawable-mdpi-v4/abc_ic_menu_share_mtrl_alpha.png
[DEBUG]  Adding res/drawable-mdpi-v4/abc_ic_search_api_mtrl_alpha.png
[DEBUG]  Adding res/drawable-mdpi-v4/abc_ic_voice_search_api_mtrl_alpha.png
[DEBUG]  Adding res/drawable-mdpi-v4/abc_list_divider_mtrl_alpha.9.png
[DEBUG]  Adding res/drawable-mdpi-v4/abc_list_focused_holo.9.png
[DEBUG]  Adding res/drawable-mdpi-v4/abc_list_longpressed_holo.9.png
[DEBUG]  Adding res/drawable-mdpi-v4/abc_list_pressed_holo_dark.9.png
[DEBUG]  Adding res/drawable-mdpi-v4/abc_list_pressed_holo_light.9.png
[DEBUG]  Adding res/drawable-mdpi-v4/abc_list_selector_disabled_holo_dark.9.png
[DEBUG]  Adding res/drawable-mdpi-v4/abc_list_selector_disabled_holo_light.9.png
[DEBUG]  Adding res/drawable-mdpi-v4/abc_menu_hardkey_panel_mtrl_mult.9.png
[DEBUG]  Adding res/drawable-mdpi-v4/abc_popup_background_mtrl_mult.9.png
[DEBUG]  Adding res/drawable-mdpi-v4/abc_spinner_mtrl_am_alpha.9.png
[DEBUG]  Adding res/drawable-mdpi-v4/abc_switch_track_mtrl_alpha.9.png
[DEBUG]  Adding res/drawable-mdpi-v4/abc_tab_indicator_mtrl_alpha.9.png
[DEBUG]  Adding res/drawable-mdpi-v4/abc_text_cursor_mtrl_alpha.9.png
[DEBUG]  Adding res/drawable-mdpi-v4/abc_textfield_activated_mtrl_alpha.9.png
[DEBUG]  Adding res/drawable-mdpi-v4/abc_textfield_default_mtrl_alpha.9.png
[DEBUG]  Adding res/drawable-mdpi-v4/abc_textfield_search_activated_mtrl_alpha.9.png
[DEBUG]  Adding res/drawable-mdpi-v4/abc_textfield_search_default_mtrl_alpha.9.png
[DEBUG]  Adding res/drawable-notlong-land-hdpi-v4/background.png
[DEBUG]  Adding res/drawable-notlong-land-ldpi-v4/background.png
[DEBUG]  Adding res/drawable-notlong-land-mdpi-v4/background.png
[DEBUG]  Adding res/drawable-notlong-port-hdpi-v4/background.png
[DEBUG]  Adding res/drawable-notlong-port-ldpi-v4/background.png
[DEBUG]  Adding res/drawable-notlong-port-mdpi-v4/background.png
[DEBUG]  Adding res/drawable-tvdpi-v4/abc_btn_switch_to_on_mtrl_00001.9.png
[DEBUG]  Adding res/drawable-tvdpi-v4/abc_btn_switch_to_on_mtrl_00012.9.png
[DEBUG]  Adding res/drawable-xhdpi-v4/abc_ab_share_pack_mtrl_alpha.9.png
[DEBUG]  Adding res/drawable-xhdpi-v4/abc_btn_check_to_on_mtrl_000.png
[DEBUG]  Adding res/drawable-xhdpi-v4/abc_btn_check_to_on_mtrl_015.png
[DEBUG]  Adding res/drawable-xhdpi-v4/abc_btn_radio_to_on_mtrl_000.png
[DEBUG]  Adding res/drawable-xhdpi-v4/abc_btn_radio_to_on_mtrl_015.png
[DEBUG]  Adding res/drawable-xhdpi-v4/abc_btn_rating_star_off_mtrl_alpha.png
[DEBUG]  Adding res/drawable-xhdpi-v4/abc_btn_rating_star_on_mtrl_alpha.png
[DEBUG]  Adding res/drawable-xhdpi-v4/abc_btn_switch_to_on_mtrl_00001.9.png
[DEBUG]  Adding res/drawable-xhdpi-v4/abc_btn_switch_to_on_mtrl_00012.9.png
[DEBUG]  Adding res/drawable-xhdpi-v4/abc_cab_background_top_mtrl_alpha.9.png
[DEBUG]  Adding res/drawable-xhdpi-v4/abc_ic_ab_back_mtrl_am_alpha.png
[DEBUG]  Adding res/drawable-xhdpi-v4/abc_ic_clear_mtrl_alpha.png
[DEBUG]  Adding res/drawable-xhdpi-v4/abc_ic_commit_search_api_mtrl_alpha.png
[DEBUG]  Adding res/drawable-xhdpi-v4/abc_ic_go_search_api_mtrl_alpha.png
[DEBUG]  Adding res/drawable-xhdpi-v4/abc_ic_menu_copy_mtrl_am_alpha.png
[DEBUG]  Adding res/drawable-xhdpi-v4/abc_ic_menu_cut_mtrl_alpha.png
[DEBUG]  Adding res/drawable-xhdpi-v4/abc_ic_menu_moreoverflow_mtrl_alpha.png
[DEBUG]  Adding res/drawable-xhdpi-v4/abc_ic_menu_paste_mtrl_am_alpha.png
[DEBUG]  Adding res/drawable-xhdpi-v4/abc_ic_menu_selectall_mtrl_alpha.png
[DEBUG]  Adding res/drawable-xhdpi-v4/abc_ic_menu_share_mtrl_alpha.png
[DEBUG]  Adding res/drawable-xhdpi-v4/abc_ic_search_api_mtrl_alpha.png
[DEBUG]  Adding res/drawable-xhdpi-v4/abc_ic_voice_search_api_mtrl_alpha.png
[DEBUG]  Adding res/drawable-xhdpi-v4/abc_list_divider_mtrl_alpha.9.png
[DEBUG]  Adding res/drawable-xhdpi-v4/abc_list_focused_holo.9.png
[DEBUG]  Adding res/drawable-xhdpi-v4/abc_list_longpressed_holo.9.png
[DEBUG]  Adding res/drawable-xhdpi-v4/abc_list_pressed_holo_dark.9.png
[DEBUG]  Adding res/drawable-xhdpi-v4/abc_list_pressed_holo_light.9.png
[DEBUG]  Adding res/drawable-xhdpi-v4/abc_list_selector_disabled_holo_dark.9.png
[DEBUG]  Adding res/drawable-xhdpi-v4/abc_list_selector_disabled_holo_light.9.png
[DEBUG]  Adding res/drawable-xhdpi-v4/abc_menu_hardkey_panel_mtrl_mult.9.png
[DEBUG]  Adding res/drawable-xhdpi-v4/abc_popup_background_mtrl_mult.9.png
[DEBUG]  Adding res/drawable-xhdpi-v4/abc_spinner_mtrl_am_alpha.9.png
[DEBUG]  Adding res/drawable-xhdpi-v4/abc_switch_track_mtrl_alpha.9.png
[DEBUG]  Adding res/drawable-xhdpi-v4/abc_tab_indicator_mtrl_alpha.9.png
[DEBUG]  Adding res/drawable-xhdpi-v4/abc_text_cursor_mtrl_alpha.9.png
[DEBUG]  Adding res/drawable-xhdpi-v4/abc_textfield_activated_mtrl_alpha.9.png
[DEBUG]  Adding res/drawable-xhdpi-v4/abc_textfield_default_mtrl_alpha.9.png
[DEBUG]  Adding res/drawable-xhdpi-v4/abc_textfield_search_activated_mtrl_alpha.9.png
[DEBUG]  Adding res/drawable-xhdpi-v4/abc_textfield_search_default_mtrl_alpha.9.png
[DEBUG]  Adding res/drawable-xxhdpi-v4/abc_ab_share_pack_mtrl_alpha.9.png
[DEBUG]  Adding res/drawable-xxhdpi-v4/abc_btn_check_to_on_mtrl_000.png
[DEBUG]  Adding res/drawable-xxhdpi-v4/abc_btn_check_to_on_mtrl_015.png
[DEBUG]  Adding res/drawable-xxhdpi-v4/abc_btn_radio_to_on_mtrl_000.png
[DEBUG]  Adding res/drawable-xxhdpi-v4/abc_btn_radio_to_on_mtrl_015.png
[DEBUG]  Adding res/drawable-xxhdpi-v4/abc_btn_rating_star_off_mtrl_alpha.png
[DEBUG]  Adding res/drawable-xxhdpi-v4/abc_btn_rating_star_on_mtrl_alpha.png
[DEBUG]  Adding res/drawable-xxhdpi-v4/abc_btn_switch_to_on_mtrl_00001.9.png
[DEBUG]  Adding res/drawable-xxhdpi-v4/abc_btn_switch_to_on_mtrl_00012.9.png
[DEBUG]  Adding res/drawable-xxhdpi-v4/abc_cab_background_top_mtrl_alpha.9.png
[DEBUG]  Adding res/drawable-xxhdpi-v4/abc_ic_ab_back_mtrl_am_alpha.png
[DEBUG]  Adding res/drawable-xxhdpi-v4/abc_ic_clear_mtrl_alpha.png
[DEBUG]  Adding res/drawable-xxhdpi-v4/abc_ic_commit_search_api_mtrl_alpha.png
[DEBUG]  Adding res/drawable-xxhdpi-v4/abc_ic_go_search_api_mtrl_alpha.png
[DEBUG]  Adding res/drawable-xxhdpi-v4/abc_ic_menu_copy_mtrl_am_alpha.png
[DEBUG]  Adding res/drawable-xxhdpi-v4/abc_ic_menu_cut_mtrl_alpha.png
[DEBUG]  Adding res/drawable-xxhdpi-v4/abc_ic_menu_moreoverflow_mtrl_alpha.png
[DEBUG]  Adding res/drawable-xxhdpi-v4/abc_ic_menu_paste_mtrl_am_alpha.png
[DEBUG]  Adding res/drawable-xxhdpi-v4/abc_ic_menu_selectall_mtrl_alpha.png
[DEBUG]  Adding res/drawable-xxhdpi-v4/abc_ic_menu_share_mtrl_alpha.png
[DEBUG]  Adding res/drawable-xxhdpi-v4/abc_ic_search_api_mtrl_alpha.png
[DEBUG]  Adding res/drawable-xxhdpi-v4/abc_ic_voice_search_api_mtrl_alpha.png
[DEBUG]  Adding res/drawable-xxhdpi-v4/abc_list_divider_mtrl_alpha.9.png
[DEBUG]  Adding res/drawable-xxhdpi-v4/abc_list_focused_holo.9.png
[DEBUG]  Adding res/drawable-xxhdpi-v4/abc_list_longpressed_holo.9.png
[DEBUG]  Adding res/drawable-xxhdpi-v4/abc_list_pressed_holo_dark.9.png
[DEBUG]  Adding res/drawable-xxhdpi-v4/abc_list_pressed_holo_light.9.png
[DEBUG]  Adding res/drawable-xxhdpi-v4/abc_list_selector_disabled_holo_dark.9.png
[DEBUG]  Adding res/drawable-xxhdpi-v4/abc_list_selector_disabled_holo_light.9.png
[DEBUG]  Adding res/drawable-xxhdpi-v4/abc_menu_hardkey_panel_mtrl_mult.9.png
[DEBUG]  Adding res/drawable-xxhdpi-v4/abc_popup_background_mtrl_mult.9.png
[DEBUG]  Adding res/drawable-xxhdpi-v4/abc_spinner_mtrl_am_alpha.9.png
[DEBUG]  Adding res/drawable-xxhdpi-v4/abc_switch_track_mtrl_alpha.9.png
[DEBUG]  Adding res/drawable-xxhdpi-v4/abc_tab_indicator_mtrl_alpha.9.png
[DEBUG]  Adding res/drawable-xxhdpi-v4/abc_text_cursor_mtrl_alpha.9.png
[DEBUG]  Adding res/drawable-xxhdpi-v4/abc_textfield_activated_mtrl_alpha.9.png
[DEBUG]  Adding res/drawable-xxhdpi-v4/abc_textfield_default_mtrl_alpha.9.png
[DEBUG]  Adding res/drawable-xxhdpi-v4/abc_textfield_search_activated_mtrl_alpha.9.png
[DEBUG]  Adding res/drawable-xxhdpi-v4/abc_textfield_search_default_mtrl_alpha.9.png
[DEBUG]  Adding res/drawable-xxxhdpi-v4/abc_btn_check_to_on_mtrl_000.png
[DEBUG]  Adding res/drawable-xxxhdpi-v4/abc_btn_check_to_on_mtrl_015.png
[DEBUG]  Adding res/drawable-xxxhdpi-v4/abc_btn_radio_to_on_mtrl_000.png
[DEBUG]  Adding res/drawable-xxxhdpi-v4/abc_btn_radio_to_on_mtrl_015.png
[DEBUG]  Adding res/drawable-xxxhdpi-v4/abc_btn_switch_to_on_mtrl_00001.9.png
[DEBUG]  Adding res/drawable-xxxhdpi-v4/abc_btn_switch_to_on_mtrl_00012.9.png
[DEBUG]  Adding res/drawable-xxxhdpi-v4/abc_ic_ab_back_mtrl_am_alpha.png
[DEBUG]  Adding res/drawable-xxxhdpi-v4/abc_ic_clear_mtrl_alpha.png
[DEBUG]  Adding res/drawable-xxxhdpi-v4/abc_ic_menu_copy_mtrl_am_alpha.png
[DEBUG]  Adding res/drawable-xxxhdpi-v4/abc_ic_menu_cut_mtrl_alpha.png
[DEBUG]  Adding res/drawable-xxxhdpi-v4/abc_ic_menu_moreoverflow_mtrl_alpha.png
[DEBUG]  Adding res/drawable-xxxhdpi-v4/abc_ic_menu_paste_mtrl_am_alpha.png
[DEBUG]  Adding res/drawable-xxxhdpi-v4/abc_ic_menu_selectall_mtrl_alpha.png
[DEBUG]  Adding res/drawable-xxxhdpi-v4/abc_ic_menu_share_mtrl_alpha.png
[DEBUG]  Adding res/drawable-xxxhdpi-v4/abc_ic_search_api_mtrl_alpha.png
[DEBUG]  Adding res/drawable-xxxhdpi-v4/abc_ic_voice_search_api_mtrl_alpha.png
[DEBUG]  Adding res/drawable-xxxhdpi-v4/abc_spinner_mtrl_am_alpha.9.png
[DEBUG]  Adding res/drawable-xxxhdpi-v4/abc_switch_track_mtrl_alpha.9.png
[DEBUG]  Adding res/drawable-xxxhdpi-v4/abc_tab_indicator_mtrl_alpha.9.png
[DEBUG]  Deflating res/drawable/abc_btn_borderless_material.xml
[DEBUG]  Deflating res/drawable/abc_btn_check_material.xml
[DEBUG]  Deflating res/drawable/abc_btn_default_mtrl_shape.xml
[DEBUG]  Deflating res/drawable/abc_btn_radio_material.xml
[DEBUG]  Deflating res/drawable/abc_cab_background_internal_bg.xml
[DEBUG]  Deflating res/drawable/abc_cab_background_top_material.xml
[DEBUG]  Deflating res/drawable/abc_dialog_material_background_dark.xml
[DEBUG]  Deflating res/drawable/abc_dialog_material_background_light.xml
[DEBUG]  Deflating res/drawable/abc_edit_text_material.xml
[DEBUG]  Deflating res/drawable/abc_item_background_holo_dark.xml
[DEBUG]  Deflating res/drawable/abc_item_background_holo_light.xml
[DEBUG]  Deflating res/drawable/abc_list_selector_background_transition_holo_dark.xml
[DEBUG]  Deflating res/drawable/abc_list_selector_background_transition_holo_light.xml
[DEBUG]  Deflating res/drawable/abc_list_selector_holo_dark.xml
[DEBUG]  Deflating res/drawable/abc_list_selector_holo_light.xml
[DEBUG]  Deflating res/drawable/abc_ratingbar_full_material.xml
[DEBUG]  Deflating res/drawable/abc_spinner_textfield_background_material.xml
[DEBUG]  Deflating res/drawable/abc_switch_thumb_material.xml
[DEBUG]  Deflating res/drawable/abc_tab_indicator_material.xml
[DEBUG]  Deflating res/drawable/abc_textfield_search_material.xml
[DEBUG]  Adding res/drawable/appicon.png
[DEBUG]  Adding res/drawable/background.png
[DEBUG]  Adding res/drawable/btn_check_buttonless_on_64.png
[DEBUG]  Adding res/drawable/btn_more_64.png
[DEBUG]  Adding res/drawable/disclosure_64.png
[DEBUG]  Deflating res/layout-v11/abc_screen_content_include.xml
[DEBUG]  Deflating res/layout-v21/abc_screen_toolbar.xml
[DEBUG]  Deflating res/layout/abc_action_bar_title_item.xml
[DEBUG]  Deflating res/layout/abc_action_bar_up_container.xml
[DEBUG]  Deflating res/layout/abc_action_bar_view_list_nav_layout.xml
[DEBUG]  Deflating res/layout/abc_action_menu_item_layout.xml
[DEBUG]  Deflating res/layout/abc_action_menu_layout.xml
[DEBUG]  Deflating res/layout/abc_action_mode_bar.xml
[DEBUG]  Deflating res/layout/abc_action_mode_close_item_material.xml
[DEBUG]  Deflating res/layout/abc_activity_chooser_view.xml
[DEBUG]  Deflating res/layout/abc_activity_chooser_view_list_item.xml
[DEBUG]  Deflating res/layout/abc_alert_dialog_material.xml
[DEBUG]  Deflating res/layout/abc_dialog_title_material.xml
[DEBUG]  Deflating res/layout/abc_expanded_menu_layout.xml
[DEBUG]  Deflating res/layout/abc_list_menu_item_checkbox.xml
[DEBUG]  Deflating res/layout/abc_list_menu_item_icon.xml
[DEBUG]  Deflating res/layout/abc_list_menu_item_layout.xml
[DEBUG]  Deflating res/layout/abc_list_menu_item_radio.xml
[DEBUG]  Deflating res/layout/abc_popup_menu_item_layout.xml
[DEBUG]  Deflating res/layout/abc_screen_content_include.xml
[DEBUG]  Deflating res/layout/abc_screen_simple.xml
[DEBUG]  Deflating res/layout/abc_screen_simple_overlay_action_mode.xml
[DEBUG]  Deflating res/layout/abc_screen_toolbar.xml
[DEBUG]  Deflating res/layout/abc_search_dropdown_item_icons_2line.xml
[DEBUG]  Deflating res/layout/abc_search_view.xml
[DEBUG]  Deflating res/layout/abc_select_dialog_material.xml
[DEBUG]  Deflating res/layout/abc_simple_dropdown_hint.xml
[DEBUG]  Deflating res/layout/select_dialog_item_material.xml
[DEBUG]  Deflating res/layout/select_dialog_multichoice_material.xml
[DEBUG]  Deflating res/layout/select_dialog_singlechoice_material.xml
[DEBUG]  Deflating res/layout/support_simple_spinner_dropdown_item.xml
[DEBUG]  Deflating res/layout/titanium_tabgroup.xml
[DEBUG]  Deflating res/layout/titanium_ui_checkbox.xml
[DEBUG]  Deflating res/layout/titanium_ui_edittext.xml
[DEBUG]  Deflating res/layout/titanium_ui_list_header_or_footer.xml
[DEBUG]  Deflating res/layout/titanium_ui_list_item.xml
[DEBUG]  Deflating res/layout/titanium_ui_spinner.xml
[DEBUG]  Deflating res/layout/titanium_ui_switchcompat.xml
[DEBUG]  Deflating resources.arsc
[DEBUG]  Processing /Users/aboynton/Library/Application Support/Titanium/mobilesdk/osx/4.1.0.GA/android/kroll-v8.jar
[DEBUG]  Processing /Users/aboynton/Library/Application Support/Titanium/mobilesdk/osx/4.1.0.GA/android/modules/titanium-analytics.jar
[DEBUG]  Processing /Users/aboynton/Library/Application Support/Titanium/mobilesdk/osx/4.1.0.GA/android/aps-analytics.jar
[DEBUG]  Processing /Users/aboynton/Library/Application Support/Titanium/mobilesdk/osx/4.1.0.GA/android/modules/titanium-android.jar
[DEBUG]  Processing /Users/aboynton/Library/Application Support/Titanium/mobilesdk/osx/4.1.0.GA/android/jaxen-1.1.1.jar
[DEBUG]  Processing /Users/aboynton/Library/Application Support/Titanium/mobilesdk/osx/4.1.0.GA/android/ti-commons-codec-1.3.jar
[DEBUG]  Processing /Users/aboynton/Library/Application Support/Titanium/mobilesdk/osx/4.1.0.GA/android/kroll-common.jar
[DEBUG]  Processing /Users/aboynton/Library/Application Support/Titanium/mobilesdk/osx/4.1.0.GA/android/titanium.jar
[DEBUG]  Deflating org/appcelerator/titanium/build.properties
[DEBUG]  Adding org/appcelerator/titanium/res/drawable/background.png
[DEBUG]  Adding org/appcelerator/titanium/res/drawable/btn_check_buttonless_on.png
[DEBUG]  Adding org/appcelerator/titanium/res/drawable/btn_check_buttonless_on_100.png
[DEBUG]  Adding org/appcelerator/titanium/res/drawable/btn_check_buttonless_on_18.png
[DEBUG]  Adding org/appcelerator/titanium/res/drawable/btn_check_buttonless_on_48.png
[DEBUG]  Adding org/appcelerator/titanium/res/drawable/btn_check_buttonless_on_64.png
[DEBUG]  Adding org/appcelerator/titanium/res/drawable/btn_more.png
[DEBUG]  Adding org/appcelerator/titanium/res/drawable/btn_more_100.png
[DEBUG]  Adding org/appcelerator/titanium/res/drawable/btn_more_18.png
[DEBUG]  Adding org/appcelerator/titanium/res/drawable/btn_more_48.png
[DEBUG]  Adding org/appcelerator/titanium/res/drawable/btn_more_64.png
[DEBUG]  Adding org/appcelerator/titanium/res/drawable/btn_picker_normal.9.png
[DEBUG]  Adding org/appcelerator/titanium/res/drawable/btn_picker_pressed.9.png
[DEBUG]  Adding org/appcelerator/titanium/res/drawable/btn_picker_selected.9.png
[DEBUG]  Adding org/appcelerator/titanium/res/drawable/default_icon.png
[DEBUG]  Adding org/appcelerator/titanium/res/drawable/photoDefault.png
[DEBUG]  Processing /Users/aboynton/Library/Application Support/Titanium/mobilesdk/osx/4.1.0.GA/android/modules/titanium-app.jar
[DEBUG]  Processing /Users/aboynton/Library/Application Support/Titanium/mobilesdk/osx/4.1.0.GA/android/modules/titanium-ui.jar
[DEBUG]  Deflating ti/modules/titanium/ui/widget/webview/binding.js
[DEBUG]  Deflating ti/modules/titanium/ui/widget/webview/binding.min.js
[DEBUG]  Deflating ti/modules/titanium/ui/widget/webview/json2.js
[DEBUG]  Deflating ti/modules/titanium/ui/widget/webview/polling.js
[DEBUG]  Deflating ti/modules/titanium/ui/widget/webview/polling.min.js
[DEBUG]  Processing /Users/aboynton/Library/Application Support/Titanium/mobilesdk/osx/4.1.0.GA/android/nineoldandroids-appc-2.4.0.jar
[DEBUG]  Processing /Users/aboynton/Library/Application Support/Titanium/mobilesdk/osx/4.1.0.GA/android/modules/titanium-filesystem.jar
[DEBUG]  Processing /Users/aboynton/Library/Application Support/Titanium/mobilesdk/osx/4.1.0.GA/android/modules/titanium-media.jar
[DEBUG]  Processing /Users/aboynton/Library/Application Support/Titanium/mobilesdk/osx/4.1.0.GA/android/modules/titanium-appcompat.jar
[DEBUG]  Processing /Users/aboynton/Library/Application Support/Titanium/mobilesdk/osx/4.1.0.GA/android/android-support-v4.jar
[DEBUG]  Processing /Users/aboynton/Library/Application Support/Titanium/mobilesdk/osx/4.1.0.GA/android/android-support-v7-appcompat.jar
[DEBUG]  Processing /Users/aboynton/Library/Application Support/Titanium/mobilesdk/osx/4.1.0.GA/android/modules/titanium-locale.jar
[DEBUG]  Processing /Users/aboynton/Library/Application Support/Titanium/mobilesdk/osx/4.1.0.GA/android/modules/titanium-network.jar
[DEBUG]  Processing /Users/aboynton/Library/Application Support/Titanium/mobilesdk/osx/4.1.0.GA/android/thirdparty.jar
[DEBUG]  Deflating org/apache/Commons-NOTICE.txt
[DEBUG]  Deflating org/apache/HttpComponents-NOTICE.txt
[DEBUG]  Deflating org/apache/mime4j-NOTICE.txt
[DEBUG]  Processing /Users/aboynton/Library/Application Support/Titanium/mobilesdk/osx/4.1.0.GA/android/modules/titanium-xml.jar
[DEBUG]  Processing /Users/aboynton/Library/Application Support/Titanium/mobilesdk/osx/4.1.0.GA/android/modules/titanium-utils.jar
[DEBUG]  Processing /Users/aboynton/Library/Application Support/Titanium/mobilesdk/osx/4.1.0.GA/android/modules/titanium-geolocation.jar
[DEBUG]  Processing /Users/aboynton/Library/Application Support/Titanium/mobilesdk/osx/4.1.0.GA/android/modules/titanium-accelerometer.jar
[DEBUG]  Processing /Users/aboynton/Library/Application Support/Titanium/mobilesdk/osx/4.1.0.GA/android/modules/titanium-contacts.jar
[DEBUG]  Processing /Users/aboynton/Library/Application Support/Titanium/mobilesdk/osx/4.1.0.GA/android/modules/titanium-map.jar
[DEBUG]  Processing /Users/aboynton/Library/Application Support/Titanium/mobilesdk/osx/4.1.0.GA/android/modules/titanium-calendar.jar
[DEBUG]  Processing /Users/aboynton/Library/Application Support/Titanium/mobilesdk/osx/4.1.0.GA/android/modules/titanium-gesture.jar
[DEBUG]  Processing /Users/aboynton/Library/Application Support/Titanium/mobilesdk/osx/4.1.0.GA/android/modules/titanium-platform.jar
[DEBUG]  Processing /Users/aboynton/Library/Application Support/Titanium/mobilesdk/osx/4.1.0.GA/android/modules/titanium-database.jar
[DEBUG]  Adding classes.dex
[INFO]   Processing /Users/aboynton/Desktop/AVF1508/Week3Project/build/android/src
[DEBUG]  Adding lib/armeabi/libkroll-v8.so
[DEBUG]  Adding lib/armeabi/libstlport_shared.so
[DEBUG]  Adding lib/armeabi/libtiverify.so
[DEBUG]  Adding lib/armeabi-v7a/libkroll-v8.so
[DEBUG]  Adding lib/armeabi-v7a/libstlport_shared.so
[DEBUG]  Adding lib/armeabi-v7a/libtiverify.so
[DEBUG]  Adding lib/x86/libkroll-v8.so
[DEBUG]  Adding lib/x86/libstlport_shared.so
[DEBUG]  Adding lib/x86/libtiverify.so
[INFO]   Writing unsigned apk: /Users/aboynton/Desktop/AVF1508/Week3Project/build/android/bin/app-unsigned.apk
[TRACE]  Emulator is not booted yet; checking again in 2000 ms
[TRACE]  Emulator is booted, emitting booted event
[INFO]   Emulator is booted
[INFO]   SD card not required, skipping mount check
[INFO]   Emulator ready!
[INFO]   Using MD5withRSA signature algorithm
[INFO]   Signing apk: /Library/Java/JavaVirtualMachines/jdk1.7.0_80.jdk/Contents/Home/bin/jarsigner "-sigalg" "MD5withRSA" "-digestalg" "SHA1" "-keystore" "/Users/aboynton/Library/Application Support/Titanium/mobilesdk/osx/4.1.0.GA/android/dev_keystore" "-storepass" "*******" "-signedjar" "/Users/aboynton/Desktop/AVF1508/Week3Project/build/android/bin/Week3Project.apk" "/Users/aboynton/Desktop/AVF1508/Week3Project/build/android/bin/app-unsigned.apk" "tidev"
[INFO]   Aligning zip file: /Users/aboynton/Library/Android/sdk/build-tools/21.1.2/zipalign "-v" "4" "/Users/aboynton/Desktop/AVF1508/Week3Project/build/android/bin/Week3Project.apk" "/Users/aboynton/Desktop/AVF1508/Week3Project/build/android/bin/Week3Project.apkz"
[INFO]   Writing build manifest: /Users/aboynton/Desktop/AVF1508/Week3Project/build/android/build-manifest.json
[INFO]   Making sure the adb server is running
[INFO]   Installing apk: /Users/aboynton/Desktop/AVF1508/Week3Project/build/android/bin/Week3Project.apk
[TRACE]  Checking if package manager service is started
[TRACE]  Package manager has started
[TRACE]  Executing: /Users/aboynton/Library/Android/sdk/platform-tools/adb -s 192.168.56.101:5555 install -r /Users/aboynton/Desktop/AVF1508/Week3Project/build/android/bin/Week3Project.apk
[INFO]   App successfully installed
[INFO]   Starting app: edu.fullsail.Week3Project/.Week3projectActivity
[DEBUG]  Trying to start the app...
[INFO]   Application pid: 1359
[INFO]   Project built successfully in 32s 375ms
