
Fri Aug 28 2015 21:37:07 GMT-0400 (EDT)

Operating System
  Name                        = Mac OS X
  Version                     = 10.10.5
  Architecture                = 64bit
  # CPUs                      = 8
  Memory                      = 8589934592

Node.js
  Node.js Version             = 0.10.13
  npm Version                 = 1.3.2

Titanium CLI
  CLI Version                 = 4.0.1

Titanium SDK
  SDK Version                 = 4.1.0.GA
  SDK Path                    = /Users/aboynton/Library/Application Support/Titanium/mobilesdk/osx/4.1.0.GA
  Target Platform             = iphone

Command
  /usr/local/bin/node /Users/aboynton/.appcelerator/install/4.1.2/package/node_modules/appc-cli-titanium/node_modules/titanium/bin/titanium build --platform ios --log-level trace --sdk 4.1.0.GA --project-dir /Users/aboynton/Desktop/AVF1508/Week3Project --target simulator --ios-version 8.4 --device-family universal --sim-type iphone --sim-version 8.4 --device-id 0F5E25FA-4594-438B-B90A-6565F272B0EA --skip-js-minify --liveview --deploy-type development --no-colors --no-progress-bars --no-prompt --prompt-type socket-bundle --prompt-port 49612 --plugin-paths /Users/aboynton/.appcelerator/install/4.1.2/package/node_modules --config-file /var/folders/ng/wpzg_lm131z1tf4pkhdtnyyw0000gn/T/build-1440812223579.json --no-banner

[DEBUG]  Detecting modules in /Users/aboynton/Library/Application Support/Titanium/modules
[DEBUG]  Detected android module: com.appcelerator.apm 1.1.1 @ /Users/aboynton/Library/Application Support/Titanium/modules/android/com.appcelerator.apm/1.1.1
[DEBUG]  Detected android module: facebook 3.0.2 @ /Users/aboynton/Library/Application Support/Titanium/modules/android/facebook/3.0.2
[DEBUG]  Detected android module: facebook 3.0.3 @ /Users/aboynton/Library/Application Support/Titanium/modules/android/facebook/3.0.3
[DEBUG]  Detected android module: facebook 4.0.5 @ /Users/aboynton/Library/Application Support/Titanium/modules/android/facebook/4.0.5
[DEBUG]  Detected android module: ti.cloudpush 3.3.0 @ /Users/aboynton/Library/Application Support/Titanium/modules/android/ti.cloudpush/3.3.0
[DEBUG]  Detected android module: ti.cloudpush 3.3.4 @ /Users/aboynton/Library/Application Support/Titanium/modules/android/ti.cloudpush/3.3.4
[DEBUG]  Detected android module: ti.cloudpush 3.3.7 @ /Users/aboynton/Library/Application Support/Titanium/modules/android/ti.cloudpush/3.3.7
[DEBUG]  Detected android module: ti.cloudpush 3.3.8 @ /Users/aboynton/Library/Application Support/Titanium/modules/android/ti.cloudpush/3.3.8
[DEBUG]  Detected android module: ti.map 2.1.4 @ /Users/aboynton/Library/Application Support/Titanium/modules/android/ti.map/2.1.4
[DEBUG]  Detected android module: ti.map 2.2.2 @ /Users/aboynton/Library/Application Support/Titanium/modules/android/ti.map/2.2.2
[DEBUG]  Detected android module: ti.map 2.2.3 @ /Users/aboynton/Library/Application Support/Titanium/modules/android/ti.map/2.2.3
[DEBUG]  Detected android module: ti.map 2.3.1 @ /Users/aboynton/Library/Application Support/Titanium/modules/android/ti.map/2.3.1
[DEBUG]  Detected commonjs module: ti.cloud 3.2.5 @ /Users/aboynton/Library/Application Support/Titanium/modules/commonjs/ti.cloud/3.2.5
[DEBUG]  Detected commonjs module: ti.cloud 3.2.7 @ /Users/aboynton/Library/Application Support/Titanium/modules/commonjs/ti.cloud/3.2.7
[DEBUG]  Detected commonjs module: ti.cloud 3.2.9 @ /Users/aboynton/Library/Application Support/Titanium/modules/commonjs/ti.cloud/3.2.9
[DEBUG]  Detected iphone module: com.appcelerator.apm 1.1.1 @ /Users/aboynton/Library/Application Support/Titanium/modules/iphone/com.appcelerator.apm/1.1.1
[DEBUG]  Detected iphone module: com.appcelerator.urlSession 1.0.1 @ /Users/aboynton/Library/Application Support/Titanium/modules/iphone/com.appcelerator.urlSession/1.0.1
[DEBUG]  Detected iphone module: com.appcelerator.urlSession 1.1.0 @ /Users/aboynton/Library/Application Support/Titanium/modules/iphone/com.appcelerator.urlSession/1.1.0
[DEBUG]  Detected iphone module: com.appcelerator.urlSession 1.1.1 @ /Users/aboynton/Library/Application Support/Titanium/modules/iphone/com.appcelerator.urlSession/1.1.1
[DEBUG]  Detected iphone module: facebook 3.1.1 @ /Users/aboynton/Library/Application Support/Titanium/modules/iphone/facebook/3.1.1
[DEBUG]  Detected iphone module: facebook 3.2.0 @ /Users/aboynton/Library/Application Support/Titanium/modules/iphone/facebook/3.2.0
[DEBUG]  Detected iphone module: facebook 4.0.5 @ /Users/aboynton/Library/Application Support/Titanium/modules/iphone/facebook/4.0.5
[DEBUG]  Detected iphone module: ti.coremotion 1.0.1 @ /Users/aboynton/Library/Application Support/Titanium/modules/iphone/ti.coremotion/1.0.1
[DEBUG]  Detected iphone module: ti.coremotion 1.1.0 @ /Users/aboynton/Library/Application Support/Titanium/modules/iphone/ti.coremotion/1.1.0
[DEBUG]  Detected iphone module: ti.map 2.0.4 @ /Users/aboynton/Library/Application Support/Titanium/modules/iphone/ti.map/2.0.4
[DEBUG]  Detected iphone module: ti.map 2.2.0 @ /Users/aboynton/Library/Application Support/Titanium/modules/iphone/ti.map/2.2.0
[DEBUG]  Detected iphone module: ti.map 2.3.1 @ /Users/aboynton/Library/Application Support/Titanium/modules/iphone/ti.map/2.3.1
[DEBUG]  Detected iphone module: ti.touchid 1.0 @ /Users/aboynton/Library/Application Support/Titanium/modules/iphone/ti.touchid/1.0
[DEBUG]  Detected iphone module: ti.touchid 1.1.0 @ /Users/aboynton/Library/Application Support/Titanium/modules/iphone/ti.touchid/1.1.0
[DEBUG]  Looking for Titanium module id=ti.cloud version=latest platform=commonjs deploy-type=development
[INFO]   Found Titanium module id=ti.cloud version=3.2.9 platform=commonjs deploy-type=development path=/Users/aboynton/Library/Application Support/Titanium/modules/commonjs/ti.cloud/3.2.9
[DEBUG]  No project level plugins to load
[DEBUG]  Titanium SDK iOS directory: /Users/aboynton/Library/Application Support/Titanium/mobilesdk/osx/4.1.0.GA/iphone
[INFO]   Deploy type: development
[INFO]   Building for target: simulator
[INFO]   Building using iOS SDK: 8.4
[INFO]   Building for iOS Simulator: iPhone 6
[DEBUG]  UDID: 0F5E25FA-4594-438B-B90A-6565F272B0EA
[DEBUG]  Simulator type: iphone
[DEBUG]  Simulator version: 8.4
[INFO]   Building for device family: universal
[DEBUG]  Setting Xcode target to Debug
[DEBUG]  Setting Xcode build OS to iphonesimulator8.4
[DEBUG]  Xcode installation: /Applications/Xcode.app/Contents/Developer
[DEBUG]  iOS WWDR certificate: installed
[INFO]   Minimum iOS version: 7.0
[INFO]   Debugging disabled
[INFO]   Profiler disabled
[INFO]   Forcing rebuild: /Users/aboynton/Desktop/AVF1508/Week3Project/build/iphone/build-manifest.json does not exist
[INFO]   Initiating prepare phase
[TRACE]  offline build file /var/folders/ng/wpzg_lm131z1tf4pkhdtnyyw0000gn/T/build-5b9f63954d73e6eb172f5fd427edc5997558b1c1.json
[TRACE]  online 0
[TRACE]  sending request {"json":{"username":"aboynton@fullsail.edu","session":"16210c06877b5e8aa84de39f627c86bc9277da99 wuzAKgaln73OkJserZQSaohtRNbpuypP9CYiEjSwR4uzmKLl7ad8kctKiMaJa6nMyhsRRy2U00m3YoGfW0G29l2YJHvub1mBO0uYgt3MnRziiXgwBbYxSxx/2n6+20DvIS98oYN/EFBujPz/cRTr1Dc5PqgGym3oCqoyAHeI+5nhTYvnR/d9kaS+HG9GQsMPJ/E9MwP8GAUeViqjRSia9L0sTsl3CrRnZfe4SKfxq+Dr9P2z3+kwuBDcV8jeXUctPzb8y3GWuCLGlCzs+XfNSQaUWz9CeSBtrwiyzryGSiG3/EZDKS5FpxF91ExZFGW41k0BHM3jV4WWD+EBk0UoOIPLp2kmhv/DarQ/EXSO2KOf8Sb56f6pn0SA7QJzSwhqM1PoTeE+T+mDQS7r0oCgbWZM7FijKFU8bT103dY0GPlkvBAopUi12YlFGcq/YQIdmJWPuIoWWyI+awbSCdpOgiXhQAPzb82ktO+sho4MA2Mk30wSE3luDB3idZZsClLakjTS5SrxqQaKj7Ipx9DIZpQ42ePbmy4FJ9iXosETZjOZG/KiBJ2/YB+ZjZ4u7oCFHbeJ7UUVTXnnx80ZAnyPaLXzDPUszvwnqMp1TePPyEnNBvJIS0viIFFbYOLM9lQOSYb/Msly7smCnbpbANriuexlBJCz+OqTk6b7UDulMltmPdxhTKA3M7iwsF4SfKyKO3pNeWpB+ncc6N86ZcxPRdCq3yLvMrUQgb25YKzDJMdI3luKRi1xgzjgXUR6JETQXSjq7Ix6oHoyqU36Ox9I/q69SgnJbOsytFcFDBXVtV8=","ipaddress":"192.168.1.7","fingerprint":"389dda3157753a35e1ffefdb30c447bfee725f30","fingerprint_description":"Mac OSX Serial Number: C02MW2Q4FD58","guid":"a81ed37c-8671-4bde-9444-00160327f4d2","appid":"edu.fullsail.Week3Project","name":"Week3Project","org_id":100039098,"deploytype":"development","tiappxml":"<?xml version=\"1.0\" encoding=\"UTF-8\"?>\n<ti:app \n  xmlns:ti=\"http://ti.appcelerator.org\">\n  <id>edu.fullsail.Week3Project</id>\n  <name>Week3Project</name>\n  <version>1.0</version>\n  <publisher>aboynton</publisher>\n  <url>http://www.mysite.com</url>\n  <description>undefined</description>\n  <copyright>2015 by aboynton</copyright>\n  <icon>appicon.png</icon>\n  <fullscreen>false</fullscreen>\n  <navbar-hidden>true</navbar-hidden>\n  <analytics>true</analytics>\n  <guid>a81ed37c-8671-4bde-9444-00160327f4d2</guid>\n  <property name=\"ti.ui.defaultunit\" type=\"string\">dp</property>\n  <ios>\n    <plist>\n      <dict>\n        <key>NSLocationAlwaysUsageDescription</key>\n        <string>This Utility application needs your Location to gather data.</string>\n        <key>UISupportedInterfaceOrientations~iphone</key>\n        <array>\n          <string>UIInterfaceOrientationPortrait</string>\n        </array>\n        <key>UISupportedInterfaceOrientations~ipad</key>\n        <array>\n          <string>UIInterfaceOrientationPortrait</string>\n          <string>UIInterfaceOrientationPortraitUpsideDown</string>\n          <string>UIInterfaceOrientationLandscapeLeft</string>\n          <string>UIInterfaceOrientationLandscapeRight</string>\n        </array>\n        <key>UIRequiresPersistentWiFi</key>\n        <false/>\n        <key>UIPrerenderedIcon</key>\n        <false/>\n        <key>UIStatusBarHidden</key>\n        <false/>\n        <key>UIStatusBarStyle</key>\n        <string>UIStatusBarStyleDefault</string>\n      </dict>\n    </plist>\n  </ios>\n  <android \n    xmlns:android=\"http://schemas.android.com/apk/res/android\"/>\n    <mobileweb>\n      <precache/>\n      <splash>\n        <enabled>true</enabled>\n        <inline-css-images>true</inline-css-images>\n      </splash>\n      <theme>default</theme>\n    </mobileweb>\n    <modules>\n      <module platform=\"commonjs\">ti.cloud</module>\n    </modules>\n    <deployment-targets>\n      <target device=\"android\">true</target>\n      <target device=\"ipad\">true</target>\n      <target device=\"iphone\">true</target>\n      <target device=\"mobileweb\">false</target>\n      <target device=\"windows\">false</target>\n    </deployment-targets>\n    <sdk-version>4.1.0.GA</sdk-version>\n    <property name=\"appc-app-id\" type=\"string\">55dbd63ae4fa64fe4feb86ee</property>\n    <property name=\"acs-authbase-url-development\" type=\"string\">***</property>\n    <property name=\"acs-base-url-development\" type=\"string\">***</property>\n    <property name=\"acs-oauth-secret-development\" type=\"string\">***</property>\n    <property name=\"acs-oauth-key-development\" type=\"string\">***</property>\n    <property name=\"acs-api-key-development\" type=\"string\">***</property>\n    <property name=\"acs-username-development\" type=\"string\">***</property>\n    <property name=\"acs-password-development\" type=\"string\">***</property>\n    <property name=\"acs-authbase-url-production\" type=\"string\">***</property>\n    <property name=\"acs-base-url-production\" type=\"string\">***</property>\n    <property name=\"acs-oauth-secret-production\" type=\"string\">***</property>\n    <property name=\"acs-oauth-key-production\" type=\"string\">***</property>\n    <property name=\"acs-api-key-production\" type=\"string\">***</property>\n    <property name=\"acs-username-production\" type=\"string\">***</property>\n    <property name=\"acs-password-production\" type=\"string\">***</property>\n    <property name=\"appc-org-id\" type=\"string\">100039098</property>\n    <property name=\"appc-creator-user-id\" type=\"string\">23d731c8-74c2-4310-a37f-38923187abd1</property>\n  </ti:app>","modules":[{"id":"ti.cloud","platform":["commonjs"],"deployType":["development"],"modulePath":"/Users/aboynton/Library/Application Support/Titanium/modules/commonjs/ti.cloud/3.2.9","version":"3.2.9","manifest":{"version":"3.2.9","description":"Appcelerator Cloud Services","author":"Dawson Toth, Jeff English, Jon Alter, Paul Lv, Michael Goff, and Pedro Enrique","license":"Appcelerator Commercial License","copyright":"Copyright (c) 2011-2014 by Appcelerator,  Inc.","name":"ti.cloud","moduleid":"ti.cloud","guid":"1056b5d2-2bb5-4339-b930-297637aeec4e","platform":"commonjs","minsdk":"2.1.0"},"native":false,"libFile":"/Users/aboynton/Library/Application Support/Titanium/modules/commonjs/ti.cloud/3.2.9/ti.cloud.js"}]},"gzip":true,"followAllRedirects":true,"url":"https://security.appcelerator.com/build-verify"}
[TRACE]  result from /build-verify=> {"key":"S75NtAMY4vNI2dSjTFLFPQ==","pepper":"ZtCW7dYiXsZ035682P7Tcw==","hmacKey":"8CYZpLBCoFmDubr5oEFJgw==","o":100039098,"u":"23d731c8-74c2-4310-a37f-38923187abd1","p":"free","i":"55e10cc26c03980c15906054","success":true}, err=null
[INFO]   JavaScript files need to be encrypted
[INFO]   Performing full rebuild
[INFO]   Copying Xcode iOS files
[DEBUG]  Copying /Users/aboynton/Library/Application Support/Titanium/mobilesdk/osx/4.1.0.GA/iphone/Classes => /Users/aboynton/Desktop/AVF1508/Week3Project/build/iphone/Classes
[DEBUG]  Copying /Users/aboynton/Library/Application Support/Titanium/mobilesdk/osx/4.1.0.GA/iphone/Classes/AFOpenFlow => /Users/aboynton/Desktop/AVF1508/Week3Project/build/iphone/Classes/AFOpenFlow
[DEBUG]  Processing /Users/aboynton/Library/Application Support/Titanium/mobilesdk/osx/4.1.0.GA/iphone/Classes/AFOpenFlow/AFItemView.h
[DEBUG]  Processing /Users/aboynton/Library/Application Support/Titanium/mobilesdk/osx/4.1.0.GA/iphone/Classes/AFOpenFlow/AFItemView.m
[DEBUG]  Processing /Users/aboynton/Library/Application Support/Titanium/mobilesdk/osx/4.1.0.GA/iphone/Classes/AFOpenFlow/AFOpenFlowConstants.h
[DEBUG]  Processing /Users/aboynton/Library/Application Support/Titanium/mobilesdk/osx/4.1.0.GA/iphone/Classes/AFOpenFlow/AFOpenFlowView.h
[DEBUG]  Processing /Users/aboynton/Library/Application Support/Titanium/mobilesdk/osx/4.1.0.GA/iphone/Classes/AFOpenFlow/AFOpenFlowView.m
[DEBUG]  Processing /Users/aboynton/Library/Application Support/Titanium/mobilesdk/osx/4.1.0.GA/iphone/Classes/AFOpenFlow/AFUIImageReflection.h
[DEBUG]  Processing /Users/aboynton/Library/Application Support/Titanium/mobilesdk/osx/4.1.0.GA/iphone/Classes/AFOpenFlow/AFUIImageReflection.m
[DEBUG]  Processing /Users/aboynton/Library/Application Support/Titanium/mobilesdk/osx/4.1.0.GA/iphone/Classes/AFOpenFlow/UIImageExtras.h
[DEBUG]  Processing /Users/aboynton/Library/Application Support/Titanium/mobilesdk/osx/4.1.0.GA/iphone/Classes/AFOpenFlow/UIImageExtras.m
[DEBUG]  Processing /Users/aboynton/Library/Application Support/Titanium/mobilesdk/osx/4.1.0.GA/iphone/Classes/APIModule.h
[DEBUG]  Processing /Users/aboynton/Library/Application Support/Titanium/mobilesdk/osx/4.1.0.GA/iphone/Classes/APIModule.m
[DEBUG]  Copying /Users/aboynton/Library/Application Support/Titanium/mobilesdk/osx/4.1.0.GA/iphone/Classes/APSAnalytics => /Users/aboynton/Desktop/AVF1508/Week3Project/build/iphone/Classes/APSAnalytics
[DEBUG]  Processing /Users/aboynton/Library/Application Support/Titanium/mobilesdk/osx/4.1.0.GA/iphone/Classes/APSAnalytics/APSAnalytics.h
[DEBUG]  Copying /Users/aboynton/Library/Application Support/Titanium/mobilesdk/osx/4.1.0.GA/iphone/Classes/APSHTTPClient => /Users/aboynton/Desktop/AVF1508/Week3Project/build/iphone/Classes/APSHTTPClient
[DEBUG]  Processing /Users/aboynton/Library/Application Support/Titanium/mobilesdk/osx/4.1.0.GA/iphone/Classes/APSHTTPClient/APSHTTPClient.h
[DEBUG]  Processing /Users/aboynton/Library/Application Support/Titanium/mobilesdk/osx/4.1.0.GA/iphone/Classes/APSHTTPClient/APSHTTPHelper.h
[DEBUG]  Processing /Users/aboynton/Library/Application Support/Titanium/mobilesdk/osx/4.1.0.GA/iphone/Classes/APSHTTPClient/APSHTTPPostForm.h
[DEBUG]  Processing /Users/aboynton/Library/Application Support/Titanium/mobilesdk/osx/4.1.0.GA/iphone/Classes/APSHTTPClient/APSHTTPRequest.h
[DEBUG]  Processing /Users/aboynton/Library/Application Support/Titanium/mobilesdk/osx/4.1.0.GA/iphone/Classes/APSHTTPClient/APSHTTPResponse.h
[DEBUG]  Processing /Users/aboynton/Library/Application Support/Titanium/mobilesdk/osx/4.1.0.GA/iphone/Classes/AccelerometerModule.h
[DEBUG]  Processing /Users/aboynton/Library/Application Support/Titanium/mobilesdk/osx/4.1.0.GA/iphone/Classes/AccelerometerModule.m
[DEBUG]  Processing /Users/aboynton/Library/Application Support/Titanium/mobilesdk/osx/4.1.0.GA/iphone/Classes/AnalyticsModule.h
[DEBUG]  Processing /Users/aboynton/Library/Application Support/Titanium/mobilesdk/osx/4.1.0.GA/iphone/Classes/AnalyticsModule.m
[DEBUG]  Processing /Users/aboynton/Library/Application Support/Titanium/mobilesdk/osx/4.1.0.GA/iphone/Classes/AppModule.h
[DEBUG]  Processing /Users/aboynton/Library/Application Support/Titanium/mobilesdk/osx/4.1.0.GA/iphone/Classes/AppModule.m
[DEBUG]  Processing /Users/aboynton/Library/Application Support/Titanium/mobilesdk/osx/4.1.0.GA/iphone/Classes/ApplicationDefaults.h
[DEBUG]  Processing /Users/aboynton/Library/Application Support/Titanium/mobilesdk/osx/4.1.0.GA/iphone/Classes/ApplicationDefaults.m
[DEBUG]  Processing /Users/aboynton/Library/Application Support/Titanium/mobilesdk/osx/4.1.0.GA/iphone/Classes/ApplicationMods.h
[DEBUG]  Processing /Users/aboynton/Library/Application Support/Titanium/mobilesdk/osx/4.1.0.GA/iphone/Classes/ApplicationMods.m
[DEBUG]  Processing /Users/aboynton/Library/Application Support/Titanium/mobilesdk/osx/4.1.0.GA/iphone/Classes/ApplicationRouting.h
[DEBUG]  Processing /Users/aboynton/Library/Application Support/Titanium/mobilesdk/osx/4.1.0.GA/iphone/Classes/ApplicationRouting.m
[DEBUG]  Processing /Users/aboynton/Library/Application Support/Titanium/mobilesdk/osx/4.1.0.GA/iphone/Classes/AsyncSocket.h
[DEBUG]  Processing /Users/aboynton/Library/Application Support/Titanium/mobilesdk/osx/4.1.0.GA/iphone/Classes/AsyncSocket.m
[DEBUG]  Processing /Users/aboynton/Library/Application Support/Titanium/mobilesdk/osx/4.1.0.GA/iphone/Classes/AsyncUdpSocket.h
[DEBUG]  Processing /Users/aboynton/Library/Application Support/Titanium/mobilesdk/osx/4.1.0.GA/iphone/Classes/AsyncUdpSocket.m
[DEBUG]  Copying /Users/aboynton/Library/Application Support/Titanium/mobilesdk/osx/4.1.0.GA/iphone/Classes/AudioStreamer => /Users/aboynton/Desktop/AVF1508/Week3Project/build/iphone/Classes/AudioStreamer
[DEBUG]  Processing /Users/aboynton/Library/Application Support/Titanium/mobilesdk/osx/4.1.0.GA/iphone/Classes/AudioStreamer/AudioStreamer.h
[DEBUG]  Processing /Users/aboynton/Library/Application Support/Titanium/mobilesdk/osx/4.1.0.GA/iphone/Classes/AudioStreamer/AudioStreamer.m
[DEBUG]  Processing /Users/aboynton/Library/Application Support/Titanium/mobilesdk/osx/4.1.0.GA/iphone/Classes/AudioStreamer/AudioStreamerCUR.h
[DEBUG]  Processing /Users/aboynton/Library/Application Support/Titanium/mobilesdk/osx/4.1.0.GA/iphone/Classes/AudioStreamer/AudioStreamerCUR.m
[DEBUG]  Processing /Users/aboynton/Library/Application Support/Titanium/mobilesdk/osx/4.1.0.GA/iphone/Classes/Base64Transcoder.c
[DEBUG]  Processing /Users/aboynton/Library/Application Support/Titanium/mobilesdk/osx/4.1.0.GA/iphone/Classes/Base64Transcoder.h
[DEBUG]  Processing /Users/aboynton/Library/Application Support/Titanium/mobilesdk/osx/4.1.0.GA/iphone/Classes/Bridge.h
[DEBUG]  Processing /Users/aboynton/Library/Application Support/Titanium/mobilesdk/osx/4.1.0.GA/iphone/Classes/Bridge.m
[DEBUG]  Processing /Users/aboynton/Library/Application Support/Titanium/mobilesdk/osx/4.1.0.GA/iphone/Classes/CalendarModule.h
[DEBUG]  Processing /Users/aboynton/Library/Application Support/Titanium/mobilesdk/osx/4.1.0.GA/iphone/Classes/CalendarModule.m
[DEBUG]  Processing /Users/aboynton/Library/Application Support/Titanium/mobilesdk/osx/4.1.0.GA/iphone/Classes/CodecModule.h
[DEBUG]  Processing /Users/aboynton/Library/Application Support/Titanium/mobilesdk/osx/4.1.0.GA/iphone/Classes/CodecModule.m
[DEBUG]  Processing /Users/aboynton/Library/Application Support/Titanium/mobilesdk/osx/4.1.0.GA/iphone/Classes/ContactsModule.h
[DEBUG]  Processing /Users/aboynton/Library/Application Support/Titanium/mobilesdk/osx/4.1.0.GA/iphone/Classes/ContactsModule.m
[DEBUG]  Processing /Users/aboynton/Library/Application Support/Titanium/mobilesdk/osx/4.1.0.GA/iphone/Classes/DatabaseModule.h
[DEBUG]  Processing /Users/aboynton/Library/Application Support/Titanium/mobilesdk/osx/4.1.0.GA/iphone/Classes/DatabaseModule.m
[DEBUG]  Processing /Users/aboynton/Library/Application Support/Titanium/mobilesdk/osx/4.1.0.GA/iphone/Classes/FilesystemModule.h
[DEBUG]  Processing /Users/aboynton/Library/Application Support/Titanium/mobilesdk/osx/4.1.0.GA/iphone/Classes/FilesystemModule.m
[DEBUG]  Processing /Users/aboynton/Library/Application Support/Titanium/mobilesdk/osx/4.1.0.GA/iphone/Classes/GDataXMLNode.h
[DEBUG]  Processing /Users/aboynton/Library/Application Support/Titanium/mobilesdk/osx/4.1.0.GA/iphone/Classes/GDataXMLNode.m
[DEBUG]  Processing /Users/aboynton/Library/Application Support/Titanium/mobilesdk/osx/4.1.0.GA/iphone/Classes/GeolocationModule.h
[DEBUG]  Processing /Users/aboynton/Library/Application Support/Titanium/mobilesdk/osx/4.1.0.GA/iphone/Classes/GeolocationModule.m
[DEBUG]  Processing /Users/aboynton/Library/Application Support/Titanium/mobilesdk/osx/4.1.0.GA/iphone/Classes/GestureModule.h
[DEBUG]  Processing /Users/aboynton/Library/Application Support/Titanium/mobilesdk/osx/4.1.0.GA/iphone/Classes/GestureModule.m
[DEBUG]  Processing /Users/aboynton/Library/Application Support/Titanium/mobilesdk/osx/4.1.0.GA/iphone/Classes/ImageLoader.h
[DEBUG]  Processing /Users/aboynton/Library/Application Support/Titanium/mobilesdk/osx/4.1.0.GA/iphone/Classes/ImageLoader.m
[DEBUG]  Processing /Users/aboynton/Library/Application Support/Titanium/mobilesdk/osx/4.1.0.GA/iphone/Classes/KrollBridge.h
[DEBUG]  Processing /Users/aboynton/Library/Application Support/Titanium/mobilesdk/osx/4.1.0.GA/iphone/Classes/KrollBridge.m
[DEBUG]  Processing /Users/aboynton/Library/Application Support/Titanium/mobilesdk/osx/4.1.0.GA/iphone/Classes/KrollCallback.h
[DEBUG]  Processing /Users/aboynton/Library/Application Support/Titanium/mobilesdk/osx/4.1.0.GA/iphone/Classes/KrollCallback.m
[DEBUG]  Processing /Users/aboynton/Library/Application Support/Titanium/mobilesdk/osx/4.1.0.GA/iphone/Classes/KrollContext.h
[DEBUG]  Processing /Users/aboynton/Library/Application Support/Titanium/mobilesdk/osx/4.1.0.GA/iphone/Classes/KrollContext.m
[DEBUG]  Processing /Users/aboynton/Library/Application Support/Titanium/mobilesdk/osx/4.1.0.GA/iphone/Classes/KrollCoverage.h
[DEBUG]  Processing /Users/aboynton/Library/Application Support/Titanium/mobilesdk/osx/4.1.0.GA/iphone/Classes/KrollCoverage.m
[DEBUG]  Processing /Users/aboynton/Library/Application Support/Titanium/mobilesdk/osx/4.1.0.GA/iphone/Classes/KrollMethod.h
[DEBUG]  Processing /Users/aboynton/Library/Application Support/Titanium/mobilesdk/osx/4.1.0.GA/iphone/Classes/KrollMethod.m
[DEBUG]  Processing /Users/aboynton/Library/Application Support/Titanium/mobilesdk/osx/4.1.0.GA/iphone/Classes/KrollMethodDelegate.h
[DEBUG]  Processing /Users/aboynton/Library/Application Support/Titanium/mobilesdk/osx/4.1.0.GA/iphone/Classes/KrollMethodDelegate.m
[DEBUG]  Processing /Users/aboynton/Library/Application Support/Titanium/mobilesdk/osx/4.1.0.GA/iphone/Classes/KrollObject.h
[DEBUG]  Processing /Users/aboynton/Library/Application Support/Titanium/mobilesdk/osx/4.1.0.GA/iphone/Classes/KrollObject.m
[DEBUG]  Processing /Users/aboynton/Library/Application Support/Titanium/mobilesdk/osx/4.1.0.GA/iphone/Classes/KrollPropertyDelegate.h
[DEBUG]  Processing /Users/aboynton/Library/Application Support/Titanium/mobilesdk/osx/4.1.0.GA/iphone/Classes/KrollPropertyDelegate.m
[DEBUG]  Processing /Users/aboynton/Library/Application Support/Titanium/mobilesdk/osx/4.1.0.GA/iphone/Classes/KrollTimer.h
[DEBUG]  Processing /Users/aboynton/Library/Application Support/Titanium/mobilesdk/osx/4.1.0.GA/iphone/Classes/KrollTimer.m
[DEBUG]  Processing /Users/aboynton/Library/Application Support/Titanium/mobilesdk/osx/4.1.0.GA/iphone/Classes/LauncherButton.h
[DEBUG]  Processing /Users/aboynton/Library/Application Support/Titanium/mobilesdk/osx/4.1.0.GA/iphone/Classes/LauncherButton.m
[DEBUG]  Processing /Users/aboynton/Library/Application Support/Titanium/mobilesdk/osx/4.1.0.GA/iphone/Classes/LauncherItem.h
[DEBUG]  Processing /Users/aboynton/Library/Application Support/Titanium/mobilesdk/osx/4.1.0.GA/iphone/Classes/LauncherItem.m
[DEBUG]  Processing /Users/aboynton/Library/Application Support/Titanium/mobilesdk/osx/4.1.0.GA/iphone/Classes/LauncherView.h
[DEBUG]  Processing /Users/aboynton/Library/Application Support/Titanium/mobilesdk/osx/4.1.0.GA/iphone/Classes/LauncherView.m
[DEBUG]  Processing /Users/aboynton/Library/Application Support/Titanium/mobilesdk/osx/4.1.0.GA/iphone/Classes/LayoutConstraint.h
[DEBUG]  Processing /Users/aboynton/Library/Application Support/Titanium/mobilesdk/osx/4.1.0.GA/iphone/Classes/LayoutConstraint.m
[DEBUG]  Processing /Users/aboynton/Library/Application Support/Titanium/mobilesdk/osx/4.1.0.GA/iphone/Classes/ListenerEntry.h
[DEBUG]  Processing /Users/aboynton/Library/Application Support/Titanium/mobilesdk/osx/4.1.0.GA/iphone/Classes/ListenerEntry.m
[DEBUG]  Processing /Users/aboynton/Library/Application Support/Titanium/mobilesdk/osx/4.1.0.GA/iphone/Classes/LocaleModule.h
[DEBUG]  Processing /Users/aboynton/Library/Application Support/Titanium/mobilesdk/osx/4.1.0.GA/iphone/Classes/LocaleModule.m
[DEBUG]  Copying /Users/aboynton/Library/Application Support/Titanium/mobilesdk/osx/4.1.0.GA/iphone/Classes/MGSplitView => /Users/aboynton/Desktop/AVF1508/Week3Project/build/iphone/Classes/MGSplitView
[DEBUG]  Processing /Users/aboynton/Library/Application Support/Titanium/mobilesdk/osx/4.1.0.GA/iphone/Classes/MGSplitView/MGSplitCornersView.h
[DEBUG]  Processing /Users/aboynton/Library/Application Support/Titanium/mobilesdk/osx/4.1.0.GA/iphone/Classes/MGSplitView/MGSplitCornersView.m
[DEBUG]  Processing /Users/aboynton/Library/Application Support/Titanium/mobilesdk/osx/4.1.0.GA/iphone/Classes/MGSplitView/MGSplitDividerView.h
[DEBUG]  Processing /Users/aboynton/Library/Application Support/Titanium/mobilesdk/osx/4.1.0.GA/iphone/Classes/MGSplitView/MGSplitDividerView.m
[DEBUG]  Processing /Users/aboynton/Library/Application Support/Titanium/mobilesdk/osx/4.1.0.GA/iphone/Classes/MGSplitView/MGSplitView.h
[DEBUG]  Processing /Users/aboynton/Library/Application Support/Titanium/mobilesdk/osx/4.1.0.GA/iphone/Classes/MGSplitView/MGSplitView.m
[DEBUG]  Processing /Users/aboynton/Library/Application Support/Titanium/mobilesdk/osx/4.1.0.GA/iphone/Classes/MGSplitView/MGSplitViewController.h
[DEBUG]  Processing /Users/aboynton/Library/Application Support/Titanium/mobilesdk/osx/4.1.0.GA/iphone/Classes/MGSplitView/MGSplitViewController.m
[DEBUG]  Processing /Users/aboynton/Library/Application Support/Titanium/mobilesdk/osx/4.1.0.GA/iphone/Classes/MediaModule.h
[DEBUG]  Processing /Users/aboynton/Library/Application Support/Titanium/mobilesdk/osx/4.1.0.GA/iphone/Classes/MediaModule.m
[DEBUG]  Processing /Users/aboynton/Library/Application Support/Titanium/mobilesdk/osx/4.1.0.GA/iphone/Classes/Mimetypes.h
[DEBUG]  Processing /Users/aboynton/Library/Application Support/Titanium/mobilesdk/osx/4.1.0.GA/iphone/Classes/Mimetypes.m
[DEBUG]  Processing /Users/aboynton/Library/Application Support/Titanium/mobilesdk/osx/4.1.0.GA/iphone/Classes/NSData+Additions.h
[DEBUG]  Processing /Users/aboynton/Library/Application Support/Titanium/mobilesdk/osx/4.1.0.GA/iphone/Classes/NSData+Additions.m
[DEBUG]  Processing /Users/aboynton/Library/Application Support/Titanium/mobilesdk/osx/4.1.0.GA/iphone/Classes/NetworkModule.h
[DEBUG]  Processing /Users/aboynton/Library/Application Support/Titanium/mobilesdk/osx/4.1.0.GA/iphone/Classes/NetworkModule.m
[DEBUG]  Processing /Users/aboynton/Library/Application Support/Titanium/mobilesdk/osx/4.1.0.GA/iphone/Classes/OperationQueue.h
[DEBUG]  Processing /Users/aboynton/Library/Application Support/Titanium/mobilesdk/osx/4.1.0.GA/iphone/Classes/OperationQueue.m
[DEBUG]  Processing /Users/aboynton/Library/Application Support/Titanium/mobilesdk/osx/4.1.0.GA/iphone/Classes/PlatformModule.h
[DEBUG]  Processing /Users/aboynton/Library/Application Support/Titanium/mobilesdk/osx/4.1.0.GA/iphone/Classes/PlatformModule.m
[DEBUG]  Copying /Users/aboynton/Library/Application Support/Titanium/mobilesdk/osx/4.1.0.GA/iphone/Classes/PlausibleDatabase => /Users/aboynton/Desktop/AVF1508/Week3Project/build/iphone/Classes/PlausibleDatabase
[DEBUG]  Processing /Users/aboynton/Library/Application Support/Titanium/mobilesdk/osx/4.1.0.GA/iphone/Classes/PlausibleDatabase/PLDatabase.h
[DEBUG]  Processing /Users/aboynton/Library/Application Support/Titanium/mobilesdk/osx/4.1.0.GA/iphone/Classes/PlausibleDatabase/PLPreparedStatement.h
[DEBUG]  Processing /Users/aboynton/Library/Application Support/Titanium/mobilesdk/osx/4.1.0.GA/iphone/Classes/PlausibleDatabase/PLResultSet.h
[DEBUG]  Processing /Users/aboynton/Library/Application Support/Titanium/mobilesdk/osx/4.1.0.GA/iphone/Classes/PlausibleDatabase/PLSqliteDatabase.h
[DEBUG]  Processing /Users/aboynton/Library/Application Support/Titanium/mobilesdk/osx/4.1.0.GA/iphone/Classes/PlausibleDatabase/PLSqliteDatabase.m
[DEBUG]  Processing /Users/aboynton/Library/Application Support/Titanium/mobilesdk/osx/4.1.0.GA/iphone/Classes/PlausibleDatabase/PLSqlitePreparedStatement.h
[DEBUG]  Processing /Users/aboynton/Library/Application Support/Titanium/mobilesdk/osx/4.1.0.GA/iphone/Classes/PlausibleDatabase/PLSqlitePreparedStatement.m
[DEBUG]  Processing /Users/aboynton/Library/Application Support/Titanium/mobilesdk/osx/4.1.0.GA/iphone/Classes/PlausibleDatabase/PLSqliteResultSet.h
[DEBUG]  Processing /Users/aboynton/Library/Application Support/Titanium/mobilesdk/osx/4.1.0.GA/iphone/Classes/PlausibleDatabase/PLSqliteResultSet.m
[DEBUG]  Processing /Users/aboynton/Library/Application Support/Titanium/mobilesdk/osx/4.1.0.GA/iphone/Classes/PlausibleDatabase/PlausibleDatabase.h
[DEBUG]  Processing /Users/aboynton/Library/Application Support/Titanium/mobilesdk/osx/4.1.0.GA/iphone/Classes/PlausibleDatabase/PlausibleDatabase.m
[DEBUG]  Processing /Users/aboynton/Library/Application Support/Titanium/mobilesdk/osx/4.1.0.GA/iphone/Classes/Reachability.h
[DEBUG]  Processing /Users/aboynton/Library/Application Support/Titanium/mobilesdk/osx/4.1.0.GA/iphone/Classes/Reachability.m
[DEBUG]  Processing /Users/aboynton/Library/Application Support/Titanium/mobilesdk/osx/4.1.0.GA/iphone/Classes/SBJSON.h
[DEBUG]  Processing /Users/aboynton/Library/Application Support/Titanium/mobilesdk/osx/4.1.0.GA/iphone/Classes/SBJSON.m
[DEBUG]  Processing /Users/aboynton/Library/Application Support/Titanium/mobilesdk/osx/4.1.0.GA/iphone/Classes/SCListener.h
[DEBUG]  Processing /Users/aboynton/Library/Application Support/Titanium/mobilesdk/osx/4.1.0.GA/iphone/Classes/SCListener.m
[DEBUG]  Processing /Users/aboynton/Library/Application Support/Titanium/mobilesdk/osx/4.1.0.GA/iphone/Classes/StreamModule.h
[DEBUG]  Processing /Users/aboynton/Library/Application Support/Titanium/mobilesdk/osx/4.1.0.GA/iphone/Classes/StreamModule.m
[DEBUG]  Processing /Users/aboynton/Library/Application Support/Titanium/mobilesdk/osx/4.1.0.GA/iphone/Classes/TIDOMCharacterDataProxy.h
[DEBUG]  Processing /Users/aboynton/Library/Application Support/Titanium/mobilesdk/osx/4.1.0.GA/iphone/Classes/TIDOMCharacterDataProxy.m
[DEBUG]  Processing /Users/aboynton/Library/Application Support/Titanium/mobilesdk/osx/4.1.0.GA/iphone/Classes/TIDOMDOMImplementationProxy.h
[DEBUG]  Processing /Users/aboynton/Library/Application Support/Titanium/mobilesdk/osx/4.1.0.GA/iphone/Classes/TIDOMDOMImplementationProxy.m
[DEBUG]  Processing /Users/aboynton/Library/Application Support/Titanium/mobilesdk/osx/4.1.0.GA/iphone/Classes/TIDOMDocumentTypeProxy.h
[DEBUG]  Processing /Users/aboynton/Library/Application Support/Titanium/mobilesdk/osx/4.1.0.GA/iphone/Classes/TIDOMDocumentTypeProxy.m
[DEBUG]  Processing /Users/aboynton/Library/Application Support/Titanium/mobilesdk/osx/4.1.0.GA/iphone/Classes/ThirdpartyNS.h
[DEBUG]  Processing /Users/aboynton/Library/Application Support/Titanium/mobilesdk/osx/4.1.0.GA/iphone/Classes/Ti2DMatrix.h
[DEBUG]  Processing /Users/aboynton/Library/Application Support/Titanium/mobilesdk/osx/4.1.0.GA/iphone/Classes/Ti2DMatrix.m
[DEBUG]  Processing /Users/aboynton/Library/Application Support/Titanium/mobilesdk/osx/4.1.0.GA/iphone/Classes/Ti3DMatrix.h
[DEBUG]  Processing /Users/aboynton/Library/Application Support/Titanium/mobilesdk/osx/4.1.0.GA/iphone/Classes/Ti3DMatrix.m
[DEBUG]  Processing /Users/aboynton/Library/Application Support/Titanium/mobilesdk/osx/4.1.0.GA/iphone/Classes/TiAction.h
[DEBUG]  Processing /Users/aboynton/Library/Application Support/Titanium/mobilesdk/osx/4.1.0.GA/iphone/Classes/TiAction.m
[DEBUG]  Processing /Users/aboynton/Library/Application Support/Titanium/mobilesdk/osx/4.1.0.GA/iphone/Classes/TiAnchorAttachBehavior.h
[DEBUG]  Processing /Users/aboynton/Library/Application Support/Titanium/mobilesdk/osx/4.1.0.GA/iphone/Classes/TiAnchorAttachBehavior.m
[DEBUG]  Processing /Users/aboynton/Library/Application Support/Titanium/mobilesdk/osx/4.1.0.GA/iphone/Classes/TiAnimation.h
[DEBUG]  Processing /Users/aboynton/Library/Application Support/Titanium/mobilesdk/osx/4.1.0.GA/iphone/Classes/TiAnimation.m
[DEBUG]  Processing /Users/aboynton/Library/Application Support/Titanium/mobilesdk/osx/4.1.0.GA/iphone/Classes/TiAnimatorProxy.h
[DEBUG]  Processing /Users/aboynton/Library/Application Support/Titanium/mobilesdk/osx/4.1.0.GA/iphone/Classes/TiAnimatorProxy.m
[DEBUG]  Processing /Users/aboynton/Library/Application Support/Titanium/mobilesdk/osx/4.1.0.GA/iphone/Classes/TiApp.h
[DEBUG]  Processing /Users/aboynton/Library/Application Support/Titanium/mobilesdk/osx/4.1.0.GA/iphone/Classes/TiApp.m
[DEBUG]  Processing /Users/aboynton/Library/Application Support/Titanium/mobilesdk/osx/4.1.0.GA/iphone/Classes/TiAppPropertiesProxy.h
[DEBUG]  Processing /Users/aboynton/Library/Application Support/Titanium/mobilesdk/osx/4.1.0.GA/iphone/Classes/TiAppPropertiesProxy.m
[DEBUG]  Processing /Users/aboynton/Library/Application Support/Titanium/mobilesdk/osx/4.1.0.GA/iphone/Classes/TiAppiOSBackgroundServiceProxy.h
[DEBUG]  Processing /Users/aboynton/Library/Application Support/Titanium/mobilesdk/osx/4.1.0.GA/iphone/Classes/TiAppiOSBackgroundServiceProxy.m
[DEBUG]  Processing /Users/aboynton/Library/Application Support/Titanium/mobilesdk/osx/4.1.0.GA/iphone/Classes/TiAppiOSLocalNotificationProxy.h
[DEBUG]  Processing /Users/aboynton/Library/Application Support/Titanium/mobilesdk/osx/4.1.0.GA/iphone/Classes/TiAppiOSLocalNotificationProxy.m
[DEBUG]  Processing /Users/aboynton/Library/Application Support/Titanium/mobilesdk/osx/4.1.0.GA/iphone/Classes/TiAppiOSNotificationActionProxy.h
[DEBUG]  Processing /Users/aboynton/Library/Application Support/Titanium/mobilesdk/osx/4.1.0.GA/iphone/Classes/TiAppiOSNotificationActionProxy.m
[DEBUG]  Processing /Users/aboynton/Library/Application Support/Titanium/mobilesdk/osx/4.1.0.GA/iphone/Classes/TiAppiOSNotificationCategoryProxy.h
[DEBUG]  Processing /Users/aboynton/Library/Application Support/Titanium/mobilesdk/osx/4.1.0.GA/iphone/Classes/TiAppiOSNotificationCategoryProxy.m
[DEBUG]  Processing /Users/aboynton/Library/Application Support/Titanium/mobilesdk/osx/4.1.0.GA/iphone/Classes/TiAppiOSProxy.h
[DEBUG]  Processing /Users/aboynton/Library/Application Support/Titanium/mobilesdk/osx/4.1.0.GA/iphone/Classes/TiAppiOSProxy.m
[DEBUG]  Processing /Users/aboynton/Library/Application Support/Titanium/mobilesdk/osx/4.1.0.GA/iphone/Classes/TiAppiOSUserDefaultsProxy.h
[DEBUG]  Processing /Users/aboynton/Library/Application Support/Titanium/mobilesdk/osx/4.1.0.GA/iphone/Classes/TiAppiOSUserDefaultsProxy.m
[DEBUG]  Processing /Users/aboynton/Library/Application Support/Titanium/mobilesdk/osx/4.1.0.GA/iphone/Classes/TiBase.h
[DEBUG]  Processing /Users/aboynton/Library/Application Support/Titanium/mobilesdk/osx/4.1.0.GA/iphone/Classes/TiBase.m
[DEBUG]  Processing /Users/aboynton/Library/Application Support/Titanium/mobilesdk/osx/4.1.0.GA/iphone/Classes/TiBindingEvent.h
[DEBUG]  Processing /Users/aboynton/Library/Application Support/Titanium/mobilesdk/osx/4.1.0.GA/iphone/Classes/TiBindingEvent.m
[DEBUG]  Processing /Users/aboynton/Library/Application Support/Titanium/mobilesdk/osx/4.1.0.GA/iphone/Classes/TiBindingRunLoop.h
[DEBUG]  Processing /Users/aboynton/Library/Application Support/Titanium/mobilesdk/osx/4.1.0.GA/iphone/Classes/TiBindingRunLoop.m
[DEBUG]  Processing /Users/aboynton/Library/Application Support/Titanium/mobilesdk/osx/4.1.0.GA/iphone/Classes/TiBindingTiValue.h
[DEBUG]  Processing /Users/aboynton/Library/Application Support/Titanium/mobilesdk/osx/4.1.0.GA/iphone/Classes/TiBindingTiValue.m
[DEBUG]  Processing /Users/aboynton/Library/Application Support/Titanium/mobilesdk/osx/4.1.0.GA/iphone/Classes/TiBlob.h
[DEBUG]  Processing /Users/aboynton/Library/Application Support/Titanium/mobilesdk/osx/4.1.0.GA/iphone/Classes/TiBlob.m
[DEBUG]  Processing /Users/aboynton/Library/Application Support/Titanium/mobilesdk/osx/4.1.0.GA/iphone/Classes/TiBuffer.h
[DEBUG]  Processing /Users/aboynton/Library/Application Support/Titanium/mobilesdk/osx/4.1.0.GA/iphone/Classes/TiBuffer.m
[DEBUG]  Processing /Users/aboynton/Library/Application Support/Titanium/mobilesdk/osx/4.1.0.GA/iphone/Classes/TiButtonUtil.h
[DEBUG]  Processing /Users/aboynton/Library/Application Support/Titanium/mobilesdk/osx/4.1.0.GA/iphone/Classes/TiButtonUtil.m
[DEBUG]  Processing /Users/aboynton/Library/Application Support/Titanium/mobilesdk/osx/4.1.0.GA/iphone/Classes/TiCalendarAlert.h
[DEBUG]  Processing /Users/aboynton/Library/Application Support/Titanium/mobilesdk/osx/4.1.0.GA/iphone/Classes/TiCalendarAlert.m
[DEBUG]  Processing /Users/aboynton/Library/Application Support/Titanium/mobilesdk/osx/4.1.0.GA/iphone/Classes/TiCalendarCalendar.h
[DEBUG]  Processing /Users/aboynton/Library/Application Support/Titanium/mobilesdk/osx/4.1.0.GA/iphone/Classes/TiCalendarCalendar.m
[DEBUG]  Processing /Users/aboynton/Library/Application Support/Titanium/mobilesdk/osx/4.1.0.GA/iphone/Classes/TiCalendarEvent.h
[DEBUG]  Processing /Users/aboynton/Library/Application Support/Titanium/mobilesdk/osx/4.1.0.GA/iphone/Classes/TiCalendarEvent.m
[DEBUG]  Processing /Users/aboynton/Library/Application Support/Titanium/mobilesdk/osx/4.1.0.GA/iphone/Classes/TiCalendarRecurrenceRule.h
[DEBUG]  Processing /Users/aboynton/Library/Application Support/Titanium/mobilesdk/osx/4.1.0.GA/iphone/Classes/TiCalendarRecurrenceRule.m
[DEBUG]  Processing /Users/aboynton/Library/Application Support/Titanium/mobilesdk/osx/4.1.0.GA/iphone/Classes/TiCalendarReminder.h
[DEBUG]  Processing /Users/aboynton/Library/Application Support/Titanium/mobilesdk/osx/4.1.0.GA/iphone/Classes/TiCalendarReminder.m
[DEBUG]  Processing /Users/aboynton/Library/Application Support/Titanium/mobilesdk/osx/4.1.0.GA/iphone/Classes/TiCollisionBehavior.h
[DEBUG]  Processing /Users/aboynton/Library/Application Support/Titanium/mobilesdk/osx/4.1.0.GA/iphone/Classes/TiCollisionBehavior.m
[DEBUG]  Processing /Users/aboynton/Library/Application Support/Titanium/mobilesdk/osx/4.1.0.GA/iphone/Classes/TiColor.h
[DEBUG]  Processing /Users/aboynton/Library/Application Support/Titanium/mobilesdk/osx/4.1.0.GA/iphone/Classes/TiColor.m
[DEBUG]  Processing /Users/aboynton/Library/Application Support/Titanium/mobilesdk/osx/4.1.0.GA/iphone/Classes/TiComplexValue.h
[DEBUG]  Processing /Users/aboynton/Library/Application Support/Titanium/mobilesdk/osx/4.1.0.GA/iphone/Classes/TiComplexValue.m
[DEBUG]  Processing /Users/aboynton/Library/Application Support/Titanium/mobilesdk/osx/4.1.0.GA/iphone/Classes/TiConsole.h
[DEBUG]  Processing /Users/aboynton/Library/Application Support/Titanium/mobilesdk/osx/4.1.0.GA/iphone/Classes/TiConsole.m
[DEBUG]  Processing /Users/aboynton/Library/Application Support/Titanium/mobilesdk/osx/4.1.0.GA/iphone/Classes/TiContactsGroup.h
[DEBUG]  Processing /Users/aboynton/Library/Application Support/Titanium/mobilesdk/osx/4.1.0.GA/iphone/Classes/TiContactsGroup.m
[DEBUG]  Processing /Users/aboynton/Library/Application Support/Titanium/mobilesdk/osx/4.1.0.GA/iphone/Classes/TiContactsPerson.h
[DEBUG]  Processing /Users/aboynton/Library/Application Support/Titanium/mobilesdk/osx/4.1.0.GA/iphone/Classes/TiContactsPerson.m
[DEBUG]  Processing /Users/aboynton/Library/Application Support/Titanium/mobilesdk/osx/4.1.0.GA/iphone/Classes/TiController.h
[DEBUG]  Processing /Users/aboynton/Library/Application Support/Titanium/mobilesdk/osx/4.1.0.GA/iphone/Classes/TiControllerProtocols.h
[DEBUG]  Processing /Users/aboynton/Library/Application Support/Titanium/mobilesdk/osx/4.1.0.GA/iphone/Classes/TiDOMAttrProxy.h
[DEBUG]  Processing /Users/aboynton/Library/Application Support/Titanium/mobilesdk/osx/4.1.0.GA/iphone/Classes/TiDOMAttrProxy.m
[DEBUG]  Processing /Users/aboynton/Library/Application Support/Titanium/mobilesdk/osx/4.1.0.GA/iphone/Classes/TiDOMCDATANodeProxy.h
[DEBUG]  Processing /Users/aboynton/Library/Application Support/Titanium/mobilesdk/osx/4.1.0.GA/iphone/Classes/TiDOMCDATANodeProxy.m
[DEBUG]  Processing /Users/aboynton/Library/Application Support/Titanium/mobilesdk/osx/4.1.0.GA/iphone/Classes/TiDOMCommentProxy.h
[DEBUG]  Processing /Users/aboynton/Library/Application Support/Titanium/mobilesdk/osx/4.1.0.GA/iphone/Classes/TiDOMCommentProxy.m
[DEBUG]  Processing /Users/aboynton/Library/Application Support/Titanium/mobilesdk/osx/4.1.0.GA/iphone/Classes/TiDOMDocFragProxy.h
[DEBUG]  Processing /Users/aboynton/Library/Application Support/Titanium/mobilesdk/osx/4.1.0.GA/iphone/Classes/TiDOMDocFragProxy.m
[DEBUG]  Processing /Users/aboynton/Library/Application Support/Titanium/mobilesdk/osx/4.1.0.GA/iphone/Classes/TiDOMDocumentProxy.h
[DEBUG]  Processing /Users/aboynton/Library/Application Support/Titanium/mobilesdk/osx/4.1.0.GA/iphone/Classes/TiDOMDocumentProxy.m
[DEBUG]  Processing /Users/aboynton/Library/Application Support/Titanium/mobilesdk/osx/4.1.0.GA/iphone/Classes/TiDOMElementProxy.h
[DEBUG]  Processing /Users/aboynton/Library/Application Support/Titanium/mobilesdk/osx/4.1.0.GA/iphone/Classes/TiDOMElementProxy.m
[DEBUG]  Processing /Users/aboynton/Library/Application Support/Titanium/mobilesdk/osx/4.1.0.GA/iphone/Classes/TiDOMEntityProxy.h
[DEBUG]  Processing /Users/aboynton/Library/Application Support/Titanium/mobilesdk/osx/4.1.0.GA/iphone/Classes/TiDOMEntityProxy.m
[DEBUG]  Processing /Users/aboynton/Library/Application Support/Titanium/mobilesdk/osx/4.1.0.GA/iphone/Classes/TiDOMEntityRefProxy.h
[DEBUG]  Processing /Users/aboynton/Library/Application Support/Titanium/mobilesdk/osx/4.1.0.GA/iphone/Classes/TiDOMEntityRefProxy.m
[DEBUG]  Processing /Users/aboynton/Library/Application Support/Titanium/mobilesdk/osx/4.1.0.GA/iphone/Classes/TiDOMNamedNodeMapProxy.h
[DEBUG]  Processing /Users/aboynton/Library/Application Support/Titanium/mobilesdk/osx/4.1.0.GA/iphone/Classes/TiDOMNamedNodeMapProxy.m
[DEBUG]  Processing /Users/aboynton/Library/Application Support/Titanium/mobilesdk/osx/4.1.0.GA/iphone/Classes/TiDOMNodeListProxy.h
[DEBUG]  Processing /Users/aboynton/Library/Application Support/Titanium/mobilesdk/osx/4.1.0.GA/iphone/Classes/TiDOMNodeListProxy.m
[DEBUG]  Processing /Users/aboynton/Library/Application Support/Titanium/mobilesdk/osx/4.1.0.GA/iphone/Classes/TiDOMNodeProxy.h
[DEBUG]  Processing /Users/aboynton/Library/Application Support/Titanium/mobilesdk/osx/4.1.0.GA/iphone/Classes/TiDOMNodeProxy.m
[DEBUG]  Processing /Users/aboynton/Library/Application Support/Titanium/mobilesdk/osx/4.1.0.GA/iphone/Classes/TiDOMNotationProxy.h
[DEBUG]  Processing /Users/aboynton/Library/Application Support/Titanium/mobilesdk/osx/4.1.0.GA/iphone/Classes/TiDOMNotationProxy.m
[DEBUG]  Processing /Users/aboynton/Library/Application Support/Titanium/mobilesdk/osx/4.1.0.GA/iphone/Classes/TiDOMPIProxy.h
[DEBUG]  Processing /Users/aboynton/Library/Application Support/Titanium/mobilesdk/osx/4.1.0.GA/iphone/Classes/TiDOMPIProxy.m
[DEBUG]  Processing /Users/aboynton/Library/Application Support/Titanium/mobilesdk/osx/4.1.0.GA/iphone/Classes/TiDOMTextNodeProxy.h
[DEBUG]  Processing /Users/aboynton/Library/Application Support/Titanium/mobilesdk/osx/4.1.0.GA/iphone/Classes/TiDOMTextNodeProxy.m
[DEBUG]  Processing /Users/aboynton/Library/Application Support/Titanium/mobilesdk/osx/4.1.0.GA/iphone/Classes/TiDOMValidator.h
[DEBUG]  Processing /Users/aboynton/Library/Application Support/Titanium/mobilesdk/osx/4.1.0.GA/iphone/Classes/TiDOMValidator.m
[DEBUG]  Processing /Users/aboynton/Library/Application Support/Titanium/mobilesdk/osx/4.1.0.GA/iphone/Classes/TiDataStream.h
[DEBUG]  Processing /Users/aboynton/Library/Application Support/Titanium/mobilesdk/osx/4.1.0.GA/iphone/Classes/TiDataStream.m
[DEBUG]  Processing /Users/aboynton/Library/Application Support/Titanium/mobilesdk/osx/4.1.0.GA/iphone/Classes/TiDatabaseProxy.h
[DEBUG]  Processing /Users/aboynton/Library/Application Support/Titanium/mobilesdk/osx/4.1.0.GA/iphone/Classes/TiDatabaseProxy.m
[DEBUG]  Processing /Users/aboynton/Library/Application Support/Titanium/mobilesdk/osx/4.1.0.GA/iphone/Classes/TiDatabaseResultSetProxy.h
[DEBUG]  Processing /Users/aboynton/Library/Application Support/Titanium/mobilesdk/osx/4.1.0.GA/iphone/Classes/TiDatabaseResultSetProxy.m
[DEBUG]  Processing /Users/aboynton/Library/Application Support/Titanium/mobilesdk/osx/4.1.0.GA/iphone/Classes/TiDebugger.h
[DEBUG]  Processing /Users/aboynton/Library/Application Support/Titanium/mobilesdk/osx/4.1.0.GA/iphone/Classes/TiDimension.h
[DEBUG]  Processing /Users/aboynton/Library/Application Support/Titanium/mobilesdk/osx/4.1.0.GA/iphone/Classes/TiDimension.m
[DEBUG]  Processing /Users/aboynton/Library/Application Support/Titanium/mobilesdk/osx/4.1.0.GA/iphone/Classes/TiDynamicItemBehavior.h
[DEBUG]  Processing /Users/aboynton/Library/Application Support/Titanium/mobilesdk/osx/4.1.0.GA/iphone/Classes/TiDynamicItemBehavior.m
[DEBUG]  Processing /Users/aboynton/Library/Application Support/Titanium/mobilesdk/osx/4.1.0.GA/iphone/Classes/TiErrorController.h
[DEBUG]  Processing /Users/aboynton/Library/Application Support/Titanium/mobilesdk/osx/4.1.0.GA/iphone/Classes/TiErrorController.m
[DEBUG]  Processing /Users/aboynton/Library/Application Support/Titanium/mobilesdk/osx/4.1.0.GA/iphone/Classes/TiEvaluator.h
[DEBUG]  Processing /Users/aboynton/Library/Application Support/Titanium/mobilesdk/osx/4.1.0.GA/iphone/Classes/TiExceptionHandler.h
[DEBUG]  Processing /Users/aboynton/Library/Application Support/Titanium/mobilesdk/osx/4.1.0.GA/iphone/Classes/TiExceptionHandler.m
[DEBUG]  Processing /Users/aboynton/Library/Application Support/Titanium/mobilesdk/osx/4.1.0.GA/iphone/Classes/TiFile.h
[DEBUG]  Processing /Users/aboynton/Library/Application Support/Titanium/mobilesdk/osx/4.1.0.GA/iphone/Classes/TiFile.m
[DEBUG]  Processing /Users/aboynton/Library/Application Support/Titanium/mobilesdk/osx/4.1.0.GA/iphone/Classes/TiFilesystemBlobProxy.h
[DEBUG]  Processing /Users/aboynton/Library/Application Support/Titanium/mobilesdk/osx/4.1.0.GA/iphone/Classes/TiFilesystemBlobProxy.m
[DEBUG]  Processing /Users/aboynton/Library/Application Support/Titanium/mobilesdk/osx/4.1.0.GA/iphone/Classes/TiFilesystemFileProxy.h
[DEBUG]  Processing /Users/aboynton/Library/Application Support/Titanium/mobilesdk/osx/4.1.0.GA/iphone/Classes/TiFilesystemFileProxy.m
[DEBUG]  Processing /Users/aboynton/Library/Application Support/Titanium/mobilesdk/osx/4.1.0.GA/iphone/Classes/TiFilesystemFileStreamProxy.h
[DEBUG]  Processing /Users/aboynton/Library/Application Support/Titanium/mobilesdk/osx/4.1.0.GA/iphone/Classes/TiFilesystemFileStreamProxy.m
[DEBUG]  Processing /Users/aboynton/Library/Application Support/Titanium/mobilesdk/osx/4.1.0.GA/iphone/Classes/TiGradient.h
[DEBUG]  Processing /Users/aboynton/Library/Application Support/Titanium/mobilesdk/osx/4.1.0.GA/iphone/Classes/TiGradient.m
[DEBUG]  Processing /Users/aboynton/Library/Application Support/Titanium/mobilesdk/osx/4.1.0.GA/iphone/Classes/TiGravityBehavior.h
[DEBUG]  Processing /Users/aboynton/Library/Application Support/Titanium/mobilesdk/osx/4.1.0.GA/iphone/Classes/TiGravityBehavior.m
[DEBUG]  Processing /Users/aboynton/Library/Application Support/Titanium/mobilesdk/osx/4.1.0.GA/iphone/Classes/TiHost.h
[DEBUG]  Processing /Users/aboynton/Library/Application Support/Titanium/mobilesdk/osx/4.1.0.GA/iphone/Classes/TiHost.m
[DEBUG]  Processing /Users/aboynton/Library/Application Support/Titanium/mobilesdk/osx/4.1.0.GA/iphone/Classes/TiLayoutQueue.h
[DEBUG]  Processing /Users/aboynton/Library/Application Support/Titanium/mobilesdk/osx/4.1.0.GA/iphone/Classes/TiLayoutQueue.m
[DEBUG]  Processing /Users/aboynton/Library/Application Support/Titanium/mobilesdk/osx/4.1.0.GA/iphone/Classes/TiLocale.h
[DEBUG]  Processing /Users/aboynton/Library/Application Support/Titanium/mobilesdk/osx/4.1.0.GA/iphone/Classes/TiLocale.m
[DEBUG]  Processing /Users/aboynton/Library/Application Support/Titanium/mobilesdk/osx/4.1.0.GA/iphone/Classes/TiMediaAudioPlayerProxy.h
[DEBUG]  Processing /Users/aboynton/Library/Application Support/Titanium/mobilesdk/osx/4.1.0.GA/iphone/Classes/TiMediaAudioPlayerProxy.m
[DEBUG]  Processing /Users/aboynton/Library/Application Support/Titanium/mobilesdk/osx/4.1.0.GA/iphone/Classes/TiMediaAudioRecorderProxy.h
[DEBUG]  Processing /Users/aboynton/Library/Application Support/Titanium/mobilesdk/osx/4.1.0.GA/iphone/Classes/TiMediaAudioRecorderProxy.mm
[DEBUG]  Processing /Users/aboynton/Library/Application Support/Titanium/mobilesdk/osx/4.1.0.GA/iphone/Classes/TiMediaAudioSession.h
[DEBUG]  Processing /Users/aboynton/Library/Application Support/Titanium/mobilesdk/osx/4.1.0.GA/iphone/Classes/TiMediaAudioSession.m
[DEBUG]  Processing /Users/aboynton/Library/Application Support/Titanium/mobilesdk/osx/4.1.0.GA/iphone/Classes/TiMediaItem.h
[DEBUG]  Processing /Users/aboynton/Library/Application Support/Titanium/mobilesdk/osx/4.1.0.GA/iphone/Classes/TiMediaItem.m
[DEBUG]  Processing /Users/aboynton/Library/Application Support/Titanium/mobilesdk/osx/4.1.0.GA/iphone/Classes/TiMediaMusicPlayer.h
[DEBUG]  Processing /Users/aboynton/Library/Application Support/Titanium/mobilesdk/osx/4.1.0.GA/iphone/Classes/TiMediaMusicPlayer.m
[DEBUG]  Processing /Users/aboynton/Library/Application Support/Titanium/mobilesdk/osx/4.1.0.GA/iphone/Classes/TiMediaSoundProxy.h
[DEBUG]  Processing /Users/aboynton/Library/Application Support/Titanium/mobilesdk/osx/4.1.0.GA/iphone/Classes/TiMediaSoundProxy.m
[DEBUG]  Processing /Users/aboynton/Library/Application Support/Titanium/mobilesdk/osx/4.1.0.GA/iphone/Classes/TiMediaVideoPlayer.h
[DEBUG]  Processing /Users/aboynton/Library/Application Support/Titanium/mobilesdk/osx/4.1.0.GA/iphone/Classes/TiMediaVideoPlayer.m
[DEBUG]  Processing /Users/aboynton/Library/Application Support/Titanium/mobilesdk/osx/4.1.0.GA/iphone/Classes/TiMediaVideoPlayerProxy.h
[DEBUG]  Processing /Users/aboynton/Library/Application Support/Titanium/mobilesdk/osx/4.1.0.GA/iphone/Classes/TiMediaVideoPlayerProxy.m
[DEBUG]  Processing /Users/aboynton/Library/Application Support/Titanium/mobilesdk/osx/4.1.0.GA/iphone/Classes/TiModule.h
[DEBUG]  Processing /Users/aboynton/Library/Application Support/Titanium/mobilesdk/osx/4.1.0.GA/iphone/Classes/TiModule.m
[DEBUG]  Processing /Users/aboynton/Library/Application Support/Titanium/mobilesdk/osx/4.1.0.GA/iphone/Classes/TiNetworkBonjourBrowserProxy.h
[DEBUG]  Processing /Users/aboynton/Library/Application Support/Titanium/mobilesdk/osx/4.1.0.GA/iphone/Classes/TiNetworkBonjourBrowserProxy.m
[DEBUG]  Processing /Users/aboynton/Library/Application Support/Titanium/mobilesdk/osx/4.1.0.GA/iphone/Classes/TiNetworkBonjourServiceProxy.h
[DEBUG]  Processing /Users/aboynton/Library/Application Support/Titanium/mobilesdk/osx/4.1.0.GA/iphone/Classes/TiNetworkBonjourServiceProxy.m
[DEBUG]  Processing /Users/aboynton/Library/Application Support/Titanium/mobilesdk/osx/4.1.0.GA/iphone/Classes/TiNetworkCookieProxy.h
[DEBUG]  Processing /Users/aboynton/Library/Application Support/Titanium/mobilesdk/osx/4.1.0.GA/iphone/Classes/TiNetworkCookieProxy.m
[DEBUG]  Processing /Users/aboynton/Library/Application Support/Titanium/mobilesdk/osx/4.1.0.GA/iphone/Classes/TiNetworkHTTPClientProxy.h
[DEBUG]  Processing /Users/aboynton/Library/Application Support/Titanium/mobilesdk/osx/4.1.0.GA/iphone/Classes/TiNetworkHTTPClientProxy.m
[DEBUG]  Processing /Users/aboynton/Library/Application Support/Titanium/mobilesdk/osx/4.1.0.GA/iphone/Classes/TiNetworkSocketProxy.h
[DEBUG]  Processing /Users/aboynton/Library/Application Support/Titanium/mobilesdk/osx/4.1.0.GA/iphone/Classes/TiNetworkSocketProxy.m
[DEBUG]  Processing /Users/aboynton/Library/Application Support/Titanium/mobilesdk/osx/4.1.0.GA/iphone/Classes/TiNetworkSocketTCPProxy.h
[DEBUG]  Processing /Users/aboynton/Library/Application Support/Titanium/mobilesdk/osx/4.1.0.GA/iphone/Classes/TiNetworkSocketTCPProxy.m
[DEBUG]  Processing /Users/aboynton/Library/Application Support/Titanium/mobilesdk/osx/4.1.0.GA/iphone/Classes/TiNetworkTCPSocketProxy.h
[DEBUG]  Processing /Users/aboynton/Library/Application Support/Titanium/mobilesdk/osx/4.1.0.GA/iphone/Classes/TiNetworkTCPSocketProxy.m
[DEBUG]  Processing /Users/aboynton/Library/Application Support/Titanium/mobilesdk/osx/4.1.0.GA/iphone/Classes/TiPlatformDisplayCaps.h
[DEBUG]  Processing /Users/aboynton/Library/Application Support/Titanium/mobilesdk/osx/4.1.0.GA/iphone/Classes/TiPlatformDisplayCaps.m
[DEBUG]  Processing /Users/aboynton/Library/Application Support/Titanium/mobilesdk/osx/4.1.0.GA/iphone/Classes/TiPoint.h
[DEBUG]  Processing /Users/aboynton/Library/Application Support/Titanium/mobilesdk/osx/4.1.0.GA/iphone/Classes/TiPoint.m
[DEBUG]  Copying /Users/aboynton/Library/Application Support/Titanium/mobilesdk/osx/4.1.0.GA/iphone/Classes/TiProfiler => /Users/aboynton/Desktop/AVF1508/Week3Project/build/iphone/Classes/TiProfiler
[DEBUG]  Processing /Users/aboynton/Library/Application Support/Titanium/mobilesdk/osx/4.1.0.GA/iphone/Classes/TiProfiler/TiProfiler.h
[DEBUG]  Processing /Users/aboynton/Library/Application Support/Titanium/mobilesdk/osx/4.1.0.GA/iphone/Classes/TiProxy.h
[DEBUG]  Processing /Users/aboynton/Library/Application Support/Titanium/mobilesdk/osx/4.1.0.GA/iphone/Classes/TiProxy.m
[DEBUG]  Processing /Users/aboynton/Library/Application Support/Titanium/mobilesdk/osx/4.1.0.GA/iphone/Classes/TiPublicAPI.h
[DEBUG]  Processing /Users/aboynton/Library/Application Support/Titanium/mobilesdk/osx/4.1.0.GA/iphone/Classes/TiPublicAPI.m
[DEBUG]  Processing /Users/aboynton/Library/Application Support/Titanium/mobilesdk/osx/4.1.0.GA/iphone/Classes/TiPushBehavior.h
[DEBUG]  Processing /Users/aboynton/Library/Application Support/Titanium/mobilesdk/osx/4.1.0.GA/iphone/Classes/TiPushBehavior.m
[DEBUG]  Processing /Users/aboynton/Library/Application Support/Titanium/mobilesdk/osx/4.1.0.GA/iphone/Classes/TiRect.h
[DEBUG]  Processing /Users/aboynton/Library/Application Support/Titanium/mobilesdk/osx/4.1.0.GA/iphone/Classes/TiRect.m
[DEBUG]  Processing /Users/aboynton/Library/Application Support/Titanium/mobilesdk/osx/4.1.0.GA/iphone/Classes/TiRootViewController.h
[DEBUG]  Processing /Users/aboynton/Library/Application Support/Titanium/mobilesdk/osx/4.1.0.GA/iphone/Classes/TiRootViewController.m
[DEBUG]  Processing /Users/aboynton/Library/Application Support/Titanium/mobilesdk/osx/4.1.0.GA/iphone/Classes/TiSelectedCellbackgroundView.h
[DEBUG]  Processing /Users/aboynton/Library/Application Support/Titanium/mobilesdk/osx/4.1.0.GA/iphone/Classes/TiSelectedCellbackgroundView.m
[DEBUG]  Processing /Users/aboynton/Library/Application Support/Titanium/mobilesdk/osx/4.1.0.GA/iphone/Classes/TiSnapBehavior.h
[DEBUG]  Processing /Users/aboynton/Library/Application Support/Titanium/mobilesdk/osx/4.1.0.GA/iphone/Classes/TiSnapBehavior.m
[DEBUG]  Processing /Users/aboynton/Library/Application Support/Titanium/mobilesdk/osx/4.1.0.GA/iphone/Classes/TiStreamProxy.h
[DEBUG]  Processing /Users/aboynton/Library/Application Support/Titanium/mobilesdk/osx/4.1.0.GA/iphone/Classes/TiStreamProxy.m
[DEBUG]  Processing /Users/aboynton/Library/Application Support/Titanium/mobilesdk/osx/4.1.0.GA/iphone/Classes/TiStylesheet.h
[DEBUG]  Processing /Users/aboynton/Library/Application Support/Titanium/mobilesdk/osx/4.1.0.GA/iphone/Classes/TiStylesheet.m
[DEBUG]  Processing /Users/aboynton/Library/Application Support/Titanium/mobilesdk/osx/4.1.0.GA/iphone/Classes/TiTab.h
[DEBUG]  Processing /Users/aboynton/Library/Application Support/Titanium/mobilesdk/osx/4.1.0.GA/iphone/Classes/TiTabGroup.h
[DEBUG]  Processing /Users/aboynton/Library/Application Support/Titanium/mobilesdk/osx/4.1.0.GA/iphone/Classes/TiThreading.h
[DEBUG]  Processing /Users/aboynton/Library/Application Support/Titanium/mobilesdk/osx/4.1.0.GA/iphone/Classes/TiThreading.m
[DEBUG]  Processing /Users/aboynton/Library/Application Support/Titanium/mobilesdk/osx/4.1.0.GA/iphone/Classes/TiToJS.h
[DEBUG]  Processing /Users/aboynton/Library/Application Support/Titanium/mobilesdk/osx/4.1.0.GA/iphone/Classes/TiToolbar.h
[DEBUG]  Processing /Users/aboynton/Library/Application Support/Titanium/mobilesdk/osx/4.1.0.GA/iphone/Classes/TiToolbarButton.h
[DEBUG]  Processing /Users/aboynton/Library/Application Support/Titanium/mobilesdk/osx/4.1.0.GA/iphone/Classes/TiUIActivityIndicator.h
[DEBUG]  Processing /Users/aboynton/Library/Application Support/Titanium/mobilesdk/osx/4.1.0.GA/iphone/Classes/TiUIActivityIndicator.m
[DEBUG]  Processing /Users/aboynton/Library/Application Support/Titanium/mobilesdk/osx/4.1.0.GA/iphone/Classes/TiUIActivityIndicatorProxy.h
[DEBUG]  Processing /Users/aboynton/Library/Application Support/Titanium/mobilesdk/osx/4.1.0.GA/iphone/Classes/TiUIActivityIndicatorProxy.m
[DEBUG]  Processing /Users/aboynton/Library/Application Support/Titanium/mobilesdk/osx/4.1.0.GA/iphone/Classes/TiUIAlertDialogProxy.h
[DEBUG]  Processing /Users/aboynton/Library/Application Support/Titanium/mobilesdk/osx/4.1.0.GA/iphone/Classes/TiUIAlertDialogProxy.m
[DEBUG]  Processing /Users/aboynton/Library/Application Support/Titanium/mobilesdk/osx/4.1.0.GA/iphone/Classes/TiUIAttributedStringProxy.h
[DEBUG]  Processing /Users/aboynton/Library/Application Support/Titanium/mobilesdk/osx/4.1.0.GA/iphone/Classes/TiUIAttributedStringProxy.m
[DEBUG]  Processing /Users/aboynton/Library/Application Support/Titanium/mobilesdk/osx/4.1.0.GA/iphone/Classes/TiUIButton.h
[DEBUG]  Processing /Users/aboynton/Library/Application Support/Titanium/mobilesdk/osx/4.1.0.GA/iphone/Classes/TiUIButton.m
[DEBUG]  Processing /Users/aboynton/Library/Application Support/Titanium/mobilesdk/osx/4.1.0.GA/iphone/Classes/TiUIButtonBar.h
[DEBUG]  Processing /Users/aboynton/Library/Application Support/Titanium/mobilesdk/osx/4.1.0.GA/iphone/Classes/TiUIButtonBar.m
[DEBUG]  Processing /Users/aboynton/Library/Application Support/Titanium/mobilesdk/osx/4.1.0.GA/iphone/Classes/TiUIButtonBarProxy.h
[DEBUG]  Processing /Users/aboynton/Library/Application Support/Titanium/mobilesdk/osx/4.1.0.GA/iphone/Classes/TiUIButtonBarProxy.m
[DEBUG]  Processing /Users/aboynton/Library/Application Support/Titanium/mobilesdk/osx/4.1.0.GA/iphone/Classes/TiUIButtonProxy.h
[DEBUG]  Processing /Users/aboynton/Library/Application Support/Titanium/mobilesdk/osx/4.1.0.GA/iphone/Classes/TiUIButtonProxy.m
[DEBUG]  Processing /Users/aboynton/Library/Application Support/Titanium/mobilesdk/osx/4.1.0.GA/iphone/Classes/TiUICanvasView.h
[DEBUG]  Processing /Users/aboynton/Library/Application Support/Titanium/mobilesdk/osx/4.1.0.GA/iphone/Classes/TiUICanvasView.m
[DEBUG]  Processing /Users/aboynton/Library/Application Support/Titanium/mobilesdk/osx/4.1.0.GA/iphone/Classes/TiUICanvasViewProxy.h
[DEBUG]  Processing /Users/aboynton/Library/Application Support/Titanium/mobilesdk/osx/4.1.0.GA/iphone/Classes/TiUICanvasViewProxy.m
[DEBUG]  Processing /Users/aboynton/Library/Application Support/Titanium/mobilesdk/osx/4.1.0.GA/iphone/Classes/TiUIClipboardProxy.h
[DEBUG]  Processing /Users/aboynton/Library/Application Support/Titanium/mobilesdk/osx/4.1.0.GA/iphone/Classes/TiUIClipboardProxy.m
[DEBUG]  Processing /Users/aboynton/Library/Application Support/Titanium/mobilesdk/osx/4.1.0.GA/iphone/Classes/TiUIDashboardItem.h
[DEBUG]  Processing /Users/aboynton/Library/Application Support/Titanium/mobilesdk/osx/4.1.0.GA/iphone/Classes/TiUIDashboardItem.m
[DEBUG]  Processing /Users/aboynton/Library/Application Support/Titanium/mobilesdk/osx/4.1.0.GA/iphone/Classes/TiUIDashboardItemProxy.h
[DEBUG]  Processing /Users/aboynton/Library/Application Support/Titanium/mobilesdk/osx/4.1.0.GA/iphone/Classes/TiUIDashboardItemProxy.m
[DEBUG]  Processing /Users/aboynton/Library/Application Support/Titanium/mobilesdk/osx/4.1.0.GA/iphone/Classes/TiUIDashboardView.h
[DEBUG]  Processing /Users/aboynton/Library/Application Support/Titanium/mobilesdk/osx/4.1.0.GA/iphone/Classes/TiUIDashboardView.m
[DEBUG]  Processing /Users/aboynton/Library/Application Support/Titanium/mobilesdk/osx/4.1.0.GA/iphone/Classes/TiUIDashboardViewProxy.h
[DEBUG]  Processing /Users/aboynton/Library/Application Support/Titanium/mobilesdk/osx/4.1.0.GA/iphone/Classes/TiUIDashboardViewProxy.m
[DEBUG]  Processing /Users/aboynton/Library/Application Support/Titanium/mobilesdk/osx/4.1.0.GA/iphone/Classes/TiUIEmailDialogProxy.h
[DEBUG]  Processing /Users/aboynton/Library/Application Support/Titanium/mobilesdk/osx/4.1.0.GA/iphone/Classes/TiUIEmailDialogProxy.m
[DEBUG]  Processing /Users/aboynton/Library/Application Support/Titanium/mobilesdk/osx/4.1.0.GA/iphone/Classes/TiUIImageView.h
[DEBUG]  Processing /Users/aboynton/Library/Application Support/Titanium/mobilesdk/osx/4.1.0.GA/iphone/Classes/TiUIImageView.m
[DEBUG]  Processing /Users/aboynton/Library/Application Support/Titanium/mobilesdk/osx/4.1.0.GA/iphone/Classes/TiUIImageViewProxy.h
[DEBUG]  Processing /Users/aboynton/Library/Application Support/Titanium/mobilesdk/osx/4.1.0.GA/iphone/Classes/TiUIImageViewProxy.m
[DEBUG]  Processing /Users/aboynton/Library/Application Support/Titanium/mobilesdk/osx/4.1.0.GA/iphone/Classes/TiUILabel.h
[DEBUG]  Processing /Users/aboynton/Library/Application Support/Titanium/mobilesdk/osx/4.1.0.GA/iphone/Classes/TiUILabel.m
[DEBUG]  Processing /Users/aboynton/Library/Application Support/Titanium/mobilesdk/osx/4.1.0.GA/iphone/Classes/TiUILabelProxy.h
[DEBUG]  Processing /Users/aboynton/Library/Application Support/Titanium/mobilesdk/osx/4.1.0.GA/iphone/Classes/TiUILabelProxy.m
[DEBUG]  Processing /Users/aboynton/Library/Application Support/Titanium/mobilesdk/osx/4.1.0.GA/iphone/Classes/TiUIListItem.h
[DEBUG]  Processing /Users/aboynton/Library/Application Support/Titanium/mobilesdk/osx/4.1.0.GA/iphone/Classes/TiUIListItem.m
[DEBUG]  Processing /Users/aboynton/Library/Application Support/Titanium/mobilesdk/osx/4.1.0.GA/iphone/Classes/TiUIListItemProxy.h
[DEBUG]  Processing /Users/aboynton/Library/Application Support/Titanium/mobilesdk/osx/4.1.0.GA/iphone/Classes/TiUIListItemProxy.m
[DEBUG]  Processing /Users/aboynton/Library/Application Support/Titanium/mobilesdk/osx/4.1.0.GA/iphone/Classes/TiUIListSectionProxy.h
[DEBUG]  Processing /Users/aboynton/Library/Application Support/Titanium/mobilesdk/osx/4.1.0.GA/iphone/Classes/TiUIListSectionProxy.m
[DEBUG]  Processing /Users/aboynton/Library/Application Support/Titanium/mobilesdk/osx/4.1.0.GA/iphone/Classes/TiUIListView.h
[DEBUG]  Processing /Users/aboynton/Library/Application Support/Titanium/mobilesdk/osx/4.1.0.GA/iphone/Classes/TiUIListView.m
[DEBUG]  Processing /Users/aboynton/Library/Application Support/Titanium/mobilesdk/osx/4.1.0.GA/iphone/Classes/TiUIListViewProxy.h
[DEBUG]  Processing /Users/aboynton/Library/Application Support/Titanium/mobilesdk/osx/4.1.0.GA/iphone/Classes/TiUIListViewProxy.m
[DEBUG]  Processing /Users/aboynton/Library/Application Support/Titanium/mobilesdk/osx/4.1.0.GA/iphone/Classes/TiUIMaskedImage.h
[DEBUG]  Processing /Users/aboynton/Library/Application Support/Titanium/mobilesdk/osx/4.1.0.GA/iphone/Classes/TiUIMaskedImage.m
[DEBUG]  Processing /Users/aboynton/Library/Application Support/Titanium/mobilesdk/osx/4.1.0.GA/iphone/Classes/TiUIMaskedImageProxy.h
[DEBUG]  Processing /Users/aboynton/Library/Application Support/Titanium/mobilesdk/osx/4.1.0.GA/iphone/Classes/TiUIMaskedImageProxy.m
[DEBUG]  Processing /Users/aboynton/Library/Application Support/Titanium/mobilesdk/osx/4.1.0.GA/iphone/Classes/TiUINavBarButton.h
[DEBUG]  Processing /Users/aboynton/Library/Application Support/Titanium/mobilesdk/osx/4.1.0.GA/iphone/Classes/TiUINavBarButton.m
[DEBUG]  Processing /Users/aboynton/Library/Application Support/Titanium/mobilesdk/osx/4.1.0.GA/iphone/Classes/TiUIOptionDialogProxy.h
[DEBUG]  Processing /Users/aboynton/Library/Application Support/Titanium/mobilesdk/osx/4.1.0.GA/iphone/Classes/TiUIOptionDialogProxy.m
[DEBUG]  Processing /Users/aboynton/Library/Application Support/Titanium/mobilesdk/osx/4.1.0.GA/iphone/Classes/TiUIPicker.h
[DEBUG]  Processing /Users/aboynton/Library/Application Support/Titanium/mobilesdk/osx/4.1.0.GA/iphone/Classes/TiUIPicker.m
[DEBUG]  Processing /Users/aboynton/Library/Application Support/Titanium/mobilesdk/osx/4.1.0.GA/iphone/Classes/TiUIPickerColumnProxy.h
[DEBUG]  Processing /Users/aboynton/Library/Application Support/Titanium/mobilesdk/osx/4.1.0.GA/iphone/Classes/TiUIPickerColumnProxy.m
[DEBUG]  Processing /Users/aboynton/Library/Application Support/Titanium/mobilesdk/osx/4.1.0.GA/iphone/Classes/TiUIPickerProxy.h
[DEBUG]  Processing /Users/aboynton/Library/Application Support/Titanium/mobilesdk/osx/4.1.0.GA/iphone/Classes/TiUIPickerProxy.m
[DEBUG]  Processing /Users/aboynton/Library/Application Support/Titanium/mobilesdk/osx/4.1.0.GA/iphone/Classes/TiUIPickerRowProxy.h
[DEBUG]  Processing /Users/aboynton/Library/Application Support/Titanium/mobilesdk/osx/4.1.0.GA/iphone/Classes/TiUIPickerRowProxy.m
[DEBUG]  Processing /Users/aboynton/Library/Application Support/Titanium/mobilesdk/osx/4.1.0.GA/iphone/Classes/TiUIProgressBar.h
[DEBUG]  Processing /Users/aboynton/Library/Application Support/Titanium/mobilesdk/osx/4.1.0.GA/iphone/Classes/TiUIProgressBar.m
[DEBUG]  Processing /Users/aboynton/Library/Application Support/Titanium/mobilesdk/osx/4.1.0.GA/iphone/Classes/TiUIProgressBarProxy.h
[DEBUG]  Processing /Users/aboynton/Library/Application Support/Titanium/mobilesdk/osx/4.1.0.GA/iphone/Classes/TiUIProgressBarProxy.m
[DEBUG]  Processing /Users/aboynton/Library/Application Support/Titanium/mobilesdk/osx/4.1.0.GA/iphone/Classes/TiUIRefreshControlProxy.h
[DEBUG]  Processing /Users/aboynton/Library/Application Support/Titanium/mobilesdk/osx/4.1.0.GA/iphone/Classes/TiUIRefreshControlProxy.m
[DEBUG]  Processing /Users/aboynton/Library/Application Support/Titanium/mobilesdk/osx/4.1.0.GA/iphone/Classes/TiUIScrollView.h
[DEBUG]  Processing /Users/aboynton/Library/Application Support/Titanium/mobilesdk/osx/4.1.0.GA/iphone/Classes/TiUIScrollView.m
[DEBUG]  Processing /Users/aboynton/Library/Application Support/Titanium/mobilesdk/osx/4.1.0.GA/iphone/Classes/TiUIScrollViewProxy.h
[DEBUG]  Processing /Users/aboynton/Library/Application Support/Titanium/mobilesdk/osx/4.1.0.GA/iphone/Classes/TiUIScrollViewProxy.m
[DEBUG]  Processing /Users/aboynton/Library/Application Support/Titanium/mobilesdk/osx/4.1.0.GA/iphone/Classes/TiUIScrollableView.h
[DEBUG]  Processing /Users/aboynton/Library/Application Support/Titanium/mobilesdk/osx/4.1.0.GA/iphone/Classes/TiUIScrollableView.m
[DEBUG]  Processing /Users/aboynton/Library/Application Support/Titanium/mobilesdk/osx/4.1.0.GA/iphone/Classes/TiUIScrollableViewProxy.h
[DEBUG]  Processing /Users/aboynton/Library/Application Support/Titanium/mobilesdk/osx/4.1.0.GA/iphone/Classes/TiUIScrollableViewProxy.m
[DEBUG]  Processing /Users/aboynton/Library/Application Support/Titanium/mobilesdk/osx/4.1.0.GA/iphone/Classes/TiUISearchBar.h
[DEBUG]  Processing /Users/aboynton/Library/Application Support/Titanium/mobilesdk/osx/4.1.0.GA/iphone/Classes/TiUISearchBar.m
[DEBUG]  Processing /Users/aboynton/Library/Application Support/Titanium/mobilesdk/osx/4.1.0.GA/iphone/Classes/TiUISearchBarProxy.h
[DEBUG]  Processing /Users/aboynton/Library/Application Support/Titanium/mobilesdk/osx/4.1.0.GA/iphone/Classes/TiUISearchBarProxy.m
[DEBUG]  Processing /Users/aboynton/Library/Application Support/Titanium/mobilesdk/osx/4.1.0.GA/iphone/Classes/TiUISlider.h
[DEBUG]  Processing /Users/aboynton/Library/Application Support/Titanium/mobilesdk/osx/4.1.0.GA/iphone/Classes/TiUISlider.m
[DEBUG]  Processing /Users/aboynton/Library/Application Support/Titanium/mobilesdk/osx/4.1.0.GA/iphone/Classes/TiUISliderProxy.h
[DEBUG]  Processing /Users/aboynton/Library/Application Support/Titanium/mobilesdk/osx/4.1.0.GA/iphone/Classes/TiUISliderProxy.m
[DEBUG]  Processing /Users/aboynton/Library/Application Support/Titanium/mobilesdk/osx/4.1.0.GA/iphone/Classes/TiUISwitch.h
[DEBUG]  Processing /Users/aboynton/Library/Application Support/Titanium/mobilesdk/osx/4.1.0.GA/iphone/Classes/TiUISwitch.m
[DEBUG]  Processing /Users/aboynton/Library/Application Support/Titanium/mobilesdk/osx/4.1.0.GA/iphone/Classes/TiUISwitchProxy.h
[DEBUG]  Processing /Users/aboynton/Library/Application Support/Titanium/mobilesdk/osx/4.1.0.GA/iphone/Classes/TiUISwitchProxy.m
[DEBUG]  Processing /Users/aboynton/Library/Application Support/Titanium/mobilesdk/osx/4.1.0.GA/iphone/Classes/TiUITabGroup.h
[DEBUG]  Processing /Users/aboynton/Library/Application Support/Titanium/mobilesdk/osx/4.1.0.GA/iphone/Classes/TiUITabGroup.m
[DEBUG]  Processing /Users/aboynton/Library/Application Support/Titanium/mobilesdk/osx/4.1.0.GA/iphone/Classes/TiUITabGroupProxy.h
[DEBUG]  Processing /Users/aboynton/Library/Application Support/Titanium/mobilesdk/osx/4.1.0.GA/iphone/Classes/TiUITabGroupProxy.m
[DEBUG]  Processing /Users/aboynton/Library/Application Support/Titanium/mobilesdk/osx/4.1.0.GA/iphone/Classes/TiUITabProxy.h
[DEBUG]  Processing /Users/aboynton/Library/Application Support/Titanium/mobilesdk/osx/4.1.0.GA/iphone/Classes/TiUITabProxy.m
[DEBUG]  Processing /Users/aboynton/Library/Application Support/Titanium/mobilesdk/osx/4.1.0.GA/iphone/Classes/TiUITableView.h
[DEBUG]  Processing /Users/aboynton/Library/Application Support/Titanium/mobilesdk/osx/4.1.0.GA/iphone/Classes/TiUITableView.m
[DEBUG]  Processing /Users/aboynton/Library/Application Support/Titanium/mobilesdk/osx/4.1.0.GA/iphone/Classes/TiUITableViewAction.h
[DEBUG]  Processing /Users/aboynton/Library/Application Support/Titanium/mobilesdk/osx/4.1.0.GA/iphone/Classes/TiUITableViewAction.m
[DEBUG]  Processing /Users/aboynton/Library/Application Support/Titanium/mobilesdk/osx/4.1.0.GA/iphone/Classes/TiUITableViewProxy.h
[DEBUG]  Processing /Users/aboynton/Library/Application Support/Titanium/mobilesdk/osx/4.1.0.GA/iphone/Classes/TiUITableViewProxy.m
[DEBUG]  Processing /Users/aboynton/Library/Application Support/Titanium/mobilesdk/osx/4.1.0.GA/iphone/Classes/TiUITableViewRowProxy.h
[DEBUG]  Processing /Users/aboynton/Library/Application Support/Titanium/mobilesdk/osx/4.1.0.GA/iphone/Classes/TiUITableViewRowProxy.m
[DEBUG]  Processing /Users/aboynton/Library/Application Support/Titanium/mobilesdk/osx/4.1.0.GA/iphone/Classes/TiUITableViewSectionProxy.h
[DEBUG]  Processing /Users/aboynton/Library/Application Support/Titanium/mobilesdk/osx/4.1.0.GA/iphone/Classes/TiUITableViewSectionProxy.m
[DEBUG]  Processing /Users/aboynton/Library/Application Support/Titanium/mobilesdk/osx/4.1.0.GA/iphone/Classes/TiUITextArea.h
[DEBUG]  Processing /Users/aboynton/Library/Application Support/Titanium/mobilesdk/osx/4.1.0.GA/iphone/Classes/TiUITextArea.m
[DEBUG]  Processing /Users/aboynton/Library/Application Support/Titanium/mobilesdk/osx/4.1.0.GA/iphone/Classes/TiUITextAreaProxy.h
[DEBUG]  Processing /Users/aboynton/Library/Application Support/Titanium/mobilesdk/osx/4.1.0.GA/iphone/Classes/TiUITextAreaProxy.m
[DEBUG]  Processing /Users/aboynton/Library/Application Support/Titanium/mobilesdk/osx/4.1.0.GA/iphone/Classes/TiUITextField.h
[DEBUG]  Processing /Users/aboynton/Library/Application Support/Titanium/mobilesdk/osx/4.1.0.GA/iphone/Classes/TiUITextField.m
[DEBUG]  Processing /Users/aboynton/Library/Application Support/Titanium/mobilesdk/osx/4.1.0.GA/iphone/Classes/TiUITextFieldProxy.h
[DEBUG]  Processing /Users/aboynton/Library/Application Support/Titanium/mobilesdk/osx/4.1.0.GA/iphone/Classes/TiUITextFieldProxy.m
[DEBUG]  Processing /Users/aboynton/Library/Application Support/Titanium/mobilesdk/osx/4.1.0.GA/iphone/Classes/TiUITextWidget.h
[DEBUG]  Processing /Users/aboynton/Library/Application Support/Titanium/mobilesdk/osx/4.1.0.GA/iphone/Classes/TiUITextWidget.m
[DEBUG]  Processing /Users/aboynton/Library/Application Support/Titanium/mobilesdk/osx/4.1.0.GA/iphone/Classes/TiUITextWidgetProxy.h
[DEBUG]  Processing /Users/aboynton/Library/Application Support/Titanium/mobilesdk/osx/4.1.0.GA/iphone/Classes/TiUITextWidgetProxy.m
[DEBUG]  Processing /Users/aboynton/Library/Application Support/Titanium/mobilesdk/osx/4.1.0.GA/iphone/Classes/TiUIView.h
[DEBUG]  Processing /Users/aboynton/Library/Application Support/Titanium/mobilesdk/osx/4.1.0.GA/iphone/Classes/TiUIView.m
[DEBUG]  Processing /Users/aboynton/Library/Application Support/Titanium/mobilesdk/osx/4.1.0.GA/iphone/Classes/TiUIViewProxy.h
[DEBUG]  Processing /Users/aboynton/Library/Application Support/Titanium/mobilesdk/osx/4.1.0.GA/iphone/Classes/TiUIViewProxy.m
[DEBUG]  Processing /Users/aboynton/Library/Application Support/Titanium/mobilesdk/osx/4.1.0.GA/iphone/Classes/TiUIWebView.h
[DEBUG]  Processing /Users/aboynton/Library/Application Support/Titanium/mobilesdk/osx/4.1.0.GA/iphone/Classes/TiUIWebView.m
[DEBUG]  Processing /Users/aboynton/Library/Application Support/Titanium/mobilesdk/osx/4.1.0.GA/iphone/Classes/TiUIWebViewProxy.h
[DEBUG]  Processing /Users/aboynton/Library/Application Support/Titanium/mobilesdk/osx/4.1.0.GA/iphone/Classes/TiUIWebViewProxy.m
[DEBUG]  Processing /Users/aboynton/Library/Application Support/Titanium/mobilesdk/osx/4.1.0.GA/iphone/Classes/TiUIWindow.h
[DEBUG]  Processing /Users/aboynton/Library/Application Support/Titanium/mobilesdk/osx/4.1.0.GA/iphone/Classes/TiUIWindow.m
[DEBUG]  Processing /Users/aboynton/Library/Application Support/Titanium/mobilesdk/osx/4.1.0.GA/iphone/Classes/TiUIWindowProxy.h
[DEBUG]  Processing /Users/aboynton/Library/Application Support/Titanium/mobilesdk/osx/4.1.0.GA/iphone/Classes/TiUIWindowProxy.m
[DEBUG]  Processing /Users/aboynton/Library/Application Support/Titanium/mobilesdk/osx/4.1.0.GA/iphone/Classes/TiUIiOSAdView.h
[DEBUG]  Processing /Users/aboynton/Library/Application Support/Titanium/mobilesdk/osx/4.1.0.GA/iphone/Classes/TiUIiOSAdView.m
[DEBUG]  Processing /Users/aboynton/Library/Application Support/Titanium/mobilesdk/osx/4.1.0.GA/iphone/Classes/TiUIiOSAdViewProxy.h
[DEBUG]  Processing /Users/aboynton/Library/Application Support/Titanium/mobilesdk/osx/4.1.0.GA/iphone/Classes/TiUIiOSAdViewProxy.m
[DEBUG]  Processing /Users/aboynton/Library/Application Support/Titanium/mobilesdk/osx/4.1.0.GA/iphone/Classes/TiUIiOSCoverFlowView.h
[DEBUG]  Processing /Users/aboynton/Library/Application Support/Titanium/mobilesdk/osx/4.1.0.GA/iphone/Classes/TiUIiOSCoverFlowView.m
[DEBUG]  Processing /Users/aboynton/Library/Application Support/Titanium/mobilesdk/osx/4.1.0.GA/iphone/Classes/TiUIiOSCoverFlowViewProxy.h
[DEBUG]  Processing /Users/aboynton/Library/Application Support/Titanium/mobilesdk/osx/4.1.0.GA/iphone/Classes/TiUIiOSCoverFlowViewProxy.m
[DEBUG]  Processing /Users/aboynton/Library/Application Support/Titanium/mobilesdk/osx/4.1.0.GA/iphone/Classes/TiUIiOSDocumentViewerProxy.h
[DEBUG]  Processing /Users/aboynton/Library/Application Support/Titanium/mobilesdk/osx/4.1.0.GA/iphone/Classes/TiUIiOSDocumentViewerProxy.m
[DEBUG]  Processing /Users/aboynton/Library/Application Support/Titanium/mobilesdk/osx/4.1.0.GA/iphone/Classes/TiUIiOSNavWindow.h
[DEBUG]  Processing /Users/aboynton/Library/Application Support/Titanium/mobilesdk/osx/4.1.0.GA/iphone/Classes/TiUIiOSNavWindow.m
[DEBUG]  Processing /Users/aboynton/Library/Application Support/Titanium/mobilesdk/osx/4.1.0.GA/iphone/Classes/TiUIiOSNavWindowProxy.h
[DEBUG]  Processing /Users/aboynton/Library/Application Support/Titanium/mobilesdk/osx/4.1.0.GA/iphone/Classes/TiUIiOSNavWindowProxy.m
[DEBUG]  Processing /Users/aboynton/Library/Application Support/Titanium/mobilesdk/osx/4.1.0.GA/iphone/Classes/TiUIiOSProxy.h
[DEBUG]  Processing /Users/aboynton/Library/Application Support/Titanium/mobilesdk/osx/4.1.0.GA/iphone/Classes/TiUIiOSProxy.m
[DEBUG]  Processing /Users/aboynton/Library/Application Support/Titanium/mobilesdk/osx/4.1.0.GA/iphone/Classes/TiUIiOSSplitWindow.h
[DEBUG]  Processing /Users/aboynton/Library/Application Support/Titanium/mobilesdk/osx/4.1.0.GA/iphone/Classes/TiUIiOSSplitWindow.m
[DEBUG]  Processing /Users/aboynton/Library/Application Support/Titanium/mobilesdk/osx/4.1.0.GA/iphone/Classes/TiUIiOSSplitWindowProxy.h
[DEBUG]  Processing /Users/aboynton/Library/Application Support/Titanium/mobilesdk/osx/4.1.0.GA/iphone/Classes/TiUIiOSSplitWindowProxy.m
[DEBUG]  Processing /Users/aboynton/Library/Application Support/Titanium/mobilesdk/osx/4.1.0.GA/iphone/Classes/TiUIiOSTabbedBarProxy.h
[DEBUG]  Processing /Users/aboynton/Library/Application Support/Titanium/mobilesdk/osx/4.1.0.GA/iphone/Classes/TiUIiOSTabbedBarProxy.m
[DEBUG]  Processing /Users/aboynton/Library/Application Support/Titanium/mobilesdk/osx/4.1.0.GA/iphone/Classes/TiUIiOSToolbar.h
[DEBUG]  Processing /Users/aboynton/Library/Application Support/Titanium/mobilesdk/osx/4.1.0.GA/iphone/Classes/TiUIiOSToolbar.m
[DEBUG]  Processing /Users/aboynton/Library/Application Support/Titanium/mobilesdk/osx/4.1.0.GA/iphone/Classes/TiUIiOSToolbarProxy.h
[DEBUG]  Processing /Users/aboynton/Library/Application Support/Titanium/mobilesdk/osx/4.1.0.GA/iphone/Classes/TiUIiOSToolbarProxy.m
[DEBUG]  Processing /Users/aboynton/Library/Application Support/Titanium/mobilesdk/osx/4.1.0.GA/iphone/Classes/TiUIiOSTransitionAnimationProxy.h
[DEBUG]  Processing /Users/aboynton/Library/Application Support/Titanium/mobilesdk/osx/4.1.0.GA/iphone/Classes/TiUIiOSTransitionAnimationProxy.m
[DEBUG]  Processing /Users/aboynton/Library/Application Support/Titanium/mobilesdk/osx/4.1.0.GA/iphone/Classes/TiUIiPadPopoverProxy.h
[DEBUG]  Processing /Users/aboynton/Library/Application Support/Titanium/mobilesdk/osx/4.1.0.GA/iphone/Classes/TiUIiPadPopoverProxy.m
[DEBUG]  Processing /Users/aboynton/Library/Application Support/Titanium/mobilesdk/osx/4.1.0.GA/iphone/Classes/TiUIiPadProxy.h
[DEBUG]  Processing /Users/aboynton/Library/Application Support/Titanium/mobilesdk/osx/4.1.0.GA/iphone/Classes/TiUIiPadProxy.m
[DEBUG]  Processing /Users/aboynton/Library/Application Support/Titanium/mobilesdk/osx/4.1.0.GA/iphone/Classes/TiUIiPadSplitWindow.h
[DEBUG]  Processing /Users/aboynton/Library/Application Support/Titanium/mobilesdk/osx/4.1.0.GA/iphone/Classes/TiUIiPadSplitWindow.m
[DEBUG]  Processing /Users/aboynton/Library/Application Support/Titanium/mobilesdk/osx/4.1.0.GA/iphone/Classes/TiUIiPadSplitWindowButtonProxy.h
[DEBUG]  Processing /Users/aboynton/Library/Application Support/Titanium/mobilesdk/osx/4.1.0.GA/iphone/Classes/TiUIiPadSplitWindowButtonProxy.m
[DEBUG]  Processing /Users/aboynton/Library/Application Support/Titanium/mobilesdk/osx/4.1.0.GA/iphone/Classes/TiUIiPadSplitWindowProxy.h
[DEBUG]  Processing /Users/aboynton/Library/Application Support/Titanium/mobilesdk/osx/4.1.0.GA/iphone/Classes/TiUIiPadSplitWindowProxy.m
[DEBUG]  Processing /Users/aboynton/Library/Application Support/Titanium/mobilesdk/osx/4.1.0.GA/iphone/Classes/TiUIiPhoneActivityIndicatorStyleProxy.h
[DEBUG]  Processing /Users/aboynton/Library/Application Support/Titanium/mobilesdk/osx/4.1.0.GA/iphone/Classes/TiUIiPhoneActivityIndicatorStyleProxy.m
[DEBUG]  Processing /Users/aboynton/Library/Application Support/Titanium/mobilesdk/osx/4.1.0.GA/iphone/Classes/TiUIiPhoneAlertDialogStyleProxy.h
[DEBUG]  Processing /Users/aboynton/Library/Application Support/Titanium/mobilesdk/osx/4.1.0.GA/iphone/Classes/TiUIiPhoneAlertDialogStyleProxy.m
[DEBUG]  Processing /Users/aboynton/Library/Application Support/Titanium/mobilesdk/osx/4.1.0.GA/iphone/Classes/TiUIiPhoneAnimationStyleProxy.h
[DEBUG]  Processing /Users/aboynton/Library/Application Support/Titanium/mobilesdk/osx/4.1.0.GA/iphone/Classes/TiUIiPhoneAnimationStyleProxy.m
[DEBUG]  Processing /Users/aboynton/Library/Application Support/Titanium/mobilesdk/osx/4.1.0.GA/iphone/Classes/TiUIiPhoneProgressBarStyleProxy.h
[DEBUG]  Processing /Users/aboynton/Library/Application Support/Titanium/mobilesdk/osx/4.1.0.GA/iphone/Classes/TiUIiPhoneProgressBarStyleProxy.m
[DEBUG]  Processing /Users/aboynton/Library/Application Support/Titanium/mobilesdk/osx/4.1.0.GA/iphone/Classes/TiUIiPhoneProxy.h
[DEBUG]  Processing /Users/aboynton/Library/Application Support/Titanium/mobilesdk/osx/4.1.0.GA/iphone/Classes/TiUIiPhoneProxy.m
[DEBUG]  Processing /Users/aboynton/Library/Application Support/Titanium/mobilesdk/osx/4.1.0.GA/iphone/Classes/TiUIiPhoneRowAnimationStyleProxy.h
[DEBUG]  Processing /Users/aboynton/Library/Application Support/Titanium/mobilesdk/osx/4.1.0.GA/iphone/Classes/TiUIiPhoneRowAnimationStyleProxy.m
[DEBUG]  Processing /Users/aboynton/Library/Application Support/Titanium/mobilesdk/osx/4.1.0.GA/iphone/Classes/TiUIiPhoneScrollIndicatorStyleProxy.h
[DEBUG]  Processing /Users/aboynton/Library/Application Support/Titanium/mobilesdk/osx/4.1.0.GA/iphone/Classes/TiUIiPhoneScrollIndicatorStyleProxy.m
[DEBUG]  Processing /Users/aboynton/Library/Application Support/Titanium/mobilesdk/osx/4.1.0.GA/iphone/Classes/TiUIiPhoneStatusBarProxy.h
[DEBUG]  Processing /Users/aboynton/Library/Application Support/Titanium/mobilesdk/osx/4.1.0.GA/iphone/Classes/TiUIiPhoneStatusBarProxy.m
[DEBUG]  Processing /Users/aboynton/Library/Application Support/Titanium/mobilesdk/osx/4.1.0.GA/iphone/Classes/TiUIiPhoneSystemButtonProxy.h
[DEBUG]  Processing /Users/aboynton/Library/Application Support/Titanium/mobilesdk/osx/4.1.0.GA/iphone/Classes/TiUIiPhoneSystemButtonProxy.m
[DEBUG]  Processing /Users/aboynton/Library/Application Support/Titanium/mobilesdk/osx/4.1.0.GA/iphone/Classes/TiUIiPhoneSystemButtonStyleProxy.h
[DEBUG]  Processing /Users/aboynton/Library/Application Support/Titanium/mobilesdk/osx/4.1.0.GA/iphone/Classes/TiUIiPhoneSystemButtonStyleProxy.m
[DEBUG]  Processing /Users/aboynton/Library/Application Support/Titanium/mobilesdk/osx/4.1.0.GA/iphone/Classes/TiUIiPhoneSystemIconProxy.h
[DEBUG]  Processing /Users/aboynton/Library/Application Support/Titanium/mobilesdk/osx/4.1.0.GA/iphone/Classes/TiUIiPhoneSystemIconProxy.m
[DEBUG]  Processing /Users/aboynton/Library/Application Support/Titanium/mobilesdk/osx/4.1.0.GA/iphone/Classes/TiUIiPhoneTableViewCellSelectionStyleProxy.h
[DEBUG]  Processing /Users/aboynton/Library/Application Support/Titanium/mobilesdk/osx/4.1.0.GA/iphone/Classes/TiUIiPhoneTableViewCellSelectionStyleProxy.m
[DEBUG]  Processing /Users/aboynton/Library/Application Support/Titanium/mobilesdk/osx/4.1.0.GA/iphone/Classes/TiUIiPhoneTableViewScrollPositionProxy.h
[DEBUG]  Processing /Users/aboynton/Library/Application Support/Titanium/mobilesdk/osx/4.1.0.GA/iphone/Classes/TiUIiPhoneTableViewScrollPositionProxy.m
[DEBUG]  Processing /Users/aboynton/Library/Application Support/Titanium/mobilesdk/osx/4.1.0.GA/iphone/Classes/TiUIiPhoneTableViewSeparatorStyleProxy.h
[DEBUG]  Processing /Users/aboynton/Library/Application Support/Titanium/mobilesdk/osx/4.1.0.GA/iphone/Classes/TiUIiPhoneTableViewSeparatorStyleProxy.m
[DEBUG]  Processing /Users/aboynton/Library/Application Support/Titanium/mobilesdk/osx/4.1.0.GA/iphone/Classes/TiUIiPhoneTableViewStyleProxy.h
[DEBUG]  Processing /Users/aboynton/Library/Application Support/Titanium/mobilesdk/osx/4.1.0.GA/iphone/Classes/TiUIiPhoneTableViewStyleProxy.m
[DEBUG]  Processing /Users/aboynton/Library/Application Support/Titanium/mobilesdk/osx/4.1.0.GA/iphone/Classes/TiUtils.h
[DEBUG]  Processing /Users/aboynton/Library/Application Support/Titanium/mobilesdk/osx/4.1.0.GA/iphone/Classes/TiUtils.m
[DEBUG]  Processing /Users/aboynton/Library/Application Support/Titanium/mobilesdk/osx/4.1.0.GA/iphone/Classes/TiViewAttachBehavior.h
[DEBUG]  Processing /Users/aboynton/Library/Application Support/Titanium/mobilesdk/osx/4.1.0.GA/iphone/Classes/TiViewAttachBehavior.m
[DEBUG]  Processing /Users/aboynton/Library/Application Support/Titanium/mobilesdk/osx/4.1.0.GA/iphone/Classes/TiViewController.h
[DEBUG]  Processing /Users/aboynton/Library/Application Support/Titanium/mobilesdk/osx/4.1.0.GA/iphone/Classes/TiViewController.m
[DEBUG]  Processing /Users/aboynton/Library/Application Support/Titanium/mobilesdk/osx/4.1.0.GA/iphone/Classes/TiViewProxy.h
[DEBUG]  Processing /Users/aboynton/Library/Application Support/Titanium/mobilesdk/osx/4.1.0.GA/iphone/Classes/TiViewProxy.m
[DEBUG]  Processing /Users/aboynton/Library/Application Support/Titanium/mobilesdk/osx/4.1.0.GA/iphone/Classes/TiViewTemplate.h
[DEBUG]  Processing /Users/aboynton/Library/Application Support/Titanium/mobilesdk/osx/4.1.0.GA/iphone/Classes/TiViewTemplate.m
[DEBUG]  Processing /Users/aboynton/Library/Application Support/Titanium/mobilesdk/osx/4.1.0.GA/iphone/Classes/TiWindowProxy.h
[DEBUG]  Processing /Users/aboynton/Library/Application Support/Titanium/mobilesdk/osx/4.1.0.GA/iphone/Classes/TiWindowProxy.m
[DEBUG]  Processing /Users/aboynton/Library/Application Support/Titanium/mobilesdk/osx/4.1.0.GA/iphone/Classes/TopTiModule.h
[DEBUG]  Processing /Users/aboynton/Library/Application Support/Titanium/mobilesdk/osx/4.1.0.GA/iphone/Classes/TopTiModule.m
[DEBUG]  Processing /Users/aboynton/Library/Application Support/Titanium/mobilesdk/osx/4.1.0.GA/iphone/Classes/UIImage+Alpha.h
[DEBUG]  Processing /Users/aboynton/Library/Application Support/Titanium/mobilesdk/osx/4.1.0.GA/iphone/Classes/UIImage+Alpha.m
[DEBUG]  Processing /Users/aboynton/Library/Application Support/Titanium/mobilesdk/osx/4.1.0.GA/iphone/Classes/UIImage+Resize.h
[DEBUG]  Processing /Users/aboynton/Library/Application Support/Titanium/mobilesdk/osx/4.1.0.GA/iphone/Classes/UIImage+Resize.m
[DEBUG]  Processing /Users/aboynton/Library/Application Support/Titanium/mobilesdk/osx/4.1.0.GA/iphone/Classes/UIImage+RoundedCorner.h
[DEBUG]  Processing /Users/aboynton/Library/Application Support/Titanium/mobilesdk/osx/4.1.0.GA/iphone/Classes/UIImage+RoundedCorner.m
[DEBUG]  Processing /Users/aboynton/Library/Application Support/Titanium/mobilesdk/osx/4.1.0.GA/iphone/Classes/UIModule.h
[DEBUG]  Processing /Users/aboynton/Library/Application Support/Titanium/mobilesdk/osx/4.1.0.GA/iphone/Classes/UIModule.m
[DEBUG]  Processing /Users/aboynton/Library/Application Support/Titanium/mobilesdk/osx/4.1.0.GA/iphone/Classes/UtilsModule.h
[DEBUG]  Processing /Users/aboynton/Library/Application Support/Titanium/mobilesdk/osx/4.1.0.GA/iphone/Classes/UtilsModule.m
[DEBUG]  Processing /Users/aboynton/Library/Application Support/Titanium/mobilesdk/osx/4.1.0.GA/iphone/Classes/WebFont.h
[DEBUG]  Processing /Users/aboynton/Library/Application Support/Titanium/mobilesdk/osx/4.1.0.GA/iphone/Classes/WebFont.m
[DEBUG]  Processing /Users/aboynton/Library/Application Support/Titanium/mobilesdk/osx/4.1.0.GA/iphone/Classes/Webcolor.h
[DEBUG]  Processing /Users/aboynton/Library/Application Support/Titanium/mobilesdk/osx/4.1.0.GA/iphone/Classes/Webcolor.m
[DEBUG]  Processing /Users/aboynton/Library/Application Support/Titanium/mobilesdk/osx/4.1.0.GA/iphone/Classes/XHRBridge.h
[DEBUG]  Processing /Users/aboynton/Library/Application Support/Titanium/mobilesdk/osx/4.1.0.GA/iphone/Classes/XHRBridge.m
[DEBUG]  Processing /Users/aboynton/Library/Application Support/Titanium/mobilesdk/osx/4.1.0.GA/iphone/Classes/XMLModule.h
[DEBUG]  Processing /Users/aboynton/Library/Application Support/Titanium/mobilesdk/osx/4.1.0.GA/iphone/Classes/XMLModule.m
[DEBUG]  Processing /Users/aboynton/Library/Application Support/Titanium/mobilesdk/osx/4.1.0.GA/iphone/Classes/YahooModule.h
[DEBUG]  Processing /Users/aboynton/Library/Application Support/Titanium/mobilesdk/osx/4.1.0.GA/iphone/Classes/YahooModule.m
[DEBUG]  Processing /Users/aboynton/Library/Application Support/Titanium/mobilesdk/osx/4.1.0.GA/iphone/Classes/defines.h
[DEBUG]  Copying /Users/aboynton/Library/Application Support/Titanium/mobilesdk/osx/4.1.0.GA/iphone/headers => /Users/aboynton/Desktop/AVF1508/Week3Project/build/iphone/headers
[DEBUG]  Copying /Users/aboynton/Library/Application Support/Titanium/mobilesdk/osx/4.1.0.GA/iphone/headers/JavaScriptCore => /Users/aboynton/Desktop/AVF1508/Week3Project/build/iphone/headers/JavaScriptCore
[DEBUG]  Processing /Users/aboynton/Library/Application Support/Titanium/mobilesdk/osx/4.1.0.GA/iphone/headers/JavaScriptCore/Ti.h
[DEBUG]  Processing /Users/aboynton/Library/Application Support/Titanium/mobilesdk/osx/4.1.0.GA/iphone/headers/JavaScriptCore/TiBase.h
[DEBUG]  Processing /Users/aboynton/Library/Application Support/Titanium/mobilesdk/osx/4.1.0.GA/iphone/headers/JavaScriptCore/TiContext.h
[DEBUG]  Processing /Users/aboynton/Library/Application Support/Titanium/mobilesdk/osx/4.1.0.GA/iphone/headers/JavaScriptCore/TiContextRef.h
[DEBUG]  Processing /Users/aboynton/Library/Application Support/Titanium/mobilesdk/osx/4.1.0.GA/iphone/headers/JavaScriptCore/TiExport.h
[DEBUG]  Processing /Users/aboynton/Library/Application Support/Titanium/mobilesdk/osx/4.1.0.GA/iphone/headers/JavaScriptCore/TiManagedValue.h
[DEBUG]  Processing /Users/aboynton/Library/Application Support/Titanium/mobilesdk/osx/4.1.0.GA/iphone/headers/JavaScriptCore/TiObjectRef.h
[DEBUG]  Processing /Users/aboynton/Library/Application Support/Titanium/mobilesdk/osx/4.1.0.GA/iphone/headers/JavaScriptCore/TiStringRef.h
[DEBUG]  Processing /Users/aboynton/Library/Application Support/Titanium/mobilesdk/osx/4.1.0.GA/iphone/headers/JavaScriptCore/TiStringRefCF.h
[DEBUG]  Processing /Users/aboynton/Library/Application Support/Titanium/mobilesdk/osx/4.1.0.GA/iphone/headers/JavaScriptCore/TiValue.h
[DEBUG]  Processing /Users/aboynton/Library/Application Support/Titanium/mobilesdk/osx/4.1.0.GA/iphone/headers/JavaScriptCore/TiValueRef.h
[DEBUG]  Processing /Users/aboynton/Library/Application Support/Titanium/mobilesdk/osx/4.1.0.GA/iphone/headers/JavaScriptCore/TiVirtualMachine.h
[DEBUG]  Processing /Users/aboynton/Library/Application Support/Titanium/mobilesdk/osx/4.1.0.GA/iphone/headers/JavaScriptCore/WebKitAvailability.h
[DEBUG]  Copying /Users/aboynton/Library/Application Support/Titanium/mobilesdk/osx/4.1.0.GA/iphone/iphone/Titanium_Prefix.pch => /Users/aboynton/Desktop/AVF1508/Week3Project/build/iphone/Week3Project_Prefix.pch
[INFO]   Creating Xcode project directory: /Users/aboynton/Desktop/AVF1508/Week3Project/build/iphone/Week3Project.xcodeproj
[INFO]   Writing Xcode project data file: Titanium.xcodeproj/project.pbxproj
[INFO]   Writing Xcode module configuration: module.xcconfig
[DEBUG]  Writing /Users/aboynton/Desktop/AVF1508/Week3Project/build/iphone/main.m
[DEBUG]  Writing application modules source file: /Users/aboynton/Desktop/AVF1508/Week3Project/build/iphone/Classes/ApplicationMods.m
[DEBUG]  Writing module xcconfig file: /Users/aboynton/Desktop/AVF1508/Week3Project/build/iphone/module.xcconfig
[INFO]   Updating Xcode project configuration: project.xcconfig
[DEBUG]  Setting Info.plist CFBundleVersion to 1.0
[DEBUG]  Setting Info.plist CFBundleShortVersionString to 1.0
[INFO]   Forcing rebuild: ApplicationDefaults.m has changed since last build
[INFO]   Writing application defaults: /Users/aboynton/Desktop/AVF1508/Week3Project/build/iphone/Classes/ApplicationDefaults.m
[DEBUG]  Copying /Users/aboynton/Library/Application Support/Titanium/mobilesdk/osx/4.1.0.GA/iphone/libtiverify.a => /Users/aboynton/Desktop/AVF1508/Week3Project/build/iphone/lib/libtiverify.a
[DEBUG]  Copying /Users/aboynton/Library/Application Support/Titanium/mobilesdk/osx/4.1.0.GA/iphone/libti_ios_debugger.a => /Users/aboynton/Desktop/AVF1508/Week3Project/build/iphone/lib/libti_ios_debugger.a
[DEBUG]  Copying /Users/aboynton/Library/Application Support/Titanium/mobilesdk/osx/4.1.0.GA/iphone/libti_ios_profiler.a => /Users/aboynton/Desktop/AVF1508/Week3Project/build/iphone/lib/libti_ios_profiler.a
[DEBUG]  Copying /Users/aboynton/Desktop/AVF1508/Week3Project/Resources/iphone/appicon.png => /Users/aboynton/Desktop/AVF1508/Week3Project/build/iphone/build/Debug-iphonesimulator/Week3Project.app/appicon.png
[INFO]   Initiating Xcode pre-compile phase
[DEBUG]  Ignoring /Users/aboynton/Desktop/AVF1508/Week3Project/Resources/.DS_Store
[DEBUG]  Symlinking /Users/aboynton/Desktop/AVF1508/Week3Project/Resources/KS_nav_ui.png => /Users/aboynton/Desktop/AVF1508/Week3Project/build/iphone/build/Debug-iphonesimulator/Week3Project.app/KS_nav_ui.png
[DEBUG]  Symlinking /Users/aboynton/Desktop/AVF1508/Week3Project/Resources/KS_nav_views.png => /Users/aboynton/Desktop/AVF1508/Week3Project/build/iphone/build/Debug-iphonesimulator/Week3Project.app/KS_nav_views.png
[DEBUG]  Ignoring /Users/aboynton/Desktop/AVF1508/Week3Project/Resources/android
[DEBUG]  Ignoring /Users/aboynton/Desktop/AVF1508/Week3Project/Resources/images/.DS_Store
[DEBUG]  Symlinking /Users/aboynton/Desktop/AVF1508/Week3Project/Resources/images/BMW_fix.jpg => /Users/aboynton/Desktop/AVF1508/Week3Project/build/iphone/build/Debug-iphonesimulator/Week3Project.app/images/BMW_fix.jpg
[DEBUG]  Symlinking /Users/aboynton/Desktop/AVF1508/Week3Project/Resources/images/Engine.png => /Users/aboynton/Desktop/AVF1508/Week3Project/build/iphone/build/Debug-iphonesimulator/Week3Project.app/images/Engine.png
[DEBUG]  Symlinking /Users/aboynton/Desktop/AVF1508/Week3Project/Resources/images/Infiniti.jpg => /Users/aboynton/Desktop/AVF1508/Week3Project/build/iphone/build/Debug-iphonesimulator/Week3Project.app/images/Infiniti.jpg
[DEBUG]  Symlinking /Users/aboynton/Desktop/AVF1508/Week3Project/Resources/images/Infiniti_1.JPG => /Users/aboynton/Desktop/AVF1508/Week3Project/build/iphone/build/Debug-iphonesimulator/Week3Project.app/images/Infiniti_1.JPG
[DEBUG]  Symlinking /Users/aboynton/Desktop/AVF1508/Week3Project/Resources/images/Infiniti_engine.jpg => /Users/aboynton/Desktop/AVF1508/Week3Project/build/iphone/build/Debug-iphonesimulator/Week3Project.app/images/Infiniti_engine.jpg
[DEBUG]  Symlinking /Users/aboynton/Desktop/AVF1508/Week3Project/Resources/images/car.9.png => /Users/aboynton/Desktop/AVF1508/Week3Project/build/iphone/build/Debug-iphonesimulator/Week3Project.app/images/car.9.png
[DEBUG]  Symlinking /Users/aboynton/Desktop/AVF1508/Week3Project/Resources/images/repair_icon.jpeg => /Users/aboynton/Desktop/AVF1508/Week3Project/build/iphone/build/Debug-iphonesimulator/Week3Project.app/images/repair_icon.jpeg
[DEBUG]  Symlinking /Users/aboynton/Desktop/AVF1508/Week3Project/Resources/images/shop1.jpg => /Users/aboynton/Desktop/AVF1508/Week3Project/build/iphone/build/Debug-iphonesimulator/Week3Project.app/images/shop1.jpg
[DEBUG]  Symlinking /Users/aboynton/Desktop/AVF1508/Week3Project/Resources/images/skidmarks.jpg => /Users/aboynton/Desktop/AVF1508/Week3Project/build/iphone/build/Debug-iphonesimulator/Week3Project.app/images/skidmarks.jpg
[DEBUG]  Symlinking /Users/aboynton/Desktop/AVF1508/Week3Project/Resources/images/skids.jpeg => /Users/aboynton/Desktop/AVF1508/Week3Project/build/iphone/build/Debug-iphonesimulator/Week3Project.app/images/skids.jpeg
[DEBUG]  Symlinking /Users/aboynton/Desktop/AVF1508/Week3Project/Resources/images/tire-tracks.png => /Users/aboynton/Desktop/AVF1508/Week3Project/build/iphone/build/Debug-iphonesimulator/Week3Project.app/images/tire-tracks.png
[DEBUG]  Ignoring /Users/aboynton/Desktop/AVF1508/Week3Project/Resources/iphone
[DEBUG]  Symlinking /Users/aboynton/Desktop/AVF1508/Week3Project/Resources/sounds/Engine_revving.wav => /Users/aboynton/Desktop/AVF1508/Week3Project/build/iphone/build/Debug-iphonesimulator/Week3Project.app/sounds/Engine_revving.wav
[DEBUG]  Copying /Users/aboynton/Desktop/AVF1508/Week3Project/Resources/iphone/Default-568h@2x.png => /Users/aboynton/Desktop/AVF1508/Week3Project/build/iphone/build/Debug-iphonesimulator/Week3Project.app/Default-568h@2x.png
[DEBUG]  Copying /Users/aboynton/Desktop/AVF1508/Week3Project/Resources/iphone/Default-667h@2x.png => /Users/aboynton/Desktop/AVF1508/Week3Project/build/iphone/build/Debug-iphonesimulator/Week3Project.app/Default-667h@2x.png
[DEBUG]  Copying /Users/aboynton/Desktop/AVF1508/Week3Project/Resources/iphone/Default-Landscape-736h@3x.png => /Users/aboynton/Desktop/AVF1508/Week3Project/build/iphone/build/Debug-iphonesimulator/Week3Project.app/Default-Landscape-736h@3x.png
[DEBUG]  Copying /Users/aboynton/Desktop/AVF1508/Week3Project/Resources/iphone/Default-Landscape.png => /Users/aboynton/Desktop/AVF1508/Week3Project/build/iphone/build/Debug-iphonesimulator/Week3Project.app/Default-Landscape.png
[DEBUG]  Copying /Users/aboynton/Desktop/AVF1508/Week3Project/Resources/iphone/Default-Landscape@2x.png => /Users/aboynton/Desktop/AVF1508/Week3Project/build/iphone/build/Debug-iphonesimulator/Week3Project.app/Default-Landscape@2x.png
[DEBUG]  Copying /Users/aboynton/Desktop/AVF1508/Week3Project/Resources/iphone/Default-Portrait-736h@3x.png => /Users/aboynton/Desktop/AVF1508/Week3Project/build/iphone/build/Debug-iphonesimulator/Week3Project.app/Default-Portrait-736h@3x.png
[DEBUG]  Copying /Users/aboynton/Desktop/AVF1508/Week3Project/Resources/iphone/Default-Portrait.png => /Users/aboynton/Desktop/AVF1508/Week3Project/build/iphone/build/Debug-iphonesimulator/Week3Project.app/Default-Portrait.png
[DEBUG]  Copying /Users/aboynton/Desktop/AVF1508/Week3Project/Resources/iphone/Default-Portrait@2x.png => /Users/aboynton/Desktop/AVF1508/Week3Project/build/iphone/build/Debug-iphonesimulator/Week3Project.app/Default-Portrait@2x.png
[DEBUG]  Copying /Users/aboynton/Desktop/AVF1508/Week3Project/Resources/iphone/Default.png => /Users/aboynton/Desktop/AVF1508/Week3Project/build/iphone/build/Debug-iphonesimulator/Week3Project.app/Default.png
[DEBUG]  Copying /Users/aboynton/Desktop/AVF1508/Week3Project/Resources/iphone/Default@2x.png => /Users/aboynton/Desktop/AVF1508/Week3Project/build/iphone/build/Debug-iphonesimulator/Week3Project.app/Default@2x.png
[DEBUG]  Copying /Users/aboynton/Desktop/AVF1508/Week3Project/Resources/iphone/appicon.png => /Users/aboynton/Desktop/AVF1508/Week3Project/build/iphone/build/Debug-iphonesimulator/Week3Project.app/appicon.png
[INFO]   Processing JavaScript files
[DEBUG]  Symlinking /Users/aboynton/Desktop/AVF1508/Week3Project/Resources/api.js => /Users/aboynton/Desktop/AVF1508/Week3Project/build/iphone/assets/api_js
[DEBUG]  Symlinking /var/folders/ng/wpzg_lm131z1tf4pkhdtnyyw0000gn/T/liveview.js => /Users/aboynton/Desktop/AVF1508/Week3Project/build/iphone/assets/app_js
[ERROR]  Failed to parse /Users/aboynton/Desktop/AVF1508/Week3Project/Resources/arrowDB.js